<?xml version="1.0" encoding="UTF-8"?>
<testsuite xmlns:xsi="http://www.w3.org/2001/XMLSchema-instance" xsi:noNamespaceSchemaLocation="https://maven.apache.org/surefire/maven-surefire-plugin/xsd/surefire-test-report-3.0.xsd" version="3.0" name="com.alibaba.json.bvt.serializer.MultiFieldIntTest_writer" time="0.528" tests="1" errors="0" skipped="0" failures="0">
  <properties>
    <property name="awt.toolkit" value="sun.awt.X11.XToolkit"/>
    <property name="java.specification.version" value="11"/>
    <property name="sun.cpu.isalist" value=""/>
    <property name="sun.jnu.encoding" value="UTF-8"/>
    <property name="java.class.path" value="/home/minghai/fastjson/target/test-classes:/home/minghai/fastjson/target/classes:/home/minghai/.m2/repository/javax/servlet/javax.servlet-api/3.1.0/javax.servlet-api-3.1.0.jar:/home/minghai/.m2/repository/javax/ws/rs/javax.ws.rs-api/2.0.1/javax.ws.rs-api-2.0.1.jar:/home/minghai/.m2/repository/org/apache/cxf/cxf-rt-transports-http/3.1.2/cxf-rt-transports-http-3.1.2.jar:/home/minghai/.m2/repository/org/apache/cxf/cxf-core/3.1.2/cxf-core-3.1.2.jar:/home/minghai/.m2/repository/org/codehaus/woodstox/woodstox-core-asl/4.4.1/woodstox-core-asl-4.4.1.jar:/home/minghai/.m2/repository/org/codehaus/woodstox/stax2-api/3.1.4/stax2-api-3.1.4.jar:/home/minghai/.m2/repository/org/apache/ws/xmlschema/xmlschema-core/2.2.1/xmlschema-core-2.2.1.jar:/home/minghai/.m2/repository/org/apache/cxf/cxf-rt-frontend-jaxrs/3.1.2/cxf-rt-frontend-jaxrs-3.1.2.jar:/home/minghai/.m2/repository/javax/annotation/javax.annotation-api/1.2/javax.annotation-api-1.2.jar:/home/minghai/.m2/repository/org/springframework/spring-websocket/4.3.7.RELEASE/spring-websocket-4.3.7.RELEASE.jar:/home/minghai/.m2/repository/org/springframework/spring-context/4.3.7.RELEASE/spring-context-4.3.7.RELEASE.jar:/home/minghai/.m2/repository/org/springframework/spring-core/4.3.7.RELEASE/spring-core-4.3.7.RELEASE.jar:/home/minghai/.m2/repository/org/springframework/spring-web/4.3.7.RELEASE/spring-web-4.3.7.RELEASE.jar:/home/minghai/.m2/repository/org/springframework/spring-webmvc/4.3.7.RELEASE/spring-webmvc-4.3.7.RELEASE.jar:/home/minghai/.m2/repository/org/springframework/spring-aop/4.3.7.RELEASE/spring-aop-4.3.7.RELEASE.jar:/home/minghai/.m2/repository/org/springframework/spring-beans/4.3.7.RELEASE/spring-beans-4.3.7.RELEASE.jar:/home/minghai/.m2/repository/org/springframework/spring-expression/4.3.7.RELEASE/spring-expression-4.3.7.RELEASE.jar:/home/minghai/.m2/repository/org/springframework/spring-messaging/4.3.7.RELEASE/spring-messaging-4.3.7.RELEASE.jar:/home/minghai/.m2/repository/org/springframework/data/spring-data-redis/1.8.6.RELEASE/spring-data-redis-1.8.6.RELEASE.jar:/home/minghai/.m2/repository/org/springframework/data/spring-data-keyvalue/1.2.6.RELEASE/spring-data-keyvalue-1.2.6.RELEASE.jar:/home/minghai/.m2/repository/org/springframework/spring-tx/4.3.10.RELEASE/spring-tx-4.3.10.RELEASE.jar:/home/minghai/.m2/repository/org/springframework/spring-oxm/4.3.10.RELEASE/spring-oxm-4.3.10.RELEASE.jar:/home/minghai/.m2/repository/org/springframework/spring-context-support/4.3.10.RELEASE/spring-context-support-4.3.10.RELEASE.jar:/home/minghai/.m2/repository/org/slf4j/slf4j-api/1.7.25/slf4j-api-1.7.25.jar:/home/minghai/.m2/repository/org/slf4j/jcl-over-slf4j/1.7.25/jcl-over-slf4j-1.7.25.jar:/home/minghai/.m2/repository/com/squareup/retrofit2/retrofit/2.5.0/retrofit-2.5.0.jar:/home/minghai/.m2/repository/com/squareup/okhttp3/okhttp/3.6.0/okhttp-3.6.0.jar:/home/minghai/.m2/repository/com/squareup/okio/okio/1.11.0/okio-1.11.0.jar:/home/minghai/.m2/repository/io/springfox/springfox-spring-web/2.6.1/springfox-spring-web-2.6.1.jar:/home/minghai/.m2/repository/com/google/guava/guava/18.0/guava-18.0.jar:/home/minghai/.m2/repository/com/fasterxml/classmate/1.3.1/classmate-1.3.1.jar:/home/minghai/.m2/repository/org/springframework/plugin/spring-plugin-core/1.2.0.RELEASE/spring-plugin-core-1.2.0.RELEASE.jar:/home/minghai/.m2/repository/org/springframework/plugin/spring-plugin-metadata/1.2.0.RELEASE/spring-plugin-metadata-1.2.0.RELEASE.jar:/home/minghai/.m2/repository/io/springfox/springfox-spi/2.6.1/springfox-spi-2.6.1.jar:/home/minghai/.m2/repository/io/springfox/springfox-core/2.6.1/springfox-core-2.6.1.jar:/home/minghai/.m2/repository/io/javaslang/javaslang/2.0.6/javaslang-2.0.6.jar:/home/minghai/.m2/repository/io/javaslang/javaslang-match/2.0.6/javaslang-match-2.0.6.jar:/home/minghai/.m2/repository/org/glassfish/jersey/core/jersey-common/2.23.2/jersey-common-2.23.2.jar:/home/minghai/.m2/repository/org/glassfish/jersey/bundles/repackaged/jersey-guava/2.23.2/jersey-guava-2.23.2.jar:/home/minghai/.m2/repository/org/glassfish/hk2/hk2-api/2.5.0-b05/hk2-api-2.5.0-b05.jar:/home/minghai/.m2/repository/org/glassfish/hk2/hk2-utils/2.5.0-b05/hk2-utils-2.5.0-b05.jar:/home/minghai/.m2/repository/org/glassfish/hk2/external/aopalliance-repackaged/2.5.0-b05/aopalliance-repackaged-2.5.0-b05.jar:/home/minghai/.m2/repository/org/glassfish/hk2/external/javax.inject/2.5.0-b05/javax.inject-2.5.0-b05.jar:/home/minghai/.m2/repository/org/glassfish/hk2/hk2-locator/2.5.0-b05/hk2-locator-2.5.0-b05.jar:/home/minghai/.m2/repository/org/glassfish/hk2/osgi-resource-locator/1.0.1/osgi-resource-locator-1.0.1.jar:/home/minghai/.m2/repository/joda-time/joda-time/2.10/joda-time-2.10.jar:/home/minghai/.m2/repository/net/sf/trove4j/core/3.1.0/core-3.1.0.jar:/home/minghai/.m2/repository/org/javamoney/moneta/moneta-core/1.3/moneta-core-1.3.jar:/home/minghai/.m2/repository/javax/money/money-api/1.0.3/money-api-1.0.3.jar:/home/minghai/.m2/repository/io/airlift/slice/0.36/slice-0.36.jar:/home/minghai/.m2/repository/org/openjdk/jol/jol-core/0.2/jol-core-0.2.jar:/home/minghai/.m2/repository/com/google/protobuf/protobuf-java/3.11.0/protobuf-java-3.11.0.jar:/home/minghai/.m2/repository/com/google/protobuf/protobuf-java-util/3.11.0/protobuf-java-util-3.11.0.jar:/home/minghai/.m2/repository/com/google/errorprone/error_prone_annotations/2.3.3/error_prone_annotations-2.3.3.jar:/home/minghai/.m2/repository/org/jacoco/jacoco-maven-plugin/0.7.6.201602180812/jacoco-maven-plugin-0.7.6.201602180812.jar:/home/minghai/.m2/repository/org/apache/maven/maven-plugin-api/2.2.1/maven-plugin-api-2.2.1.jar:/home/minghai/.m2/repository/org/apache/maven/maven-project/2.2.1/maven-project-2.2.1.jar:/home/minghai/.m2/repository/org/apache/maven/maven-settings/2.2.1/maven-settings-2.2.1.jar:/home/minghai/.m2/repository/org/apache/maven/maven-profile/2.2.1/maven-profile-2.2.1.jar:/home/minghai/.m2/repository/org/apache/maven/maven-model/2.2.1/maven-model-2.2.1.jar:/home/minghai/.m2/repository/org/apache/maven/maven-artifact-manager/2.2.1/maven-artifact-manager-2.2.1.jar:/home/minghai/.m2/repository/org/apache/maven/maven-repository-metadata/2.2.1/maven-repository-metadata-2.2.1.jar:/home/minghai/.m2/repository/org/apache/maven/wagon/wagon-provider-api/1.0-beta-6/wagon-provider-api-1.0-beta-6.jar:/home/minghai/.m2/repository/backport-util-concurrent/backport-util-concurrent/3.1/backport-util-concurrent-3.1.jar:/home/minghai/.m2/repository/org/apache/maven/maven-plugin-registry/2.2.1/maven-plugin-registry-2.2.1.jar:/home/minghai/.m2/repository/org/codehaus/plexus/plexus-interpolation/1.11/plexus-interpolation-1.11.jar:/home/minghai/.m2/repository/org/apache/maven/maven-artifact/2.2.1/maven-artifact-2.2.1.jar:/home/minghai/.m2/repository/org/codehaus/plexus/plexus-container-default/1.0-alpha-9-stable-1/plexus-container-default-1.0-alpha-9-stable-1.jar:/home/minghai/.m2/repository/classworlds/classworlds/1.1-alpha-2/classworlds-1.1-alpha-2.jar:/home/minghai/.m2/repository/org/codehaus/plexus/plexus-utils/1.5.6/plexus-utils-1.5.6.jar:/home/minghai/.m2/repository/org/apache/maven/shared/file-management/1.2.1/file-management-1.2.1.jar:/home/minghai/.m2/repository/org/apache/maven/shared/maven-shared-io/1.1/maven-shared-io-1.1.jar:/home/minghai/.m2/repository/org/apache/maven/reporting/maven-reporting-api/2.2.1/maven-reporting-api-2.2.1.jar:/home/minghai/.m2/repository/org/apache/maven/doxia/doxia-sink-api/1.1/doxia-sink-api-1.1.jar:/home/minghai/.m2/repository/org/apache/maven/doxia/doxia-logging-api/1.1/doxia-logging-api-1.1.jar:/home/minghai/.m2/repository/org/apache/maven/reporting/maven-reporting-impl/2.1/maven-reporting-impl-2.1.jar:/home/minghai/.m2/repository/org/apache/maven/doxia/doxia-core/1.1.2/doxia-core-1.1.2.jar:/home/minghai/.m2/repository/xerces/xercesImpl/2.8.1/xercesImpl-2.8.1.jar:/home/minghai/.m2/repository/commons-httpclient/commons-httpclient/3.1/commons-httpclient-3.1.jar:/home/minghai/.m2/repository/org/apache/maven/doxia/doxia-site-renderer/1.1.2/doxia-site-renderer-1.1.2.jar:/home/minghai/.m2/repository/org/apache/maven/doxia/doxia-decoration-model/1.1.2/doxia-decoration-model-1.1.2.jar:/home/minghai/.m2/repository/org/apache/maven/doxia/doxia-module-xhtml/1.1.2/doxia-module-xhtml-1.1.2.jar:/home/minghai/.m2/repository/org/apache/maven/doxia/doxia-module-fml/1.1.2/doxia-module-fml-1.1.2.jar:/home/minghai/.m2/repository/org/codehaus/plexus/plexus-i18n/1.0-beta-7/plexus-i18n-1.0-beta-7.jar:/home/minghai/.m2/repository/org/codehaus/plexus/plexus-velocity/1.1.7/plexus-velocity-1.1.7.jar:/home/minghai/.m2/repository/org/apache/velocity/velocity/1.5/velocity-1.5.jar:/home/minghai/.m2/repository/commons-validator/commons-validator/1.2.0/commons-validator-1.2.0.jar:/home/minghai/.m2/repository/commons-digester/commons-digester/1.6/commons-digester-1.6.jar:/home/minghai/.m2/repository/oro/oro/2.0.8/oro-2.0.8.jar:/home/minghai/.m2/repository/xml-apis/xml-apis/1.0.b2/xml-apis-1.0.b2.jar:/home/minghai/.m2/repository/org/jacoco/org.jacoco.agent/0.7.6.201602180812/org.jacoco.agent-0.7.6.201602180812-runtime.jar:/home/minghai/.m2/repository/org/jacoco/org.jacoco.core/0.7.6.201602180812/org.jacoco.core-0.7.6.201602180812.jar:/home/minghai/.m2/repository/org/jacoco/org.jacoco.report/0.7.6.201602180812/org.jacoco.report-0.7.6.201602180812.jar:/home/minghai/.m2/repository/org/eclipse/jetty/jetty-server/9.4.17.v20190418/jetty-server-9.4.17.v20190418.jar:/home/minghai/.m2/repository/org/eclipse/jetty/jetty-http/9.4.17.v20190418/jetty-http-9.4.17.v20190418.jar:/home/minghai/.m2/repository/org/eclipse/jetty/jetty-util/9.4.17.v20190418/jetty-util-9.4.17.v20190418.jar:/home/minghai/.m2/repository/org/eclipse/jetty/jetty-io/9.4.17.v20190418/jetty-io-9.4.17.v20190418.jar:/home/minghai/.m2/repository/org/eclipse/jetty/jetty-webapp/9.4.17.v20190418/jetty-webapp-9.4.17.v20190418.jar:/home/minghai/.m2/repository/org/eclipse/jetty/jetty-xml/9.4.17.v20190418/jetty-xml-9.4.17.v20190418.jar:/home/minghai/.m2/repository/org/eclipse/jetty/jetty-servlet/9.4.17.v20190418/jetty-servlet-9.4.17.v20190418.jar:/home/minghai/.m2/repository/org/eclipse/jetty/jetty-security/9.4.17.v20190418/jetty-security-9.4.17.v20190418.jar:/home/minghai/.m2/repository/junit/junit/4.13.1/junit-4.13.1.jar:/home/minghai/.m2/repository/org/hamcrest/hamcrest-core/1.3/hamcrest-core-1.3.jar:/home/minghai/.m2/repository/com/fasterxml/jackson/core/jackson-databind/2.10.0/jackson-databind-2.10.0.jar:/home/minghai/.m2/repository/com/fasterxml/jackson/core/jackson-annotations/2.10.0/jackson-annotations-2.10.0.jar:/home/minghai/.m2/repository/com/fasterxml/jackson/core/jackson-core/2.10.0/jackson-core-2.10.0.jar:/home/minghai/.m2/repository/com/fasterxml/jackson/module/jackson-module-afterburner/2.10.0/jackson-module-afterburner-2.10.0.jar:/home/minghai/.m2/repository/com/fasterxml/jackson/module/jackson-module-kotlin/2.9.10/jackson-module-kotlin-2.9.10.jar:/home/minghai/.m2/repository/cglib/cglib-nodep/2.2.2/cglib-nodep-2.2.2.jar:/home/minghai/.m2/repository/com/fasterxml/jackson/jaxrs/jackson-jaxrs-json-provider/2.9.10/jackson-jaxrs-json-provider-2.9.10.jar:/home/minghai/.m2/repository/com/fasterxml/jackson/jaxrs/jackson-jaxrs-base/2.9.10/jackson-jaxrs-base-2.9.10.jar:/home/minghai/.m2/repository/com/fasterxml/jackson/module/jackson-module-jaxb-annotations/2.9.10/jackson-module-jaxb-annotations-2.9.10.jar:/home/minghai/.m2/repository/com/googlecode/json-simple/json-simple/1.1.1/json-simple-1.1.1.jar:/home/minghai/.m2/repository/commons-io/commons-io/2.7/commons-io-2.7.jar:/home/minghai/.m2/repository/net/sf/json-lib/json-lib/2.4/json-lib-2.4-jdk15.jar:/home/minghai/.m2/repository/commons-beanutils/commons-beanutils/1.8.0/commons-beanutils-1.8.0.jar:/home/minghai/.m2/repository/commons-collections/commons-collections/3.2.1/commons-collections-3.2.1.jar:/home/minghai/.m2/repository/commons-lang/commons-lang/2.5/commons-lang-2.5.jar:/home/minghai/.m2/repository/commons-logging/commons-logging/1.1.1/commons-logging-1.1.1.jar:/home/minghai/.m2/repository/net/sf/ezmorph/ezmorph/1.0.6/ezmorph-1.0.6.jar:/home/minghai/.m2/repository/com/google/code/gson/gson/2.6.2/gson-2.6.2.jar:/home/minghai/.m2/repository/net/minidev/json-smart/2.4.1/json-smart-2.4.1.jar:/home/minghai/.m2/repository/net/minidev/accessors-smart/1.3/accessors-smart-1.3.jar:/home/minghai/.m2/repository/org/clojure/clojure/1.5.1/clojure-1.5.1.jar:/home/minghai/.m2/repository/org/codehaus/groovy/groovy/2.1.5/groovy-2.1.5.jar:/home/minghai/.m2/repository/antlr/antlr/2.7.7/antlr-2.7.7.jar:/home/minghai/.m2/repository/org/ow2/asm/asm-tree/4.0/asm-tree-4.0.jar:/home/minghai/.m2/repository/org/ow2/asm/asm-commons/4.0/asm-commons-4.0.jar:/home/minghai/.m2/repository/org/ow2/asm/asm/4.0/asm-4.0.jar:/home/minghai/.m2/repository/org/ow2/asm/asm-util/4.0/asm-util-4.0.jar:/home/minghai/.m2/repository/org/ow2/asm/asm-analysis/4.0/asm-analysis-4.0.jar:/home/minghai/.m2/repository/org/springframework/spring-test/4.3.7.RELEASE/spring-test-4.3.7.RELEASE.jar:/home/minghai/.m2/repository/org/javassist/javassist/3.18.0-GA/javassist-3.18.0-GA.jar:/home/minghai/.m2/repository/org/apache/cxf/cxf-rt-rs-client/3.1.2/cxf-rt-rs-client-3.1.2.jar:/home/minghai/.m2/repository/org/springframework/data/spring-data-commons/2.1.2.RELEASE/spring-data-commons-2.1.2.RELEASE.jar:/home/minghai/.m2/repository/org/glassfish/jersey/containers/jersey-container-servlet/2.23.2/jersey-container-servlet-2.23.2.jar:/home/minghai/.m2/repository/org/glassfish/jersey/containers/jersey-container-servlet-core/2.23.2/jersey-container-servlet-core-2.23.2.jar:/home/minghai/.m2/repository/org/glassfish/jersey/core/jersey-server/2.23.2/jersey-server-2.23.2.jar:/home/minghai/.m2/repository/org/glassfish/jersey/media/jersey-media-jaxb/2.23.2/jersey-media-jaxb-2.23.2.jar:/home/minghai/.m2/repository/javax/validation/validation-api/1.1.0.Final/validation-api-1.1.0.Final.jar:/home/minghai/.m2/repository/org/glassfish/jersey/core/jersey-client/2.23.2/jersey-client-2.23.2.jar:/home/minghai/.m2/repository/org/glassfish/jersey/test-framework/providers/jersey-test-framework-provider-jdk-http/2.23.2/jersey-test-framework-provider-jdk-http-2.23.2.jar:/home/minghai/.m2/repository/org/glassfish/jersey/test-framework/jersey-test-framework-core/2.23.2/jersey-test-framework-core-2.23.2.jar:/home/minghai/.m2/repository/org/glassfish/jersey/containers/jersey-container-jdk-http/2.23.2/jersey-container-jdk-http-2.23.2.jar:/home/minghai/.m2/repository/org/ow2/asm/asm-debug-all/5.0.4/asm-debug-all-5.0.4.jar:/home/minghai/.m2/repository/org/glassfish/jersey/media/jersey-media-json-jackson/2.23.2/jersey-media-json-jackson-2.23.2.jar:/home/minghai/.m2/repository/org/glassfish/jersey/ext/jersey-entity-filtering/2.23.2/jersey-entity-filtering-2.23.2.jar:/home/minghai/.m2/repository/com/jsoniter/jsoniter/0.9.8/jsoniter-0.9.8.jar:/home/minghai/.m2/repository/org/apache/commons/commons-lang3/3.5/commons-lang3-3.5.jar:/home/minghai/.m2/repository/org/hibernate/hibernate-core/5.2.10.Final/hibernate-core-5.2.10.Final.jar:/home/minghai/.m2/repository/org/jboss/logging/jboss-logging/3.3.0.Final/jboss-logging-3.3.0.Final.jar:/home/minghai/.m2/repository/org/hibernate/javax/persistence/hibernate-jpa-2.1-api/1.0.0.Final/hibernate-jpa-2.1-api-1.0.0.Final.jar:/home/minghai/.m2/repository/org/jboss/spec/javax/transaction/jboss-transaction-api_1.2_spec/1.0.1.Final/jboss-transaction-api_1.2_spec-1.0.1.Final.jar:/home/minghai/.m2/repository/org/jboss/jandex/2.0.3.Final/jandex-2.0.3.Final.jar:/home/minghai/.m2/repository/dom4j/dom4j/1.6.1/dom4j-1.6.1.jar:/home/minghai/.m2/repository/org/hibernate/common/hibernate-commons-annotations/5.0.1.Final/hibernate-commons-annotations-5.0.1.Final.jar:/home/minghai/.m2/repository/com/jayway/jsonpath/json-path/2.3.0/json-path-2.3.0.jar:/home/minghai/.m2/repository/org/jetbrains/kotlin/kotlin-stdlib/1.4.21/kotlin-stdlib-1.4.21.jar:/home/minghai/.m2/repository/org/jetbrains/kotlin/kotlin-stdlib-common/1.4.21/kotlin-stdlib-common-1.4.21.jar:/home/minghai/.m2/repository/org/jetbrains/annotations/13.0/annotations-13.0.jar:/home/minghai/.m2/repository/org/jetbrains/kotlin/kotlin-reflect/1.4.21/kotlin-reflect-1.4.21.jar:/home/minghai/.m2/repository/org/springframework/security/spring-security-web/5.2.10.RELEASE/spring-security-web-5.2.10.RELEASE.jar:/home/minghai/.m2/repository/org/springframework/security/spring-security-core/5.2.10.RELEASE/spring-security-core-5.2.10.RELEASE.jar:/home/minghai/.m2/repository/org/apache/commons/commons-collections4/4.1/commons-collections4-4.1.jar:/home/minghai/.m2/repository/org/mockito/mockito-all/1.10.19/mockito-all-1.10.19.jar:/home/minghai/.m2/repository/org/powermock/powermock-module-junit4/1.6.6/powermock-module-junit4-1.6.6.jar:/home/minghai/.m2/repository/org/powermock/powermock-module-junit4-common/1.6.6/powermock-module-junit4-common-1.6.6.jar:/home/minghai/.m2/repository/org/powermock/powermock-core/1.6.6/powermock-core-1.6.6.jar:/home/minghai/.m2/repository/org/powermock/powermock-reflect/1.6.6/powermock-reflect-1.6.6.jar:/home/minghai/.m2/repository/com/diffblue/deeptestutils/1.1.0/deeptestutils-1.1.0.jar:/home/minghai/.m2/repository/org/objenesis/objenesis/2.5.1/objenesis-2.5.1.jar:/home/minghai/.m2/repository/org/powermock/powermock-api-mockito/1.6.6/powermock-api-mockito-1.6.6.jar:/home/minghai/.m2/repository/org/mockito/mockito-core/1.10.19/mockito-core-1.10.19.jar:/home/minghai/.m2/repository/org/powermock/powermock-api-mockito-common/1.6.6/powermock-api-mockito-common-1.6.6.jar:/home/minghai/.m2/repository/org/powermock/powermock-api-support/1.6.6/powermock-api-support-1.6.6.jar:/home/minghai/.m2/repository/org/projectlombok/lombok/1.18.4/lombok-1.18.4.jar:/home/minghai/.m2/repository/org/openjdk/jmh/jmh-core/1.21/jmh-core-1.21.jar:/home/minghai/.m2/repository/net/sf/jopt-simple/jopt-simple/4.6/jopt-simple-4.6.jar:/home/minghai/.m2/repository/org/apache/commons/commons-math3/3.2/commons-math3-3.2.jar:/home/minghai/.m2/repository/org/openjdk/jmh/jmh-generator-annprocess/1.21/jmh-generator-annprocess-1.21.jar:/home/minghai/.m2/repository/org/springframework/security/oauth/spring-security-oauth2/2.3.5.RELEASE/spring-security-oauth2-2.3.5.RELEASE.jar:/home/minghai/.m2/repository/org/springframework/security/spring-security-config/3.2.10.RELEASE/spring-security-config-3.2.10.RELEASE.jar:/home/minghai/.m2/repository/aopalliance/aopalliance/1.0/aopalliance-1.0.jar:/home/minghai/.m2/repository/org/codehaus/jackson/jackson-mapper-asl/1.9.13/jackson-mapper-asl-1.9.13.jar:/home/minghai/.m2/repository/org/codehaus/jackson/jackson-core-asl/1.9.13/jackson-core-asl-1.9.13.jar:/home/minghai/.m2/repository/org/gitlab4j/gitlab4j-api/4.8.42/gitlab4j-api-4.8.42.jar:/home/minghai/.m2/repository/javax/xml/bind/jaxb-api/2.3.0/jaxb-api-2.3.0.jar:/home/minghai/.m2/repository/com/sun/activation/javax.activation/1.2.0/javax.activation-1.2.0.jar:/home/minghai/.m2/repository/org/glassfish/jersey/inject/jersey-hk2/2.27/jersey-hk2-2.27.jar:/home/minghai/.m2/repository/org/glassfish/jersey/connectors/jersey-apache-connector/2.27/jersey-apache-connector-2.27.jar:/home/minghai/.m2/repository/org/apache/httpcomponents/httpclient/4.5/httpclient-4.5.jar:/home/minghai/.m2/repository/org/apache/httpcomponents/httpcore/4.4.1/httpcore-4.4.1.jar:/home/minghai/.m2/repository/org/glassfish/jersey/media/jersey-media-multipart/2.27/jersey-media-multipart-2.27.jar:/home/minghai/.m2/repository/org/jvnet/mimepull/mimepull/1.9.6/mimepull-1.9.6.jar:/home/minghai/.m2/repository/org/json/json/20180130/json-20180130.jar:/home/minghai/.m2/repository/com/chinamobile/cmos/sms-core/2.1.9/sms-core-2.1.9.jar:/home/minghai/.m2/repository/de/ruedigermoeller/fst/2.48-jdk-6/fst-2.48-jdk-6.jar:/home/minghai/.m2/repository/com/cedarsoftware/java-util/1.9.0/java-util-1.9.0.jar:/home/minghai/.m2/repository/commons-codec/commons-codec/1.11/commons-codec-1.11.jar:/home/minghai/.m2/repository/io/netty/netty-transport/4.1.33.Final/netty-transport-4.1.33.Final.jar:/home/minghai/.m2/repository/io/netty/netty-common/4.1.33.Final/netty-common-4.1.33.Final.jar:/home/minghai/.m2/repository/io/netty/netty-buffer/4.1.33.Final/netty-buffer-4.1.33.Final.jar:/home/minghai/.m2/repository/io/netty/netty-resolver/4.1.33.Final/netty-resolver-4.1.33.Final.jar:/home/minghai/.m2/repository/io/netty/netty-codec/4.1.33.Final/netty-codec-4.1.33.Final.jar:/home/minghai/.m2/repository/io/netty/netty-handler-proxy/4.1.33.Final/netty-handler-proxy-4.1.33.Final.jar:/home/minghai/.m2/repository/io/netty/netty-codec-socks/4.1.33.Final/netty-codec-socks-4.1.33.Final.jar:/home/minghai/.m2/repository/io/netty/netty-codec-http/4.1.33.Final/netty-codec-http-4.1.33.Final.jar:/home/minghai/.m2/repository/io/netty/netty-handler/4.1.33.Final/netty-handler-4.1.33.Final.jar:/home/minghai/.m2/repository/com/sleepycat/je/5.0.73/je-5.0.73.jar:"/>
    <property name="java.vm.vendor" value="Ubuntu"/>
    <property name="sun.arch.data.model" value="64"/>
    <property name="sun.font.fontmanager" value="sun.awt.X11FontManager"/>
    <property name="java.vendor.url" value="https://ubuntu.com/"/>
    <property name="user.timezone" value="Asia/Shanghai"/>
    <property name="java.vm.specification.version" value="11"/>
    <property name="os.name" value="Linux"/>
    <property name="sun.java.launcher" value="SUN_STANDARD"/>
    <property name="sun.boot.library.path" value="/usr/lib/jvm/java-11-openjdk-amd64/lib"/>
    <property name="sun.java.command" value="/home/minghai/fastjson/target/surefire/surefirebooter13690489114650080000.jar /home/minghai/fastjson/target/surefire 2021-12-14T14-42-58_192-jvmRun1 surefire7025107674736680512tmp surefire_017866156249269059913tmp"/>
    <property name="jdk.debug" value="release"/>
    <property name="surefire.test.class.path" value="/home/minghai/fastjson/target/test-classes:/home/minghai/fastjson/target/classes:/home/minghai/.m2/repository/javax/servlet/javax.servlet-api/3.1.0/javax.servlet-api-3.1.0.jar:/home/minghai/.m2/repository/javax/ws/rs/javax.ws.rs-api/2.0.1/javax.ws.rs-api-2.0.1.jar:/home/minghai/.m2/repository/org/apache/cxf/cxf-rt-transports-http/3.1.2/cxf-rt-transports-http-3.1.2.jar:/home/minghai/.m2/repository/org/apache/cxf/cxf-core/3.1.2/cxf-core-3.1.2.jar:/home/minghai/.m2/repository/org/codehaus/woodstox/woodstox-core-asl/4.4.1/woodstox-core-asl-4.4.1.jar:/home/minghai/.m2/repository/org/codehaus/woodstox/stax2-api/3.1.4/stax2-api-3.1.4.jar:/home/minghai/.m2/repository/org/apache/ws/xmlschema/xmlschema-core/2.2.1/xmlschema-core-2.2.1.jar:/home/minghai/.m2/repository/org/apache/cxf/cxf-rt-frontend-jaxrs/3.1.2/cxf-rt-frontend-jaxrs-3.1.2.jar:/home/minghai/.m2/repository/javax/annotation/javax.annotation-api/1.2/javax.annotation-api-1.2.jar:/home/minghai/.m2/repository/org/springframework/spring-websocket/4.3.7.RELEASE/spring-websocket-4.3.7.RELEASE.jar:/home/minghai/.m2/repository/org/springframework/spring-context/4.3.7.RELEASE/spring-context-4.3.7.RELEASE.jar:/home/minghai/.m2/repository/org/springframework/spring-core/4.3.7.RELEASE/spring-core-4.3.7.RELEASE.jar:/home/minghai/.m2/repository/org/springframework/spring-web/4.3.7.RELEASE/spring-web-4.3.7.RELEASE.jar:/home/minghai/.m2/repository/org/springframework/spring-webmvc/4.3.7.RELEASE/spring-webmvc-4.3.7.RELEASE.jar:/home/minghai/.m2/repository/org/springframework/spring-aop/4.3.7.RELEASE/spring-aop-4.3.7.RELEASE.jar:/home/minghai/.m2/repository/org/springframework/spring-beans/4.3.7.RELEASE/spring-beans-4.3.7.RELEASE.jar:/home/minghai/.m2/repository/org/springframework/spring-expression/4.3.7.RELEASE/spring-expression-4.3.7.RELEASE.jar:/home/minghai/.m2/repository/org/springframework/spring-messaging/4.3.7.RELEASE/spring-messaging-4.3.7.RELEASE.jar:/home/minghai/.m2/repository/org/springframework/data/spring-data-redis/1.8.6.RELEASE/spring-data-redis-1.8.6.RELEASE.jar:/home/minghai/.m2/repository/org/springframework/data/spring-data-keyvalue/1.2.6.RELEASE/spring-data-keyvalue-1.2.6.RELEASE.jar:/home/minghai/.m2/repository/org/springframework/spring-tx/4.3.10.RELEASE/spring-tx-4.3.10.RELEASE.jar:/home/minghai/.m2/repository/org/springframework/spring-oxm/4.3.10.RELEASE/spring-oxm-4.3.10.RELEASE.jar:/home/minghai/.m2/repository/org/springframework/spring-context-support/4.3.10.RELEASE/spring-context-support-4.3.10.RELEASE.jar:/home/minghai/.m2/repository/org/slf4j/slf4j-api/1.7.25/slf4j-api-1.7.25.jar:/home/minghai/.m2/repository/org/slf4j/jcl-over-slf4j/1.7.25/jcl-over-slf4j-1.7.25.jar:/home/minghai/.m2/repository/com/squareup/retrofit2/retrofit/2.5.0/retrofit-2.5.0.jar:/home/minghai/.m2/repository/com/squareup/okhttp3/okhttp/3.6.0/okhttp-3.6.0.jar:/home/minghai/.m2/repository/com/squareup/okio/okio/1.11.0/okio-1.11.0.jar:/home/minghai/.m2/repository/io/springfox/springfox-spring-web/2.6.1/springfox-spring-web-2.6.1.jar:/home/minghai/.m2/repository/com/google/guava/guava/18.0/guava-18.0.jar:/home/minghai/.m2/repository/com/fasterxml/classmate/1.3.1/classmate-1.3.1.jar:/home/minghai/.m2/repository/org/springframework/plugin/spring-plugin-core/1.2.0.RELEASE/spring-plugin-core-1.2.0.RELEASE.jar:/home/minghai/.m2/repository/org/springframework/plugin/spring-plugin-metadata/1.2.0.RELEASE/spring-plugin-metadata-1.2.0.RELEASE.jar:/home/minghai/.m2/repository/io/springfox/springfox-spi/2.6.1/springfox-spi-2.6.1.jar:/home/minghai/.m2/repository/io/springfox/springfox-core/2.6.1/springfox-core-2.6.1.jar:/home/minghai/.m2/repository/io/javaslang/javaslang/2.0.6/javaslang-2.0.6.jar:/home/minghai/.m2/repository/io/javaslang/javaslang-match/2.0.6/javaslang-match-2.0.6.jar:/home/minghai/.m2/repository/org/glassfish/jersey/core/jersey-common/2.23.2/jersey-common-2.23.2.jar:/home/minghai/.m2/repository/org/glassfish/jersey/bundles/repackaged/jersey-guava/2.23.2/jersey-guava-2.23.2.jar:/home/minghai/.m2/repository/org/glassfish/hk2/hk2-api/2.5.0-b05/hk2-api-2.5.0-b05.jar:/home/minghai/.m2/repository/org/glassfish/hk2/hk2-utils/2.5.0-b05/hk2-utils-2.5.0-b05.jar:/home/minghai/.m2/repository/org/glassfish/hk2/external/aopalliance-repackaged/2.5.0-b05/aopalliance-repackaged-2.5.0-b05.jar:/home/minghai/.m2/repository/org/glassfish/hk2/external/javax.inject/2.5.0-b05/javax.inject-2.5.0-b05.jar:/home/minghai/.m2/repository/org/glassfish/hk2/hk2-locator/2.5.0-b05/hk2-locator-2.5.0-b05.jar:/home/minghai/.m2/repository/org/glassfish/hk2/osgi-resource-locator/1.0.1/osgi-resource-locator-1.0.1.jar:/home/minghai/.m2/repository/joda-time/joda-time/2.10/joda-time-2.10.jar:/home/minghai/.m2/repository/net/sf/trove4j/core/3.1.0/core-3.1.0.jar:/home/minghai/.m2/repository/org/javamoney/moneta/moneta-core/1.3/moneta-core-1.3.jar:/home/minghai/.m2/repository/javax/money/money-api/1.0.3/money-api-1.0.3.jar:/home/minghai/.m2/repository/io/airlift/slice/0.36/slice-0.36.jar:/home/minghai/.m2/repository/org/openjdk/jol/jol-core/0.2/jol-core-0.2.jar:/home/minghai/.m2/repository/com/google/protobuf/protobuf-java/3.11.0/protobuf-java-3.11.0.jar:/home/minghai/.m2/repository/com/google/protobuf/protobuf-java-util/3.11.0/protobuf-java-util-3.11.0.jar:/home/minghai/.m2/repository/com/google/errorprone/error_prone_annotations/2.3.3/error_prone_annotations-2.3.3.jar:/home/minghai/.m2/repository/org/jacoco/jacoco-maven-plugin/0.7.6.201602180812/jacoco-maven-plugin-0.7.6.201602180812.jar:/home/minghai/.m2/repository/org/apache/maven/maven-plugin-api/2.2.1/maven-plugin-api-2.2.1.jar:/home/minghai/.m2/repository/org/apache/maven/maven-project/2.2.1/maven-project-2.2.1.jar:/home/minghai/.m2/repository/org/apache/maven/maven-settings/2.2.1/maven-settings-2.2.1.jar:/home/minghai/.m2/repository/org/apache/maven/maven-profile/2.2.1/maven-profile-2.2.1.jar:/home/minghai/.m2/repository/org/apache/maven/maven-model/2.2.1/maven-model-2.2.1.jar:/home/minghai/.m2/repository/org/apache/maven/maven-artifact-manager/2.2.1/maven-artifact-manager-2.2.1.jar:/home/minghai/.m2/repository/org/apache/maven/maven-repository-metadata/2.2.1/maven-repository-metadata-2.2.1.jar:/home/minghai/.m2/repository/org/apache/maven/wagon/wagon-provider-api/1.0-beta-6/wagon-provider-api-1.0-beta-6.jar:/home/minghai/.m2/repository/backport-util-concurrent/backport-util-concurrent/3.1/backport-util-concurrent-3.1.jar:/home/minghai/.m2/repository/org/apache/maven/maven-plugin-registry/2.2.1/maven-plugin-registry-2.2.1.jar:/home/minghai/.m2/repository/org/codehaus/plexus/plexus-interpolation/1.11/plexus-interpolation-1.11.jar:/home/minghai/.m2/repository/org/apache/maven/maven-artifact/2.2.1/maven-artifact-2.2.1.jar:/home/minghai/.m2/repository/org/codehaus/plexus/plexus-container-default/1.0-alpha-9-stable-1/plexus-container-default-1.0-alpha-9-stable-1.jar:/home/minghai/.m2/repository/classworlds/classworlds/1.1-alpha-2/classworlds-1.1-alpha-2.jar:/home/minghai/.m2/repository/org/codehaus/plexus/plexus-utils/1.5.6/plexus-utils-1.5.6.jar:/home/minghai/.m2/repository/org/apache/maven/shared/file-management/1.2.1/file-management-1.2.1.jar:/home/minghai/.m2/repository/org/apache/maven/shared/maven-shared-io/1.1/maven-shared-io-1.1.jar:/home/minghai/.m2/repository/org/apache/maven/reporting/maven-reporting-api/2.2.1/maven-reporting-api-2.2.1.jar:/home/minghai/.m2/repository/org/apache/maven/doxia/doxia-sink-api/1.1/doxia-sink-api-1.1.jar:/home/minghai/.m2/repository/org/apache/maven/doxia/doxia-logging-api/1.1/doxia-logging-api-1.1.jar:/home/minghai/.m2/repository/org/apache/maven/reporting/maven-reporting-impl/2.1/maven-reporting-impl-2.1.jar:/home/minghai/.m2/repository/org/apache/maven/doxia/doxia-core/1.1.2/doxia-core-1.1.2.jar:/home/minghai/.m2/repository/xerces/xercesImpl/2.8.1/xercesImpl-2.8.1.jar:/home/minghai/.m2/repository/commons-httpclient/commons-httpclient/3.1/commons-httpclient-3.1.jar:/home/minghai/.m2/repository/org/apache/maven/doxia/doxia-site-renderer/1.1.2/doxia-site-renderer-1.1.2.jar:/home/minghai/.m2/repository/org/apache/maven/doxia/doxia-decoration-model/1.1.2/doxia-decoration-model-1.1.2.jar:/home/minghai/.m2/repository/org/apache/maven/doxia/doxia-module-xhtml/1.1.2/doxia-module-xhtml-1.1.2.jar:/home/minghai/.m2/repository/org/apache/maven/doxia/doxia-module-fml/1.1.2/doxia-module-fml-1.1.2.jar:/home/minghai/.m2/repository/org/codehaus/plexus/plexus-i18n/1.0-beta-7/plexus-i18n-1.0-beta-7.jar:/home/minghai/.m2/repository/org/codehaus/plexus/plexus-velocity/1.1.7/plexus-velocity-1.1.7.jar:/home/minghai/.m2/repository/org/apache/velocity/velocity/1.5/velocity-1.5.jar:/home/minghai/.m2/repository/commons-validator/commons-validator/1.2.0/commons-validator-1.2.0.jar:/home/minghai/.m2/repository/commons-digester/commons-digester/1.6/commons-digester-1.6.jar:/home/minghai/.m2/repository/oro/oro/2.0.8/oro-2.0.8.jar:/home/minghai/.m2/repository/xml-apis/xml-apis/1.0.b2/xml-apis-1.0.b2.jar:/home/minghai/.m2/repository/org/jacoco/org.jacoco.agent/0.7.6.201602180812/org.jacoco.agent-0.7.6.201602180812-runtime.jar:/home/minghai/.m2/repository/org/jacoco/org.jacoco.core/0.7.6.201602180812/org.jacoco.core-0.7.6.201602180812.jar:/home/minghai/.m2/repository/org/jacoco/org.jacoco.report/0.7.6.201602180812/org.jacoco.report-0.7.6.201602180812.jar:/home/minghai/.m2/repository/org/eclipse/jetty/jetty-server/9.4.17.v20190418/jetty-server-9.4.17.v20190418.jar:/home/minghai/.m2/repository/org/eclipse/jetty/jetty-http/9.4.17.v20190418/jetty-http-9.4.17.v20190418.jar:/home/minghai/.m2/repository/org/eclipse/jetty/jetty-util/9.4.17.v20190418/jetty-util-9.4.17.v20190418.jar:/home/minghai/.m2/repository/org/eclipse/jetty/jetty-io/9.4.17.v20190418/jetty-io-9.4.17.v20190418.jar:/home/minghai/.m2/repository/org/eclipse/jetty/jetty-webapp/9.4.17.v20190418/jetty-webapp-9.4.17.v20190418.jar:/home/minghai/.m2/repository/org/eclipse/jetty/jetty-xml/9.4.17.v20190418/jetty-xml-9.4.17.v20190418.jar:/home/minghai/.m2/repository/org/eclipse/jetty/jetty-servlet/9.4.17.v20190418/jetty-servlet-9.4.17.v20190418.jar:/home/minghai/.m2/repository/org/eclipse/jetty/jetty-security/9.4.17.v20190418/jetty-security-9.4.17.v20190418.jar:/home/minghai/.m2/repository/junit/junit/4.13.1/junit-4.13.1.jar:/home/minghai/.m2/repository/org/hamcrest/hamcrest-core/1.3/hamcrest-core-1.3.jar:/home/minghai/.m2/repository/com/fasterxml/jackson/core/jackson-databind/2.10.0/jackson-databind-2.10.0.jar:/home/minghai/.m2/repository/com/fasterxml/jackson/core/jackson-annotations/2.10.0/jackson-annotations-2.10.0.jar:/home/minghai/.m2/repository/com/fasterxml/jackson/core/jackson-core/2.10.0/jackson-core-2.10.0.jar:/home/minghai/.m2/repository/com/fasterxml/jackson/module/jackson-module-afterburner/2.10.0/jackson-module-afterburner-2.10.0.jar:/home/minghai/.m2/repository/com/fasterxml/jackson/module/jackson-module-kotlin/2.9.10/jackson-module-kotlin-2.9.10.jar:/home/minghai/.m2/repository/cglib/cglib-nodep/2.2.2/cglib-nodep-2.2.2.jar:/home/minghai/.m2/repository/com/fasterxml/jackson/jaxrs/jackson-jaxrs-json-provider/2.9.10/jackson-jaxrs-json-provider-2.9.10.jar:/home/minghai/.m2/repository/com/fasterxml/jackson/jaxrs/jackson-jaxrs-base/2.9.10/jackson-jaxrs-base-2.9.10.jar:/home/minghai/.m2/repository/com/fasterxml/jackson/module/jackson-module-jaxb-annotations/2.9.10/jackson-module-jaxb-annotations-2.9.10.jar:/home/minghai/.m2/repository/com/googlecode/json-simple/json-simple/1.1.1/json-simple-1.1.1.jar:/home/minghai/.m2/repository/commons-io/commons-io/2.7/commons-io-2.7.jar:/home/minghai/.m2/repository/net/sf/json-lib/json-lib/2.4/json-lib-2.4-jdk15.jar:/home/minghai/.m2/repository/commons-beanutils/commons-beanutils/1.8.0/commons-beanutils-1.8.0.jar:/home/minghai/.m2/repository/commons-collections/commons-collections/3.2.1/commons-collections-3.2.1.jar:/home/minghai/.m2/repository/commons-lang/commons-lang/2.5/commons-lang-2.5.jar:/home/minghai/.m2/repository/commons-logging/commons-logging/1.1.1/commons-logging-1.1.1.jar:/home/minghai/.m2/repository/net/sf/ezmorph/ezmorph/1.0.6/ezmorph-1.0.6.jar:/home/minghai/.m2/repository/com/google/code/gson/gson/2.6.2/gson-2.6.2.jar:/home/minghai/.m2/repository/net/minidev/json-smart/2.4.1/json-smart-2.4.1.jar:/home/minghai/.m2/repository/net/minidev/accessors-smart/1.3/accessors-smart-1.3.jar:/home/minghai/.m2/repository/org/clojure/clojure/1.5.1/clojure-1.5.1.jar:/home/minghai/.m2/repository/org/codehaus/groovy/groovy/2.1.5/groovy-2.1.5.jar:/home/minghai/.m2/repository/antlr/antlr/2.7.7/antlr-2.7.7.jar:/home/minghai/.m2/repository/org/ow2/asm/asm-tree/4.0/asm-tree-4.0.jar:/home/minghai/.m2/repository/org/ow2/asm/asm-commons/4.0/asm-commons-4.0.jar:/home/minghai/.m2/repository/org/ow2/asm/asm/4.0/asm-4.0.jar:/home/minghai/.m2/repository/org/ow2/asm/asm-util/4.0/asm-util-4.0.jar:/home/minghai/.m2/repository/org/ow2/asm/asm-analysis/4.0/asm-analysis-4.0.jar:/home/minghai/.m2/repository/org/springframework/spring-test/4.3.7.RELEASE/spring-test-4.3.7.RELEASE.jar:/home/minghai/.m2/repository/org/javassist/javassist/3.18.0-GA/javassist-3.18.0-GA.jar:/home/minghai/.m2/repository/org/apache/cxf/cxf-rt-rs-client/3.1.2/cxf-rt-rs-client-3.1.2.jar:/home/minghai/.m2/repository/org/springframework/data/spring-data-commons/2.1.2.RELEASE/spring-data-commons-2.1.2.RELEASE.jar:/home/minghai/.m2/repository/org/glassfish/jersey/containers/jersey-container-servlet/2.23.2/jersey-container-servlet-2.23.2.jar:/home/minghai/.m2/repository/org/glassfish/jersey/containers/jersey-container-servlet-core/2.23.2/jersey-container-servlet-core-2.23.2.jar:/home/minghai/.m2/repository/org/glassfish/jersey/core/jersey-server/2.23.2/jersey-server-2.23.2.jar:/home/minghai/.m2/repository/org/glassfish/jersey/media/jersey-media-jaxb/2.23.2/jersey-media-jaxb-2.23.2.jar:/home/minghai/.m2/repository/javax/validation/validation-api/1.1.0.Final/validation-api-1.1.0.Final.jar:/home/minghai/.m2/repository/org/glassfish/jersey/core/jersey-client/2.23.2/jersey-client-2.23.2.jar:/home/minghai/.m2/repository/org/glassfish/jersey/test-framework/providers/jersey-test-framework-provider-jdk-http/2.23.2/jersey-test-framework-provider-jdk-http-2.23.2.jar:/home/minghai/.m2/repository/org/glassfish/jersey/test-framework/jersey-test-framework-core/2.23.2/jersey-test-framework-core-2.23.2.jar:/home/minghai/.m2/repository/org/glassfish/jersey/containers/jersey-container-jdk-http/2.23.2/jersey-container-jdk-http-2.23.2.jar:/home/minghai/.m2/repository/org/ow2/asm/asm-debug-all/5.0.4/asm-debug-all-5.0.4.jar:/home/minghai/.m2/repository/org/glassfish/jersey/media/jersey-media-json-jackson/2.23.2/jersey-media-json-jackson-2.23.2.jar:/home/minghai/.m2/repository/org/glassfish/jersey/ext/jersey-entity-filtering/2.23.2/jersey-entity-filtering-2.23.2.jar:/home/minghai/.m2/repository/com/jsoniter/jsoniter/0.9.8/jsoniter-0.9.8.jar:/home/minghai/.m2/repository/org/apache/commons/commons-lang3/3.5/commons-lang3-3.5.jar:/home/minghai/.m2/repository/org/hibernate/hibernate-core/5.2.10.Final/hibernate-core-5.2.10.Final.jar:/home/minghai/.m2/repository/org/jboss/logging/jboss-logging/3.3.0.Final/jboss-logging-3.3.0.Final.jar:/home/minghai/.m2/repository/org/hibernate/javax/persistence/hibernate-jpa-2.1-api/1.0.0.Final/hibernate-jpa-2.1-api-1.0.0.Final.jar:/home/minghai/.m2/repository/org/jboss/spec/javax/transaction/jboss-transaction-api_1.2_spec/1.0.1.Final/jboss-transaction-api_1.2_spec-1.0.1.Final.jar:/home/minghai/.m2/repository/org/jboss/jandex/2.0.3.Final/jandex-2.0.3.Final.jar:/home/minghai/.m2/repository/dom4j/dom4j/1.6.1/dom4j-1.6.1.jar:/home/minghai/.m2/repository/org/hibernate/common/hibernate-commons-annotations/5.0.1.Final/hibernate-commons-annotations-5.0.1.Final.jar:/home/minghai/.m2/repository/com/jayway/jsonpath/json-path/2.3.0/json-path-2.3.0.jar:/home/minghai/.m2/repository/org/jetbrains/kotlin/kotlin-stdlib/1.4.21/kotlin-stdlib-1.4.21.jar:/home/minghai/.m2/repository/org/jetbrains/kotlin/kotlin-stdlib-common/1.4.21/kotlin-stdlib-common-1.4.21.jar:/home/minghai/.m2/repository/org/jetbrains/annotations/13.0/annotations-13.0.jar:/home/minghai/.m2/repository/org/jetbrains/kotlin/kotlin-reflect/1.4.21/kotlin-reflect-1.4.21.jar:/home/minghai/.m2/repository/org/springframework/security/spring-security-web/5.2.10.RELEASE/spring-security-web-5.2.10.RELEASE.jar:/home/minghai/.m2/repository/org/springframework/security/spring-security-core/5.2.10.RELEASE/spring-security-core-5.2.10.RELEASE.jar:/home/minghai/.m2/repository/org/apache/commons/commons-collections4/4.1/commons-collections4-4.1.jar:/home/minghai/.m2/repository/org/mockito/mockito-all/1.10.19/mockito-all-1.10.19.jar:/home/minghai/.m2/repository/org/powermock/powermock-module-junit4/1.6.6/powermock-module-junit4-1.6.6.jar:/home/minghai/.m2/repository/org/powermock/powermock-module-junit4-common/1.6.6/powermock-module-junit4-common-1.6.6.jar:/home/minghai/.m2/repository/org/powermock/powermock-core/1.6.6/powermock-core-1.6.6.jar:/home/minghai/.m2/repository/org/powermock/powermock-reflect/1.6.6/powermock-reflect-1.6.6.jar:/home/minghai/.m2/repository/com/diffblue/deeptestutils/1.1.0/deeptestutils-1.1.0.jar:/home/minghai/.m2/repository/org/objenesis/objenesis/2.5.1/objenesis-2.5.1.jar:/home/minghai/.m2/repository/org/powermock/powermock-api-mockito/1.6.6/powermock-api-mockito-1.6.6.jar:/home/minghai/.m2/repository/org/mockito/mockito-core/1.10.19/mockito-core-1.10.19.jar:/home/minghai/.m2/repository/org/powermock/powermock-api-mockito-common/1.6.6/powermock-api-mockito-common-1.6.6.jar:/home/minghai/.m2/repository/org/powermock/powermock-api-support/1.6.6/powermock-api-support-1.6.6.jar:/home/minghai/.m2/repository/org/projectlombok/lombok/1.18.4/lombok-1.18.4.jar:/home/minghai/.m2/repository/org/openjdk/jmh/jmh-core/1.21/jmh-core-1.21.jar:/home/minghai/.m2/repository/net/sf/jopt-simple/jopt-simple/4.6/jopt-simple-4.6.jar:/home/minghai/.m2/repository/org/apache/commons/commons-math3/3.2/commons-math3-3.2.jar:/home/minghai/.m2/repository/org/openjdk/jmh/jmh-generator-annprocess/1.21/jmh-generator-annprocess-1.21.jar:/home/minghai/.m2/repository/org/springframework/security/oauth/spring-security-oauth2/2.3.5.RELEASE/spring-security-oauth2-2.3.5.RELEASE.jar:/home/minghai/.m2/repository/org/springframework/security/spring-security-config/3.2.10.RELEASE/spring-security-config-3.2.10.RELEASE.jar:/home/minghai/.m2/repository/aopalliance/aopalliance/1.0/aopalliance-1.0.jar:/home/minghai/.m2/repository/org/codehaus/jackson/jackson-mapper-asl/1.9.13/jackson-mapper-asl-1.9.13.jar:/home/minghai/.m2/repository/org/codehaus/jackson/jackson-core-asl/1.9.13/jackson-core-asl-1.9.13.jar:/home/minghai/.m2/repository/org/gitlab4j/gitlab4j-api/4.8.42/gitlab4j-api-4.8.42.jar:/home/minghai/.m2/repository/javax/xml/bind/jaxb-api/2.3.0/jaxb-api-2.3.0.jar:/home/minghai/.m2/repository/com/sun/activation/javax.activation/1.2.0/javax.activation-1.2.0.jar:/home/minghai/.m2/repository/org/glassfish/jersey/inject/jersey-hk2/2.27/jersey-hk2-2.27.jar:/home/minghai/.m2/repository/org/glassfish/jersey/connectors/jersey-apache-connector/2.27/jersey-apache-connector-2.27.jar:/home/minghai/.m2/repository/org/apache/httpcomponents/httpclient/4.5/httpclient-4.5.jar:/home/minghai/.m2/repository/org/apache/httpcomponents/httpcore/4.4.1/httpcore-4.4.1.jar:/home/minghai/.m2/repository/org/glassfish/jersey/media/jersey-media-multipart/2.27/jersey-media-multipart-2.27.jar:/home/minghai/.m2/repository/org/jvnet/mimepull/mimepull/1.9.6/mimepull-1.9.6.jar:/home/minghai/.m2/repository/org/json/json/20180130/json-20180130.jar:/home/minghai/.m2/repository/com/chinamobile/cmos/sms-core/2.1.9/sms-core-2.1.9.jar:/home/minghai/.m2/repository/de/ruedigermoeller/fst/2.48-jdk-6/fst-2.48-jdk-6.jar:/home/minghai/.m2/repository/com/cedarsoftware/java-util/1.9.0/java-util-1.9.0.jar:/home/minghai/.m2/repository/commons-codec/commons-codec/1.11/commons-codec-1.11.jar:/home/minghai/.m2/repository/io/netty/netty-transport/4.1.33.Final/netty-transport-4.1.33.Final.jar:/home/minghai/.m2/repository/io/netty/netty-common/4.1.33.Final/netty-common-4.1.33.Final.jar:/home/minghai/.m2/repository/io/netty/netty-buffer/4.1.33.Final/netty-buffer-4.1.33.Final.jar:/home/minghai/.m2/repository/io/netty/netty-resolver/4.1.33.Final/netty-resolver-4.1.33.Final.jar:/home/minghai/.m2/repository/io/netty/netty-codec/4.1.33.Final/netty-codec-4.1.33.Final.jar:/home/minghai/.m2/repository/io/netty/netty-handler-proxy/4.1.33.Final/netty-handler-proxy-4.1.33.Final.jar:/home/minghai/.m2/repository/io/netty/netty-codec-socks/4.1.33.Final/netty-codec-socks-4.1.33.Final.jar:/home/minghai/.m2/repository/io/netty/netty-codec-http/4.1.33.Final/netty-codec-http-4.1.33.Final.jar:/home/minghai/.m2/repository/io/netty/netty-handler/4.1.33.Final/netty-handler-4.1.33.Final.jar:/home/minghai/.m2/repository/com/sleepycat/je/5.0.73/je-5.0.73.jar:"/>
    <property name="sun.cpu.endian" value="little"/>
    <property name="user.home" value="/home/minghai"/>
    <property name="user.language" value="en"/>
    <property name="java.specification.vendor" value="Oracle Corporation"/>
    <property name="java.version.date" value="2021-04-20"/>
    <property name="java.home" value="/usr/lib/jvm/java-11-openjdk-amd64"/>
    <property name="file.separator" value="/"/>
    <property name="basedir" value="/home/minghai/fastjson"/>
    <property name="java.vm.compressedOopsMode" value="Zero based"/>
    <property name="line.separator" value="&#10;"/>
    <property name="java.specification.name" value="Java Platform API Specification"/>
    <property name="java.vm.specification.vendor" value="Oracle Corporation"/>
    <property name="java.awt.graphicsenv" value="sun.awt.X11GraphicsEnvironment"/>
    <property name="surefire.real.class.path" value="/home/minghai/fastjson/target/surefire/surefirebooter13690489114650080000.jar"/>
    <property name="sun.management.compiler" value="HotSpot 64-Bit Tiered Compilers"/>
    <property name="java.runtime.version" value="11.0.11+9-Ubuntu-0ubuntu2.20.04"/>
    <property name="user.name" value="minghai"/>
    <property name="path.separator" value=":"/>
    <property name="os.version" value="4.4.0-19041-Microsoft"/>
    <property name="java.runtime.name" value="OpenJDK Runtime Environment"/>
    <property name="file.encoding" value="UTF-8"/>
    <property name="java.vm.name" value="OpenJDK 64-Bit Server VM"/>
    <property name="maven.ext.class.path" value="/mnt/c/Users/Minghai/AppData/Local/JetBrains/Toolbox/apps/IDEA-U/ch-0/213.5744.223/plugins/maven/lib/maven-event-listener.jar"/>
    <property name="localRepository" value="/home/minghai/.m2/repository"/>
    <property name="java.vendor.url.bug" value="https://bugs.launchpad.net/ubuntu/+source/openjdk-lts"/>
    <property name="java.io.tmpdir" value="/tmp"/>
    <property name="java.version" value="11.0.11"/>
    <property name="user.dir" value="/home/minghai/fastjson"/>
    <property name="os.arch" value="amd64"/>
    <property name="java.vm.specification.name" value="Java Virtual Machine Specification"/>
    <property name="java.awt.printerjob" value="sun.print.PSPrinterJob"/>
    <property name="sun.os.patch.level" value="unknown"/>
    <property name="java.library.path" value="/usr/java/packages/lib:/usr/lib/x86_64-linux-gnu/jni:/lib/x86_64-linux-gnu:/usr/lib/x86_64-linux-gnu:/usr/lib/jni:/lib:/usr/lib"/>
    <property name="java.vm.info" value="mixed mode"/>
    <property name="java.vendor" value="Ubuntu"/>
    <property name="java.vm.version" value="11.0.11+9-Ubuntu-0ubuntu2.20.04"/>
    <property name="sun.io.unicode.encoding" value="UnicodeLittle"/>
    <property name="java.class.version" value="55.0"/>
  </properties>
  <testcase name="test_for_big_writer" classname="com.alibaba.json.bvt.serializer.MultiFieldIntTest_writer" time="0.527">
    <system-out><![CDATA[[{"id":10000000},{"id":10000001},{"id":10000002},{"id":10000003},{"id":10000004},{"id":10000005},{"id":10000006},{"id":10000007},{"id":10000008},{"id":10000009},{"id":10000010},{"id":10000011},{"id":10000012},{"id":10000013},{"id":10000014},{"id":10000015},{"id":10000016},{"id":10000017},{"id":10000018},{"id":10000019},{"id":10000020},{"id":10000021},{"id":10000022},{"id":10000023},{"id":10000024},{"id":10000025},{"id":10000026},{"id":10000027},{"id":10000028},{"id":10000029},{"id":10000030},{"id":10000031},{"id":10000032},{"id":10000033},{"id":10000034},{"id":10000035},{"id":10000036},{"id":10000037},{"id":10000038},{"id":10000039},{"id":10000040},{"id":10000041},{"id":10000042},{"id":10000043},{"id":10000044},{"id":10000045},{"id":10000046},{"id":10000047},{"id":10000048},{"id":10000049},{"id":10000050},{"id":10000051},{"id":10000052},{"id":10000053},{"id":10000054},{"id":10000055},{"id":10000056},{"id":10000057},{"id":10000058},{"id":10000059},{"id":10000060},{"id":10000061},{"id":10000062},{"id":10000063},{"id":10000064},{"id":10000065},{"id":10000066},{"id":10000067},{"id":10000068},{"id":10000069},{"id":10000070},{"id":10000071},{"id":10000072},{"id":10000073},{"id":10000074},{"id":10000075},{"id":10000076},{"id":10000077},{"id":10000078},{"id":10000079},{"id":10000080},{"id":10000081},{"id":10000082},{"id":10000083},{"id":10000084},{"id":10000085},{"id":10000086},{"id":10000087},{"id":10000088},{"id":10000089},{"id":10000090},{"id":10000091},{"id":10000092},{"id":10000093},{"id":10000094},{"id":10000095},{"id":10000096},{"id":10000097},{"id":10000098},{"id":10000099},{"id":10000100},{"id":10000101},{"id":10000102},{"id":10000103},{"id":10000104},{"id":10000105},{"id":10000106},{"id":10000107},{"id":10000108},{"id":10000109},{"id":10000110},{"id":10000111},{"id":10000112},{"id":10000113},{"id":10000114},{"id":10000115},{"id":10000116},{"id":10000117},{"id":10000118},{"id":10000119},{"id":10000120},{"id":10000121},{"id":10000122},{"id":10000123},{"id":10000124},{"id":10000125},{"id":10000126},{"id":10000127},{"id":10000128},{"id":10000129},{"id":10000130},{"id":10000131},{"id":10000132},{"id":10000133},{"id":10000134},{"id":10000135},{"id":10000136},{"id":10000137},{"id":10000138},{"id":10000139},{"id":10000140},{"id":10000141},{"id":10000142},{"id":10000143},{"id":10000144},{"id":10000145},{"id":10000146},{"id":10000147},{"id":10000148},{"id":10000149},{"id":10000150},{"id":10000151},{"id":10000152},{"id":10000153},{"id":10000154},{"id":10000155},{"id":10000156},{"id":10000157},{"id":10000158},{"id":10000159},{"id":10000160},{"id":10000161},{"id":10000162},{"id":10000163},{"id":10000164},{"id":10000165},{"id":10000166},{"id":10000167},{"id":10000168},{"id":10000169},{"id":10000170},{"id":10000171},{"id":10000172},{"id":10000173},{"id":10000174},{"id":10000175},{"id":10000176},{"id":10000177},{"id":10000178},{"id":10000179},{"id":10000180},{"id":10000181},{"id":10000182},{"id":10000183},{"id":10000184},{"id":10000185},{"id":10000186},{"id":10000187},{"id":10000188},{"id":10000189},{"id":10000190},{"id":10000191},{"id":10000192},{"id":10000193},{"id":10000194},{"id":10000195},{"id":10000196},{"id":10000197},{"id":10000198},{"id":10000199},{"id":10000200},{"id":10000201},{"id":10000202},{"id":10000203},{"id":10000204},{"id":10000205},{"id":10000206},{"id":10000207},{"id":10000208},{"id":10000209},{"id":10000210},{"id":10000211},{"id":10000212},{"id":10000213},{"id":10000214},{"id":10000215},{"id":10000216},{"id":10000217},{"id":10000218},{"id":10000219},{"id":10000220},{"id":10000221},{"id":10000222},{"id":10000223},{"id":10000224},{"id":10000225},{"id":10000226},{"id":10000227},{"id":10000228},{"id":10000229},{"id":10000230},{"id":10000231},{"id":10000232},{"id":10000233},{"id":10000234},{"id":10000235},{"id":10000236},{"id":10000237},{"id":10000238},{"id":10000239},{"id":10000240},{"id":10000241},{"id":10000242},{"id":10000243},{"id":10000244},{"id":10000245},{"id":10000246},{"id":10000247},{"id":10000248},{"id":10000249},{"id":10000250},{"id":10000251},{"id":10000252},{"id":10000253},{"id":10000254},{"id":10000255},{"id":10000256},{"id":10000257},{"id":10000258},{"id":10000259},{"id":10000260},{"id":10000261},{"id":10000262},{"id":10000263},{"id":10000264},{"id":10000265},{"id":10000266},{"id":10000267},{"id":10000268},{"id":10000269},{"id":10000270},{"id":10000271},{"id":10000272},{"id":10000273},{"id":10000274},{"id":10000275},{"id":10000276},{"id":10000277},{"id":10000278},{"id":10000279},{"id":10000280},{"id":10000281},{"id":10000282},{"id":10000283},{"id":10000284},{"id":10000285},{"id":10000286},{"id":10000287},{"id":10000288},{"id":10000289},{"id":10000290},{"id":10000291},{"id":10000292},{"id":10000293},{"id":10000294},{"id":10000295},{"id":10000296},{"id":10000297},{"id":10000298},{"id":10000299},{"id":10000300},{"id":10000301},{"id":10000302},{"id":10000303},{"id":10000304},{"id":10000305},{"id":10000306},{"id":10000307},{"id":10000308},{"id":10000309},{"id":10000310},{"id":10000311},{"id":10000312},{"id":10000313},{"id":10000314},{"id":10000315},{"id":10000316},{"id":10000317},{"id":10000318},{"id":10000319},{"id":10000320},{"id":10000321},{"id":10000322},{"id":10000323},{"id":10000324},{"id":10000325},{"id":10000326},{"id":10000327},{"id":10000328},{"id":10000329},{"id":10000330},{"id":10000331},{"id":10000332},{"id":10000333},{"id":10000334},{"id":10000335},{"id":10000336},{"id":10000337},{"id":10000338},{"id":10000339},{"id":10000340},{"id":10000341},{"id":10000342},{"id":10000343},{"id":10000344},{"id":10000345},{"id":10000346},{"id":10000347},{"id":10000348},{"id":10000349},{"id":10000350},{"id":10000351},{"id":10000352},{"id":10000353},{"id":10000354},{"id":10000355},{"id":10000356},{"id":10000357},{"id":10000358},{"id":10000359},{"id":10000360},{"id":10000361},{"id":10000362},{"id":10000363},{"id":10000364},{"id":10000365},{"id":10000366},{"id":10000367},{"id":10000368},{"id":10000369},{"id":10000370},{"id":10000371},{"id":10000372},{"id":10000373},{"id":10000374},{"id":10000375},{"id":10000376},{"id":10000377},{"id":10000378},{"id":10000379},{"id":10000380},{"id":10000381},{"id":10000382},{"id":10000383},{"id":10000384},{"id":10000385},{"id":10000386},{"id":10000387},{"id":10000388},{"id":10000389},{"id":10000390},{"id":10000391},{"id":10000392},{"id":10000393},{"id":10000394},{"id":10000395},{"id":10000396},{"id":10000397},{"id":10000398},{"id":10000399},{"id":10000400},{"id":10000401},{"id":10000402},{"id":10000403},{"id":10000404},{"id":10000405},{"id":10000406},{"id":10000407},{"id":10000408},{"id":10000409},{"id":10000410},{"id":10000411},{"id":10000412},{"id":10000413},{"id":10000414},{"id":10000415},{"id":10000416},{"id":10000417},{"id":10000418},{"id":10000419},{"id":10000420},{"id":10000421},{"id":10000422},{"id":10000423},{"id":10000424},{"id":10000425},{"id":10000426},{"id":10000427},{"id":10000428},{"id":10000429},{"id":10000430},{"id":10000431},{"id":10000432},{"id":10000433},{"id":10000434},{"id":10000435},{"id":10000436},{"id":10000437},{"id":10000438},{"id":10000439},{"id":10000440},{"id":10000441},{"id":10000442},{"id":10000443},{"id":10000444},{"id":10000445},{"id":10000446},{"id":10000447},{"id":10000448},{"id":10000449},{"id":10000450},{"id":10000451},{"id":10000452},{"id":10000453},{"id":10000454},{"id":10000455},{"id":10000456},{"id":10000457},{"id":10000458},{"id":10000459},{"id":10000460},{"id":10000461},{"id":10000462},{"id":10000463},{"id":10000464},{"id":10000465},{"id":10000466},{"id":10000467},{"id":10000468},{"id":10000469},{"id":10000470},{"id":10000471},{"id":10000472},{"id":10000473},{"id":10000474},{"id":10000475},{"id":10000476},{"id":10000477},{"id":10000478},{"id":10000479},{"id":10000480},{"id":10000481},{"id":10000482},{"id":10000483},{"id":10000484},{"id":10000485},{"id":10000486},{"id":10000487},{"id":10000488},{"id":10000489},{"id":10000490},{"id":10000491},{"id":10000492},{"id":10000493},{"id":10000494},{"id":10000495},{"id":10000496},{"id":10000497},{"id":10000498},{"id":10000499},{"id":10000500},{"id":10000501},{"id":10000502},{"id":10000503},{"id":10000504},{"id":10000505},{"id":10000506},{"id":10000507},{"id":10000508},{"id":10000509},{"id":10000510},{"id":10000511},{"id":10000512},{"id":10000513},{"id":10000514},{"id":10000515},{"id":10000516},{"id":10000517},{"id":10000518},{"id":10000519},{"id":10000520},{"id":10000521},{"id":10000522},{"id":10000523},{"id":10000524},{"id":10000525},{"id":10000526},{"id":10000527},{"id":10000528},{"id":10000529},{"id":10000530},{"id":10000531},{"id":10000532},{"id":10000533},{"id":10000534},{"id":10000535},{"id":10000536},{"id":10000537},{"id":10000538},{"id":10000539},{"id":10000540},{"id":10000541},{"id":10000542},{"id":10000543},{"id":10000544},{"id":10000545},{"id":10000546},{"id":10000547},{"id":10000548},{"id":10000549},{"id":10000550},{"id":10000551},{"id":10000552},{"id":10000553},{"id":10000554},{"id":10000555},{"id":10000556},{"id":10000557},{"id":10000558},{"id":10000559},{"id":10000560},{"id":10000561},{"id":10000562},{"id":10000563},{"id":10000564},{"id":10000565},{"id":10000566},{"id":10000567},{"id":10000568},{"id":10000569},{"id":10000570},{"id":10000571},{"id":10000572},{"id":10000573},{"id":10000574},{"id":10000575},{"id":10000576},{"id":10000577},{"id":10000578},{"id":10000579},{"id":10000580},{"id":10000581},{"id":10000582},{"id":10000583},{"id":10000584},{"id":10000585},{"id":10000586},{"id":10000587},{"id":10000588},{"id":10000589},{"id":10000590},{"id":10000591},{"id":10000592},{"id":10000593},{"id":10000594},{"id":10000595},{"id":10000596},{"id":10000597},{"id":10000598},{"id":10000599},{"id":10000600},{"id":10000601},{"id":10000602},{"id":10000603},{"id":10000604},{"id":10000605},{"id":10000606},{"id":10000607},{"id":10000608},{"id":10000609},{"id":10000610},{"id":10000611},{"id":10000612},{"id":10000613},{"id":10000614},{"id":10000615},{"id":10000616},{"id":10000617},{"id":10000618},{"id":10000619},{"id":10000620},{"id":10000621},{"id":10000622},{"id":10000623},{"id":10000624},{"id":10000625},{"id":10000626},{"id":10000627},{"id":10000628},{"id":10000629},{"id":10000630},{"id":10000631},{"id":10000632},{"id":10000633},{"id":10000634},{"id":10000635},{"id":10000636},{"id":10000637},{"id":10000638},{"id":10000639},{"id":10000640},{"id":10000641},{"id":10000642},{"id":10000643},{"id":10000644},{"id":10000645},{"id":10000646},{"id":10000647},{"id":10000648},{"id":10000649},{"id":10000650},{"id":10000651},{"id":10000652},{"id":10000653},{"id":10000654},{"id":10000655},{"id":10000656},{"id":10000657},{"id":10000658},{"id":10000659},{"id":10000660},{"id":10000661},{"id":10000662},{"id":10000663},{"id":10000664},{"id":10000665},{"id":10000666},{"id":10000667},{"id":10000668},{"id":10000669},{"id":10000670},{"id":10000671},{"id":10000672},{"id":10000673},{"id":10000674},{"id":10000675},{"id":10000676},{"id":10000677},{"id":10000678},{"id":10000679},{"id":10000680},{"id":10000681},{"id":10000682},{"id":10000683},{"id":10000684},{"id":10000685},{"id":10000686},{"id":10000687},{"id":10000688},{"id":10000689},{"id":10000690},{"id":10000691},{"id":10000692},{"id":10000693},{"id":10000694},{"id":10000695},{"id":10000696},{"id":10000697},{"id":10000698},{"id":10000699},{"id":10000700},{"id":10000701},{"id":10000702},{"id":10000703},{"id":10000704},{"id":10000705},{"id":10000706},{"id":10000707},{"id":10000708},{"id":10000709},{"id":10000710},{"id":10000711},{"id":10000712},{"id":10000713},{"id":10000714},{"id":10000715},{"id":10000716},{"id":10000717},{"id":10000718},{"id":10000719},{"id":10000720},{"id":10000721},{"id":10000722},{"id":10000723},{"id":10000724},{"id":10000725},{"id":10000726},{"id":10000727},{"id":10000728},{"id":10000729},{"id":10000730},{"id":10000731},{"id":10000732},{"id":10000733},{"id":10000734},{"id":10000735},{"id":10000736},{"id":10000737},{"id":10000738},{"id":10000739},{"id":10000740},{"id":10000741},{"id":10000742},{"id":10000743},{"id":10000744},{"id":10000745},{"id":10000746},{"id":10000747},{"id":10000748},{"id":10000749},{"id":10000750},{"id":10000751},{"id":10000752},{"id":10000753},{"id":10000754},{"id":10000755},{"id":10000756},{"id":10000757},{"id":10000758},{"id":10000759},{"id":10000760},{"id":10000761},{"id":10000762},{"id":10000763},{"id":10000764},{"id":10000765},{"id":10000766},{"id":10000767},{"id":10000768},{"id":10000769},{"id":10000770},{"id":10000771},{"id":10000772},{"id":10000773},{"id":10000774},{"id":10000775},{"id":10000776},{"id":10000777},{"id":10000778},{"id":10000779},{"id":10000780},{"id":10000781},{"id":10000782},{"id":10000783},{"id":10000784},{"id":10000785},{"id":10000786},{"id":10000787},{"id":10000788},{"id":10000789},{"id":10000790},{"id":10000791},{"id":10000792},{"id":10000793},{"id":10000794},{"id":10000795},{"id":10000796},{"id":10000797},{"id":10000798},{"id":10000799},{"id":10000800},{"id":10000801},{"id":10000802},{"id":10000803},{"id":10000804},{"id":10000805},{"id":10000806},{"id":10000807},{"id":10000808},{"id":10000809},{"id":10000810},{"id":10000811},{"id":10000812},{"id":10000813},{"id":10000814},{"id":10000815},{"id":10000816},{"id":10000817},{"id":10000818},{"id":10000819},{"id":10000820},{"id":10000821},{"id":10000822},{"id":10000823},{"id":10000824},{"id":10000825},{"id":10000826},{"id":10000827},{"id":10000828},{"id":10000829},{"id":10000830},{"id":10000831},{"id":10000832},{"id":10000833},{"id":10000834},{"id":10000835},{"id":10000836},{"id":10000837},{"id":10000838},{"id":10000839},{"id":10000840},{"id":10000841},{"id":10000842},{"id":10000843},{"id":10000844},{"id":10000845},{"id":10000846},{"id":10000847},{"id":10000848},{"id":10000849},{"id":10000850},{"id":10000851},{"id":10000852},{"id":10000853},{"id":10000854},{"id":10000855},{"id":10000856},{"id":10000857},{"id":10000858},{"id":10000859},{"id":10000860},{"id":10000861},{"id":10000862},{"id":10000863},{"id":10000864},{"id":10000865},{"id":10000866},{"id":10000867},{"id":10000868},{"id":10000869},{"id":10000870},{"id":10000871},{"id":10000872},{"id":10000873},{"id":10000874},{"id":10000875},{"id":10000876},{"id":10000877},{"id":10000878},{"id":10000879},{"id":10000880},{"id":10000881},{"id":10000882},{"id":10000883},{"id":10000884},{"id":10000885},{"id":10000886},{"id":10000887},{"id":10000888},{"id":10000889},{"id":10000890},{"id":10000891},{"id":10000892},{"id":10000893},{"id":10000894},{"id":10000895},{"id":10000896},{"id":10000897},{"id":10000898},{"id":10000899},{"id":10000900},{"id":10000901},{"id":10000902},{"id":10000903},{"id":10000904},{"id":10000905},{"id":10000906},{"id":10000907},{"id":10000908},{"id":10000909},{"id":10000910},{"id":10000911},{"id":10000912},{"id":10000913},{"id":10000914},{"id":10000915},{"id":10000916},{"id":10000917},{"id":10000918},{"id":10000919},{"id":10000920},{"id":10000921},{"id":10000922},{"id":10000923},{"id":10000924},{"id":10000925},{"id":10000926},{"id":10000927},{"id":10000928},{"id":10000929},{"id":10000930},{"id":10000931},{"id":10000932},{"id":10000933},{"id":10000934},{"id":10000935},{"id":10000936},{"id":10000937},{"id":10000938},{"id":10000939},{"id":10000940},{"id":10000941},{"id":10000942},{"id":10000943},{"id":10000944},{"id":10000945},{"id":10000946},{"id":10000947},{"id":10000948},{"id":10000949},{"id":10000950},{"id":10000951},{"id":10000952},{"id":10000953},{"id":10000954},{"id":10000955},{"id":10000956},{"id":10000957},{"id":10000958},{"id":10000959},{"id":10000960},{"id":10000961},{"id":10000962},{"id":10000963},{"id":10000964},{"id":10000965},{"id":10000966},{"id":10000967},{"id":10000968},{"id":10000969},{"id":10000970},{"id":10000971},{"id":10000972},{"id":10000973},{"id":10000974},{"id":10000975},{"id":10000976},{"id":10000977},{"id":10000978},{"id":10000979},{"id":10000980},{"id":10000981},{"id":10000982},{"id":10000983},{"id":10000984},{"id":10000985},{"id":10000986},{"id":10000987},{"id":10000988},{"id":10000989},{"id":10000990},{"id":10000991},{"id":10000992},{"id":10000993},{"id":10000994},{"id":10000995},{"id":10000996},{"id":10000997},{"id":10000998},{"id":10000999},{"id":10001000},{"id":10001001},{"id":10001002},{"id":10001003},{"id":10001004},{"id":10001005},{"id":10001006},{"id":10001007},{"id":10001008},{"id":10001009},{"id":10001010},{"id":10001011},{"id":10001012},{"id":10001013},{"id":10001014},{"id":10001015},{"id":10001016},{"id":10001017},{"id":10001018},{"id":10001019},{"id":10001020},{"id":10001021},{"id":10001022},{"id":10001023},{"id":10001024},{"id":10001025},{"id":10001026},{"id":10001027},{"id":10001028},{"id":10001029},{"id":10001030},{"id":10001031},{"id":10001032},{"id":10001033},{"id":10001034},{"id":10001035},{"id":10001036},{"id":10001037},{"id":10001038},{"id":10001039},{"id":10001040},{"id":10001041},{"id":10001042},{"id":10001043},{"id":10001044},{"id":10001045},{"id":10001046},{"id":10001047},{"id":10001048},{"id":10001049},{"id":10001050},{"id":10001051},{"id":10001052},{"id":10001053},{"id":10001054},{"id":10001055},{"id":10001056},{"id":10001057},{"id":10001058},{"id":10001059},{"id":10001060},{"id":10001061},{"id":10001062},{"id":10001063},{"id":10001064},{"id":10001065},{"id":10001066},{"id":10001067},{"id":10001068},{"id":10001069},{"id":10001070},{"id":10001071},{"id":10001072},{"id":10001073},{"id":10001074},{"id":10001075},{"id":10001076},{"id":10001077},{"id":10001078},{"id":10001079},{"id":10001080},{"id":10001081},{"id":10001082},{"id":10001083},{"id":10001084},{"id":10001085},{"id":10001086},{"id":10001087},{"id":10001088},{"id":10001089},{"id":10001090},{"id":10001091},{"id":10001092},{"id":10001093},{"id":10001094},{"id":10001095},{"id":10001096},{"id":10001097},{"id":10001098},{"id":10001099},{"id":10001100},{"id":10001101},{"id":10001102},{"id":10001103},{"id":10001104},{"id":10001105},{"id":10001106},{"id":10001107},{"id":10001108},{"id":10001109},{"id":10001110},{"id":10001111},{"id":10001112},{"id":10001113},{"id":10001114},{"id":10001115},{"id":10001116},{"id":10001117},{"id":10001118},{"id":10001119},{"id":10001120},{"id":10001121},{"id":10001122},{"id":10001123},{"id":10001124},{"id":10001125},{"id":10001126},{"id":10001127},{"id":10001128},{"id":10001129},{"id":10001130},{"id":10001131},{"id":10001132},{"id":10001133},{"id":10001134},{"id":10001135},{"id":10001136},{"id":10001137},{"id":10001138},{"id":10001139},{"id":10001140},{"id":10001141},{"id":10001142},{"id":10001143},{"id":10001144},{"id":10001145},{"id":10001146},{"id":10001147},{"id":10001148},{"id":10001149},{"id":10001150},{"id":10001151},{"id":10001152},{"id":10001153},{"id":10001154},{"id":10001155},{"id":10001156},{"id":10001157},{"id":10001158},{"id":10001159},{"id":10001160},{"id":10001161},{"id":10001162},{"id":10001163},{"id":10001164},{"id":10001165},{"id":10001166},{"id":10001167},{"id":10001168},{"id":10001169},{"id":10001170},{"id":10001171},{"id":10001172},{"id":10001173},{"id":10001174},{"id":10001175},{"id":10001176},{"id":10001177},{"id":10001178},{"id":10001179},{"id":10001180},{"id":10001181},{"id":10001182},{"id":10001183},{"id":10001184},{"id":10001185},{"id":10001186},{"id":10001187},{"id":10001188},{"id":10001189},{"id":10001190},{"id":10001191},{"id":10001192},{"id":10001193},{"id":10001194},{"id":10001195},{"id":10001196},{"id":10001197},{"id":10001198},{"id":10001199},{"id":10001200},{"id":10001201},{"id":10001202},{"id":10001203},{"id":10001204},{"id":10001205},{"id":10001206},{"id":10001207},{"id":10001208},{"id":10001209},{"id":10001210},{"id":10001211},{"id":10001212},{"id":10001213},{"id":10001214},{"id":10001215},{"id":10001216},{"id":10001217},{"id":10001218},{"id":10001219},{"id":10001220},{"id":10001221},{"id":10001222},{"id":10001223},{"id":10001224},{"id":10001225},{"id":10001226},{"id":10001227},{"id":10001228},{"id":10001229},{"id":10001230},{"id":10001231},{"id":10001232},{"id":10001233},{"id":10001234},{"id":10001235},{"id":10001236},{"id":10001237},{"id":10001238},{"id":10001239},{"id":10001240},{"id":10001241},{"id":10001242},{"id":10001243},{"id":10001244},{"id":10001245},{"id":10001246},{"id":10001247},{"id":10001248},{"id":10001249},{"id":10001250},{"id":10001251},{"id":10001252},{"id":10001253},{"id":10001254},{"id":10001255},{"id":10001256},{"id":10001257},{"id":10001258},{"id":10001259},{"id":10001260},{"id":10001261},{"id":10001262},{"id":10001263},{"id":10001264},{"id":10001265},{"id":10001266},{"id":10001267},{"id":10001268},{"id":10001269},{"id":10001270},{"id":10001271},{"id":10001272},{"id":10001273},{"id":10001274},{"id":10001275},{"id":10001276},{"id":10001277},{"id":10001278},{"id":10001279},{"id":10001280},{"id":10001281},{"id":10001282},{"id":10001283},{"id":10001284},{"id":10001285},{"id":10001286},{"id":10001287},{"id":10001288},{"id":10001289},{"id":10001290},{"id":10001291},{"id":10001292},{"id":10001293},{"id":10001294},{"id":10001295},{"id":10001296},{"id":10001297},{"id":10001298},{"id":10001299},{"id":10001300},{"id":10001301},{"id":10001302},{"id":10001303},{"id":10001304},{"id":10001305},{"id":10001306},{"id":10001307},{"id":10001308},{"id":10001309},{"id":10001310},{"id":10001311},{"id":10001312},{"id":10001313},{"id":10001314},{"id":10001315},{"id":10001316},{"id":10001317},{"id":10001318},{"id":10001319},{"id":10001320},{"id":10001321},{"id":10001322},{"id":10001323},{"id":10001324},{"id":10001325},{"id":10001326},{"id":10001327},{"id":10001328},{"id":10001329},{"id":10001330},{"id":10001331},{"id":10001332},{"id":10001333},{"id":10001334},{"id":10001335},{"id":10001336},{"id":10001337},{"id":10001338},{"id":10001339},{"id":10001340},{"id":10001341},{"id":10001342},{"id":10001343},{"id":10001344},{"id":10001345},{"id":10001346},{"id":10001347},{"id":10001348},{"id":10001349},{"id":10001350},{"id":10001351},{"id":10001352},{"id":10001353},{"id":10001354},{"id":10001355},{"id":10001356},{"id":10001357},{"id":10001358},{"id":10001359},{"id":10001360},{"id":10001361},{"id":10001362},{"id":10001363},{"id":10001364},{"id":10001365},{"id":10001366},{"id":10001367},{"id":10001368},{"id":10001369},{"id":10001370},{"id":10001371},{"id":10001372},{"id":10001373},{"id":10001374},{"id":10001375},{"id":10001376},{"id":10001377},{"id":10001378},{"id":10001379},{"id":10001380},{"id":10001381},{"id":10001382},{"id":10001383},{"id":10001384},{"id":10001385},{"id":10001386},{"id":10001387},{"id":10001388},{"id":10001389},{"id":10001390},{"id":10001391},{"id":10001392},{"id":10001393},{"id":10001394},{"id":10001395},{"id":10001396},{"id":10001397},{"id":10001398},{"id":10001399},{"id":10001400},{"id":10001401},{"id":10001402},{"id":10001403},{"id":10001404},{"id":10001405},{"id":10001406},{"id":10001407},{"id":10001408},{"id":10001409},{"id":10001410},{"id":10001411},{"id":10001412},{"id":10001413},{"id":10001414},{"id":10001415},{"id":10001416},{"id":10001417},{"id":10001418},{"id":10001419},{"id":10001420},{"id":10001421},{"id":10001422},{"id":10001423},{"id":10001424},{"id":10001425},{"id":10001426},{"id":10001427},{"id":10001428},{"id":10001429},{"id":10001430},{"id":10001431},{"id":10001432},{"id":10001433},{"id":10001434},{"id":10001435},{"id":10001436},{"id":10001437},{"id":10001438},{"id":10001439},{"id":10001440},{"id":10001441},{"id":10001442},{"id":10001443},{"id":10001444},{"id":10001445},{"id":10001446},{"id":10001447},{"id":10001448},{"id":10001449},{"id":10001450},{"id":10001451},{"id":10001452},{"id":10001453},{"id":10001454},{"id":10001455},{"id":10001456},{"id":10001457},{"id":10001458},{"id":10001459},{"id":10001460},{"id":10001461},{"id":10001462},{"id":10001463},{"id":10001464},{"id":10001465},{"id":10001466},{"id":10001467},{"id":10001468},{"id":10001469},{"id":10001470},{"id":10001471},{"id":10001472},{"id":10001473},{"id":10001474},{"id":10001475},{"id":10001476},{"id":10001477},{"id":10001478},{"id":10001479},{"id":10001480},{"id":10001481},{"id":10001482},{"id":10001483},{"id":10001484},{"id":10001485},{"id":10001486},{"id":10001487},{"id":10001488},{"id":10001489},{"id":10001490},{"id":10001491},{"id":10001492},{"id":10001493},{"id":10001494},{"id":10001495},{"id":10001496},{"id":10001497},{"id":10001498},{"id":10001499},{"id":10001500},{"id":10001501},{"id":10001502},{"id":10001503},{"id":10001504},{"id":10001505},{"id":10001506},{"id":10001507},{"id":10001508},{"id":10001509},{"id":10001510},{"id":10001511},{"id":10001512},{"id":10001513},{"id":10001514},{"id":10001515},{"id":10001516},{"id":10001517},{"id":10001518},{"id":10001519},{"id":10001520},{"id":10001521},{"id":10001522},{"id":10001523},{"id":10001524},{"id":10001525},{"id":10001526},{"id":10001527},{"id":10001528},{"id":10001529},{"id":10001530},{"id":10001531},{"id":10001532},{"id":10001533},{"id":10001534},{"id":10001535},{"id":10001536},{"id":10001537},{"id":10001538},{"id":10001539},{"id":10001540},{"id":10001541},{"id":10001542},{"id":10001543},{"id":10001544},{"id":10001545},{"id":10001546},{"id":10001547},{"id":10001548},{"id":10001549},{"id":10001550},{"id":10001551},{"id":10001552},{"id":10001553},{"id":10001554},{"id":10001555},{"id":10001556},{"id":10001557},{"id":10001558},{"id":10001559},{"id":10001560},{"id":10001561},{"id":10001562},{"id":10001563},{"id":10001564},{"id":10001565},{"id":10001566},{"id":10001567},{"id":10001568},{"id":10001569},{"id":10001570},{"id":10001571},{"id":10001572},{"id":10001573},{"id":10001574},{"id":10001575},{"id":10001576},{"id":10001577},{"id":10001578},{"id":10001579},{"id":10001580},{"id":10001581},{"id":10001582},{"id":10001583},{"id":10001584},{"id":10001585},{"id":10001586},{"id":10001587},{"id":10001588},{"id":10001589},{"id":10001590},{"id":10001591},{"id":10001592},{"id":10001593},{"id":10001594},{"id":10001595},{"id":10001596},{"id":10001597},{"id":10001598},{"id":10001599},{"id":10001600},{"id":10001601},{"id":10001602},{"id":10001603},{"id":10001604},{"id":10001605},{"id":10001606},{"id":10001607},{"id":10001608},{"id":10001609},{"id":10001610},{"id":10001611},{"id":10001612},{"id":10001613},{"id":10001614},{"id":10001615},{"id":10001616},{"id":10001617},{"id":10001618},{"id":10001619},{"id":10001620},{"id":10001621},{"id":10001622},{"id":10001623},{"id":10001624},{"id":10001625},{"id":10001626},{"id":10001627},{"id":10001628},{"id":10001629},{"id":10001630},{"id":10001631},{"id":10001632},{"id":10001633},{"id":10001634},{"id":10001635},{"id":10001636},{"id":10001637},{"id":10001638},{"id":10001639},{"id":10001640},{"id":10001641},{"id":10001642},{"id":10001643},{"id":10001644},{"id":10001645},{"id":10001646},{"id":10001647},{"id":10001648},{"id":10001649},{"id":10001650},{"id":10001651},{"id":10001652},{"id":10001653},{"id":10001654},{"id":10001655},{"id":10001656},{"id":10001657},{"id":10001658},{"id":10001659},{"id":10001660},{"id":10001661},{"id":10001662},{"id":10001663},{"id":10001664},{"id":10001665},{"id":10001666},{"id":10001667},{"id":10001668},{"id":10001669},{"id":10001670},{"id":10001671},{"id":10001672},{"id":10001673},{"id":10001674},{"id":10001675},{"id":10001676},{"id":10001677},{"id":10001678},{"id":10001679},{"id":10001680},{"id":10001681},{"id":10001682},{"id":10001683},{"id":10001684},{"id":10001685},{"id":10001686},{"id":10001687},{"id":10001688},{"id":10001689},{"id":10001690},{"id":10001691},{"id":10001692},{"id":10001693},{"id":10001694},{"id":10001695},{"id":10001696},{"id":10001697},{"id":10001698},{"id":10001699},{"id":10001700},{"id":10001701},{"id":10001702},{"id":10001703},{"id":10001704},{"id":10001705},{"id":10001706},{"id":10001707},{"id":10001708},{"id":10001709},{"id":10001710},{"id":10001711},{"id":10001712},{"id":10001713},{"id":10001714},{"id":10001715},{"id":10001716},{"id":10001717},{"id":10001718},{"id":10001719},{"id":10001720},{"id":10001721},{"id":10001722},{"id":10001723},{"id":10001724},{"id":10001725},{"id":10001726},{"id":10001727},{"id":10001728},{"id":10001729},{"id":10001730},{"id":10001731},{"id":10001732},{"id":10001733},{"id":10001734},{"id":10001735},{"id":10001736},{"id":10001737},{"id":10001738},{"id":10001739},{"id":10001740},{"id":10001741},{"id":10001742},{"id":10001743},{"id":10001744},{"id":10001745},{"id":10001746},{"id":10001747},{"id":10001748},{"id":10001749},{"id":10001750},{"id":10001751},{"id":10001752},{"id":10001753},{"id":10001754},{"id":10001755},{"id":10001756},{"id":10001757},{"id":10001758},{"id":10001759},{"id":10001760},{"id":10001761},{"id":10001762},{"id":10001763},{"id":10001764},{"id":10001765},{"id":10001766},{"id":10001767},{"id":10001768},{"id":10001769},{"id":10001770},{"id":10001771},{"id":10001772},{"id":10001773},{"id":10001774},{"id":10001775},{"id":10001776},{"id":10001777},{"id":10001778},{"id":10001779},{"id":10001780},{"id":10001781},{"id":10001782},{"id":10001783},{"id":10001784},{"id":10001785},{"id":10001786},{"id":10001787},{"id":10001788},{"id":10001789},{"id":10001790},{"id":10001791},{"id":10001792},{"id":10001793},{"id":10001794},{"id":10001795},{"id":10001796},{"id":10001797},{"id":10001798},{"id":10001799},{"id":10001800},{"id":10001801},{"id":10001802},{"id":10001803},{"id":10001804},{"id":10001805},{"id":10001806},{"id":10001807},{"id":10001808},{"id":10001809},{"id":10001810},{"id":10001811},{"id":10001812},{"id":10001813},{"id":10001814},{"id":10001815},{"id":10001816},{"id":10001817},{"id":10001818},{"id":10001819},{"id":10001820},{"id":10001821},{"id":10001822},{"id":10001823},{"id":10001824},{"id":10001825},{"id":10001826},{"id":10001827},{"id":10001828},{"id":10001829},{"id":10001830},{"id":10001831},{"id":10001832},{"id":10001833},{"id":10001834},{"id":10001835},{"id":10001836},{"id":10001837},{"id":10001838},{"id":10001839},{"id":10001840},{"id":10001841},{"id":10001842},{"id":10001843},{"id":10001844},{"id":10001845},{"id":10001846},{"id":10001847},{"id":10001848},{"id":10001849},{"id":10001850},{"id":10001851},{"id":10001852},{"id":10001853},{"id":10001854},{"id":10001855},{"id":10001856},{"id":10001857},{"id":10001858},{"id":10001859},{"id":10001860},{"id":10001861},{"id":10001862},{"id":10001863},{"id":10001864},{"id":10001865},{"id":10001866},{"id":10001867},{"id":10001868},{"id":10001869},{"id":10001870},{"id":10001871},{"id":10001872},{"id":10001873},{"id":10001874},{"id":10001875},{"id":10001876},{"id":10001877},{"id":10001878},{"id":10001879},{"id":10001880},{"id":10001881},{"id":10001882},{"id":10001883},{"id":10001884},{"id":10001885},{"id":10001886},{"id":10001887},{"id":10001888},{"id":10001889},{"id":10001890},{"id":10001891},{"id":10001892},{"id":10001893},{"id":10001894},{"id":10001895},{"id":10001896},{"id":10001897},{"id":10001898},{"id":10001899},{"id":10001900},{"id":10001901},{"id":10001902},{"id":10001903},{"id":10001904},{"id":10001905},{"id":10001906},{"id":10001907},{"id":10001908},{"id":10001909},{"id":10001910},{"id":10001911},{"id":10001912},{"id":10001913},{"id":10001914},{"id":10001915},{"id":10001916},{"id":10001917},{"id":10001918},{"id":10001919},{"id":10001920},{"id":10001921},{"id":10001922},{"id":10001923},{"id":10001924},{"id":10001925},{"id":10001926},{"id":10001927},{"id":10001928},{"id":10001929},{"id":10001930},{"id":10001931},{"id":10001932},{"id":10001933},{"id":10001934},{"id":10001935},{"id":10001936},{"id":10001937},{"id":10001938},{"id":10001939},{"id":10001940},{"id":10001941},{"id":10001942},{"id":10001943},{"id":10001944},{"id":10001945},{"id":10001946},{"id":10001947},{"id":10001948},{"id":10001949},{"id":10001950},{"id":10001951},{"id":10001952},{"id":10001953},{"id":10001954},{"id":10001955},{"id":10001956},{"id":10001957},{"id":10001958},{"id":10001959},{"id":10001960},{"id":10001961},{"id":10001962},{"id":10001963},{"id":10001964},{"id":10001965},{"id":10001966},{"id":10001967},{"id":10001968},{"id":10001969},{"id":10001970},{"id":10001971},{"id":10001972},{"id":10001973},{"id":10001974},{"id":10001975},{"id":10001976},{"id":10001977},{"id":10001978},{"id":10001979},{"id":10001980},{"id":10001981},{"id":10001982},{"id":10001983},{"id":10001984},{"id":10001985},{"id":10001986},{"id":10001987},{"id":10001988},{"id":10001989},{"id":10001990},{"id":10001991},{"id":10001992},{"id":10001993},{"id":10001994},{"id":10001995},{"id":10001996},{"id":10001997},{"id":10001998},{"id":10001999},{"id":10002000},{"id":10002001},{"id":10002002},{"id":10002003},{"id":10002004},{"id":10002005},{"id":10002006},{"id":10002007},{"id":10002008},{"id":10002009},{"id":10002010},{"id":10002011},{"id":10002012},{"id":10002013},{"id":10002014},{"id":10002015},{"id":10002016},{"id":10002017},{"id":10002018},{"id":10002019},{"id":10002020},{"id":10002021},{"id":10002022},{"id":10002023},{"id":10002024},{"id":10002025},{"id":10002026},{"id":10002027},{"id":10002028},{"id":10002029},{"id":10002030},{"id":10002031},{"id":10002032},{"id":10002033},{"id":10002034},{"id":10002035},{"id":10002036},{"id":10002037},{"id":10002038},{"id":10002039},{"id":10002040},{"id":10002041},{"id":10002042},{"id":10002043},{"id":10002044},{"id":10002045},{"id":10002046},{"id":10002047},{"id":10002048},{"id":10002049},{"id":10002050},{"id":10002051},{"id":10002052},{"id":10002053},{"id":10002054},{"id":10002055},{"id":10002056},{"id":10002057},{"id":10002058},{"id":10002059},{"id":10002060},{"id":10002061},{"id":10002062},{"id":10002063},{"id":10002064},{"id":10002065},{"id":10002066},{"id":10002067},{"id":10002068},{"id":10002069},{"id":10002070},{"id":10002071},{"id":10002072},{"id":10002073},{"id":10002074},{"id":10002075},{"id":10002076},{"id":10002077},{"id":10002078},{"id":10002079},{"id":10002080},{"id":10002081},{"id":10002082},{"id":10002083},{"id":10002084},{"id":10002085},{"id":10002086},{"id":10002087},{"id":10002088},{"id":10002089},{"id":10002090},{"id":10002091},{"id":10002092},{"id":10002093},{"id":10002094},{"id":10002095},{"id":10002096},{"id":10002097},{"id":10002098},{"id":10002099},{"id":10002100},{"id":10002101},{"id":10002102},{"id":10002103},{"id":10002104},{"id":10002105},{"id":10002106},{"id":10002107},{"id":10002108},{"id":10002109},{"id":10002110},{"id":10002111},{"id":10002112},{"id":10002113},{"id":10002114},{"id":10002115},{"id":10002116},{"id":10002117},{"id":10002118},{"id":10002119},{"id":10002120},{"id":10002121},{"id":10002122},{"id":10002123},{"id":10002124},{"id":10002125},{"id":10002126},{"id":10002127},{"id":10002128},{"id":10002129},{"id":10002130},{"id":10002131},{"id":10002132},{"id":10002133},{"id":10002134},{"id":10002135},{"id":10002136},{"id":10002137},{"id":10002138},{"id":10002139},{"id":10002140},{"id":10002141},{"id":10002142},{"id":10002143},{"id":10002144},{"id":10002145},{"id":10002146},{"id":10002147},{"id":10002148},{"id":10002149},{"id":10002150},{"id":10002151},{"id":10002152},{"id":10002153},{"id":10002154},{"id":10002155},{"id":10002156},{"id":10002157},{"id":10002158},{"id":10002159},{"id":10002160},{"id":10002161},{"id":10002162},{"id":10002163},{"id":10002164},{"id":10002165},{"id":10002166},{"id":10002167},{"id":10002168},{"id":10002169},{"id":10002170},{"id":10002171},{"id":10002172},{"id":10002173},{"id":10002174},{"id":10002175},{"id":10002176},{"id":10002177},{"id":10002178},{"id":10002179},{"id":10002180},{"id":10002181},{"id":10002182},{"id":10002183},{"id":10002184},{"id":10002185},{"id":10002186},{"id":10002187},{"id":10002188},{"id":10002189},{"id":10002190},{"id":10002191},{"id":10002192},{"id":10002193},{"id":10002194},{"id":10002195},{"id":10002196},{"id":10002197},{"id":10002198},{"id":10002199},{"id":10002200},{"id":10002201},{"id":10002202},{"id":10002203},{"id":10002204},{"id":10002205},{"id":10002206},{"id":10002207},{"id":10002208},{"id":10002209},{"id":10002210},{"id":10002211},{"id":10002212},{"id":10002213},{"id":10002214},{"id":10002215},{"id":10002216},{"id":10002217},{"id":10002218},{"id":10002219},{"id":10002220},{"id":10002221},{"id":10002222},{"id":10002223},{"id":10002224},{"id":10002225},{"id":10002226},{"id":10002227},{"id":10002228},{"id":10002229},{"id":10002230},{"id":10002231},{"id":10002232},{"id":10002233},{"id":10002234},{"id":10002235},{"id":10002236},{"id":10002237},{"id":10002238},{"id":10002239},{"id":10002240},{"id":10002241},{"id":10002242},{"id":10002243},{"id":10002244},{"id":10002245},{"id":10002246},{"id":10002247},{"id":10002248},{"id":10002249},{"id":10002250},{"id":10002251},{"id":10002252},{"id":10002253},{"id":10002254},{"id":10002255},{"id":10002256},{"id":10002257},{"id":10002258},{"id":10002259},{"id":10002260},{"id":10002261},{"id":10002262},{"id":10002263},{"id":10002264},{"id":10002265},{"id":10002266},{"id":10002267},{"id":10002268},{"id":10002269},{"id":10002270},{"id":10002271},{"id":10002272},{"id":10002273},{"id":10002274},{"id":10002275},{"id":10002276},{"id":10002277},{"id":10002278},{"id":10002279},{"id":10002280},{"id":10002281},{"id":10002282},{"id":10002283},{"id":10002284},{"id":10002285},{"id":10002286},{"id":10002287},{"id":10002288},{"id":10002289},{"id":10002290},{"id":10002291},{"id":10002292},{"id":10002293},{"id":10002294},{"id":10002295},{"id":10002296},{"id":10002297},{"id":10002298},{"id":10002299},{"id":10002300},{"id":10002301},{"id":10002302},{"id":10002303},{"id":10002304},{"id":10002305},{"id":10002306},{"id":10002307},{"id":10002308},{"id":10002309},{"id":10002310},{"id":10002311},{"id":10002312},{"id":10002313},{"id":10002314},{"id":10002315},{"id":10002316},{"id":10002317},{"id":10002318},{"id":10002319},{"id":10002320},{"id":10002321},{"id":10002322},{"id":10002323},{"id":10002324},{"id":10002325},{"id":10002326},{"id":10002327},{"id":10002328},{"id":10002329},{"id":10002330},{"id":10002331},{"id":10002332},{"id":10002333},{"id":10002334},{"id":10002335},{"id":10002336},{"id":10002337},{"id":10002338},{"id":10002339},{"id":10002340},{"id":10002341},{"id":10002342},{"id":10002343},{"id":10002344},{"id":10002345},{"id":10002346},{"id":10002347},{"id":10002348},{"id":10002349},{"id":10002350},{"id":10002351},{"id":10002352},{"id":10002353},{"id":10002354},{"id":10002355},{"id":10002356},{"id":10002357},{"id":10002358},{"id":10002359},{"id":10002360},{"id":10002361},{"id":10002362},{"id":10002363},{"id":10002364},{"id":10002365},{"id":10002366},{"id":10002367},{"id":10002368},{"id":10002369},{"id":10002370},{"id":10002371},{"id":10002372},{"id":10002373},{"id":10002374},{"id":10002375},{"id":10002376},{"id":10002377},{"id":10002378},{"id":10002379},{"id":10002380},{"id":10002381},{"id":10002382},{"id":10002383},{"id":10002384},{"id":10002385},{"id":10002386},{"id":10002387},{"id":10002388},{"id":10002389},{"id":10002390},{"id":10002391},{"id":10002392},{"id":10002393},{"id":10002394},{"id":10002395},{"id":10002396},{"id":10002397},{"id":10002398},{"id":10002399},{"id":10002400},{"id":10002401},{"id":10002402},{"id":10002403},{"id":10002404},{"id":10002405},{"id":10002406},{"id":10002407},{"id":10002408},{"id":10002409},{"id":10002410},{"id":10002411},{"id":10002412},{"id":10002413},{"id":10002414},{"id":10002415},{"id":10002416},{"id":10002417},{"id":10002418},{"id":10002419},{"id":10002420},{"id":10002421},{"id":10002422},{"id":10002423},{"id":10002424},{"id":10002425},{"id":10002426},{"id":10002427},{"id":10002428},{"id":10002429},{"id":10002430},{"id":10002431},{"id":10002432},{"id":10002433},{"id":10002434},{"id":10002435},{"id":10002436},{"id":10002437},{"id":10002438},{"id":10002439},{"id":10002440},{"id":10002441},{"id":10002442},{"id":10002443},{"id":10002444},{"id":10002445},{"id":10002446},{"id":10002447},{"id":10002448},{"id":10002449},{"id":10002450},{"id":10002451},{"id":10002452},{"id":10002453},{"id":10002454},{"id":10002455},{"id":10002456},{"id":10002457},{"id":10002458},{"id":10002459},{"id":10002460},{"id":10002461},{"id":10002462},{"id":10002463},{"id":10002464},{"id":10002465},{"id":10002466},{"id":10002467},{"id":10002468},{"id":10002469},{"id":10002470},{"id":10002471},{"id":10002472},{"id":10002473},{"id":10002474},{"id":10002475},{"id":10002476},{"id":10002477},{"id":10002478},{"id":10002479},{"id":10002480},{"id":10002481},{"id":10002482},{"id":10002483},{"id":10002484},{"id":10002485},{"id":10002486},{"id":10002487},{"id":10002488},{"id":10002489},{"id":10002490},{"id":10002491},{"id":10002492},{"id":10002493},{"id":10002494},{"id":10002495},{"id":10002496},{"id":10002497},{"id":10002498},{"id":10002499},{"id":10002500},{"id":10002501},{"id":10002502},{"id":10002503},{"id":10002504},{"id":10002505},{"id":10002506},{"id":10002507},{"id":10002508},{"id":10002509},{"id":10002510},{"id":10002511},{"id":10002512},{"id":10002513},{"id":10002514},{"id":10002515},{"id":10002516},{"id":10002517},{"id":10002518},{"id":10002519},{"id":10002520},{"id":10002521},{"id":10002522},{"id":10002523},{"id":10002524},{"id":10002525},{"id":10002526},{"id":10002527},{"id":10002528},{"id":10002529},{"id":10002530},{"id":10002531},{"id":10002532},{"id":10002533},{"id":10002534},{"id":10002535},{"id":10002536},{"id":10002537},{"id":10002538},{"id":10002539},{"id":10002540},{"id":10002541},{"id":10002542},{"id":10002543},{"id":10002544},{"id":10002545},{"id":10002546},{"id":10002547},{"id":10002548},{"id":10002549},{"id":10002550},{"id":10002551},{"id":10002552},{"id":10002553},{"id":10002554},{"id":10002555},{"id":10002556},{"id":10002557},{"id":10002558},{"id":10002559},{"id":10002560},{"id":10002561},{"id":10002562},{"id":10002563},{"id":10002564},{"id":10002565},{"id":10002566},{"id":10002567},{"id":10002568},{"id":10002569},{"id":10002570},{"id":10002571},{"id":10002572},{"id":10002573},{"id":10002574},{"id":10002575},{"id":10002576},{"id":10002577},{"id":10002578},{"id":10002579},{"id":10002580},{"id":10002581},{"id":10002582},{"id":10002583},{"id":10002584},{"id":10002585},{"id":10002586},{"id":10002587},{"id":10002588},{"id":10002589},{"id":10002590},{"id":10002591},{"id":10002592},{"id":10002593},{"id":10002594},{"id":10002595},{"id":10002596},{"id":10002597},{"id":10002598},{"id":10002599},{"id":10002600},{"id":10002601},{"id":10002602},{"id":10002603},{"id":10002604},{"id":10002605},{"id":10002606},{"id":10002607},{"id":10002608},{"id":10002609},{"id":10002610},{"id":10002611},{"id":10002612},{"id":10002613},{"id":10002614},{"id":10002615},{"id":10002616},{"id":10002617},{"id":10002618},{"id":10002619},{"id":10002620},{"id":10002621},{"id":10002622},{"id":10002623},{"id":10002624},{"id":10002625},{"id":10002626},{"id":10002627},{"id":10002628},{"id":10002629},{"id":10002630},{"id":10002631},{"id":10002632},{"id":10002633},{"id":10002634},{"id":10002635},{"id":10002636},{"id":10002637},{"id":10002638},{"id":10002639},{"id":10002640},{"id":10002641},{"id":10002642},{"id":10002643},{"id":10002644},{"id":10002645},{"id":10002646},{"id":10002647},{"id":10002648},{"id":10002649},{"id":10002650},{"id":10002651},{"id":10002652},{"id":10002653},{"id":10002654},{"id":10002655},{"id":10002656},{"id":10002657},{"id":10002658},{"id":10002659},{"id":10002660},{"id":10002661},{"id":10002662},{"id":10002663},{"id":10002664},{"id":10002665},{"id":10002666},{"id":10002667},{"id":10002668},{"id":10002669},{"id":10002670},{"id":10002671},{"id":10002672},{"id":10002673},{"id":10002674},{"id":10002675},{"id":10002676},{"id":10002677},{"id":10002678},{"id":10002679},{"id":10002680},{"id":10002681},{"id":10002682},{"id":10002683},{"id":10002684},{"id":10002685},{"id":10002686},{"id":10002687},{"id":10002688},{"id":10002689},{"id":10002690},{"id":10002691},{"id":10002692},{"id":10002693},{"id":10002694},{"id":10002695},{"id":10002696},{"id":10002697},{"id":10002698},{"id":10002699},{"id":10002700},{"id":10002701},{"id":10002702},{"id":10002703},{"id":10002704},{"id":10002705},{"id":10002706},{"id":10002707},{"id":10002708},{"id":10002709},{"id":10002710},{"id":10002711},{"id":10002712},{"id":10002713},{"id":10002714},{"id":10002715},{"id":10002716},{"id":10002717},{"id":10002718},{"id":10002719},{"id":10002720},{"id":10002721},{"id":10002722},{"id":10002723},{"id":10002724},{"id":10002725},{"id":10002726},{"id":10002727},{"id":10002728},{"id":10002729},{"id":10002730},{"id":10002731},{"id":10002732},{"id":10002733},{"id":10002734},{"id":10002735},{"id":10002736},{"id":10002737},{"id":10002738},{"id":10002739},{"id":10002740},{"id":10002741},{"id":10002742},{"id":10002743},{"id":10002744},{"id":10002745},{"id":10002746},{"id":10002747},{"id":10002748},{"id":10002749},{"id":10002750},{"id":10002751},{"id":10002752},{"id":10002753},{"id":10002754},{"id":10002755},{"id":10002756},{"id":10002757},{"id":10002758},{"id":10002759},{"id":10002760},{"id":10002761},{"id":10002762},{"id":10002763},{"id":10002764},{"id":10002765},{"id":10002766},{"id":10002767},{"id":10002768},{"id":10002769},{"id":10002770},{"id":10002771},{"id":10002772},{"id":10002773},{"id":10002774},{"id":10002775},{"id":10002776},{"id":10002777},{"id":10002778},{"id":10002779},{"id":10002780},{"id":10002781},{"id":10002782},{"id":10002783},{"id":10002784},{"id":10002785},{"id":10002786},{"id":10002787},{"id":10002788},{"id":10002789},{"id":10002790},{"id":10002791},{"id":10002792},{"id":10002793},{"id":10002794},{"id":10002795},{"id":10002796},{"id":10002797},{"id":10002798},{"id":10002799},{"id":10002800},{"id":10002801},{"id":10002802},{"id":10002803},{"id":10002804},{"id":10002805},{"id":10002806},{"id":10002807},{"id":10002808},{"id":10002809},{"id":10002810},{"id":10002811},{"id":10002812},{"id":10002813},{"id":10002814},{"id":10002815},{"id":10002816},{"id":10002817},{"id":10002818},{"id":10002819},{"id":10002820},{"id":10002821},{"id":10002822},{"id":10002823},{"id":10002824},{"id":10002825},{"id":10002826},{"id":10002827},{"id":10002828},{"id":10002829},{"id":10002830},{"id":10002831},{"id":10002832},{"id":10002833},{"id":10002834},{"id":10002835},{"id":10002836},{"id":10002837},{"id":10002838},{"id":10002839},{"id":10002840},{"id":10002841},{"id":10002842},{"id":10002843},{"id":10002844},{"id":10002845},{"id":10002846},{"id":10002847},{"id":10002848},{"id":10002849},{"id":10002850},{"id":10002851},{"id":10002852},{"id":10002853},{"id":10002854},{"id":10002855},{"id":10002856},{"id":10002857},{"id":10002858},{"id":10002859},{"id":10002860},{"id":10002861},{"id":10002862},{"id":10002863},{"id":10002864},{"id":10002865},{"id":10002866},{"id":10002867},{"id":10002868},{"id":10002869},{"id":10002870},{"id":10002871},{"id":10002872},{"id":10002873},{"id":10002874},{"id":10002875},{"id":10002876},{"id":10002877},{"id":10002878},{"id":10002879},{"id":10002880},{"id":10002881},{"id":10002882},{"id":10002883},{"id":10002884},{"id":10002885},{"id":10002886},{"id":10002887},{"id":10002888},{"id":10002889},{"id":10002890},{"id":10002891},{"id":10002892},{"id":10002893},{"id":10002894},{"id":10002895},{"id":10002896},{"id":10002897},{"id":10002898},{"id":10002899},{"id":10002900},{"id":10002901},{"id":10002902},{"id":10002903},{"id":10002904},{"id":10002905},{"id":10002906},{"id":10002907},{"id":10002908},{"id":10002909},{"id":10002910},{"id":10002911},{"id":10002912},{"id":10002913},{"id":10002914},{"id":10002915},{"id":10002916},{"id":10002917},{"id":10002918},{"id":10002919},{"id":10002920},{"id":10002921},{"id":10002922},{"id":10002923},{"id":10002924},{"id":10002925},{"id":10002926},{"id":10002927},{"id":10002928},{"id":10002929},{"id":10002930},{"id":10002931},{"id":10002932},{"id":10002933},{"id":10002934},{"id":10002935},{"id":10002936},{"id":10002937},{"id":10002938},{"id":10002939},{"id":10002940},{"id":10002941},{"id":10002942},{"id":10002943},{"id":10002944},{"id":10002945},{"id":10002946},{"id":10002947},{"id":10002948},{"id":10002949},{"id":10002950},{"id":10002951},{"id":10002952},{"id":10002953},{"id":10002954},{"id":10002955},{"id":10002956},{"id":10002957},{"id":10002958},{"id":10002959},{"id":10002960},{"id":10002961},{"id":10002962},{"id":10002963},{"id":10002964},{"id":10002965},{"id":10002966},{"id":10002967},{"id":10002968},{"id":10002969},{"id":10002970},{"id":10002971},{"id":10002972},{"id":10002973},{"id":10002974},{"id":10002975},{"id":10002976},{"id":10002977},{"id":10002978},{"id":10002979},{"id":10002980},{"id":10002981},{"id":10002982},{"id":10002983},{"id":10002984},{"id":10002985},{"id":10002986},{"id":10002987},{"id":10002988},{"id":10002989},{"id":10002990},{"id":10002991},{"id":10002992},{"id":10002993},{"id":10002994},{"id":10002995},{"id":10002996},{"id":10002997},{"id":10002998},{"id":10002999},{"id":10003000},{"id":10003001},{"id":10003002},{"id":10003003},{"id":10003004},{"id":10003005},{"id":10003006},{"id":10003007},{"id":10003008},{"id":10003009},{"id":10003010},{"id":10003011},{"id":10003012},{"id":10003013},{"id":10003014},{"id":10003015},{"id":10003016},{"id":10003017},{"id":10003018},{"id":10003019},{"id":10003020},{"id":10003021},{"id":10003022},{"id":10003023},{"id":10003024},{"id":10003025},{"id":10003026},{"id":10003027},{"id":10003028},{"id":10003029},{"id":10003030},{"id":10003031},{"id":10003032},{"id":10003033},{"id":10003034},{"id":10003035},{"id":10003036},{"id":10003037},{"id":10003038},{"id":10003039},{"id":10003040},{"id":10003041},{"id":10003042},{"id":10003043},{"id":10003044},{"id":10003045},{"id":10003046},{"id":10003047},{"id":10003048},{"id":10003049},{"id":10003050},{"id":10003051},{"id":10003052},{"id":10003053},{"id":10003054},{"id":10003055},{"id":10003056},{"id":10003057},{"id":10003058},{"id":10003059},{"id":10003060},{"id":10003061},{"id":10003062},{"id":10003063},{"id":10003064},{"id":10003065},{"id":10003066},{"id":10003067},{"id":10003068},{"id":10003069},{"id":10003070},{"id":10003071},{"id":10003072},{"id":10003073},{"id":10003074},{"id":10003075},{"id":10003076},{"id":10003077},{"id":10003078},{"id":10003079},{"id":10003080},{"id":10003081},{"id":10003082},{"id":10003083},{"id":10003084},{"id":10003085},{"id":10003086},{"id":10003087},{"id":10003088},{"id":10003089},{"id":10003090},{"id":10003091},{"id":10003092},{"id":10003093},{"id":10003094},{"id":10003095},{"id":10003096},{"id":10003097},{"id":10003098},{"id":10003099},{"id":10003100},{"id":10003101},{"id":10003102},{"id":10003103},{"id":10003104},{"id":10003105},{"id":10003106},{"id":10003107},{"id":10003108},{"id":10003109},{"id":10003110},{"id":10003111},{"id":10003112},{"id":10003113},{"id":10003114},{"id":10003115},{"id":10003116},{"id":10003117},{"id":10003118},{"id":10003119},{"id":10003120},{"id":10003121},{"id":10003122},{"id":10003123},{"id":10003124},{"id":10003125},{"id":10003126},{"id":10003127},{"id":10003128},{"id":10003129},{"id":10003130},{"id":10003131},{"id":10003132},{"id":10003133},{"id":10003134},{"id":10003135},{"id":10003136},{"id":10003137},{"id":10003138},{"id":10003139},{"id":10003140},{"id":10003141},{"id":10003142},{"id":10003143},{"id":10003144},{"id":10003145},{"id":10003146},{"id":10003147},{"id":10003148},{"id":10003149},{"id":10003150},{"id":10003151},{"id":10003152},{"id":10003153},{"id":10003154},{"id":10003155},{"id":10003156},{"id":10003157},{"id":10003158},{"id":10003159},{"id":10003160},{"id":10003161},{"id":10003162},{"id":10003163},{"id":10003164},{"id":10003165},{"id":10003166},{"id":10003167},{"id":10003168},{"id":10003169},{"id":10003170},{"id":10003171},{"id":10003172},{"id":10003173},{"id":10003174},{"id":10003175},{"id":10003176},{"id":10003177},{"id":10003178},{"id":10003179},{"id":10003180},{"id":10003181},{"id":10003182},{"id":10003183},{"id":10003184},{"id":10003185},{"id":10003186},{"id":10003187},{"id":10003188},{"id":10003189},{"id":10003190},{"id":10003191},{"id":10003192},{"id":10003193},{"id":10003194},{"id":10003195},{"id":10003196},{"id":10003197},{"id":10003198},{"id":10003199},{"id":10003200},{"id":10003201},{"id":10003202},{"id":10003203},{"id":10003204},{"id":10003205},{"id":10003206},{"id":10003207},{"id":10003208},{"id":10003209},{"id":10003210},{"id":10003211},{"id":10003212},{"id":10003213},{"id":10003214},{"id":10003215},{"id":10003216},{"id":10003217},{"id":10003218},{"id":10003219},{"id":10003220},{"id":10003221},{"id":10003222},{"id":10003223},{"id":10003224},{"id":10003225},{"id":10003226},{"id":10003227},{"id":10003228},{"id":10003229},{"id":10003230},{"id":10003231},{"id":10003232},{"id":10003233},{"id":10003234},{"id":10003235},{"id":10003236},{"id":10003237},{"id":10003238},{"id":10003239},{"id":10003240},{"id":10003241},{"id":10003242},{"id":10003243},{"id":10003244},{"id":10003245},{"id":10003246},{"id":10003247},{"id":10003248},{"id":10003249},{"id":10003250},{"id":10003251},{"id":10003252},{"id":10003253},{"id":10003254},{"id":10003255},{"id":10003256},{"id":10003257},{"id":10003258},{"id":10003259},{"id":10003260},{"id":10003261},{"id":10003262},{"id":10003263},{"id":10003264},{"id":10003265},{"id":10003266},{"id":10003267},{"id":10003268},{"id":10003269},{"id":10003270},{"id":10003271},{"id":10003272},{"id":10003273},{"id":10003274},{"id":10003275},{"id":10003276},{"id":10003277},{"id":10003278},{"id":10003279},{"id":10003280},{"id":10003281},{"id":10003282},{"id":10003283},{"id":10003284},{"id":10003285},{"id":10003286},{"id":10003287},{"id":10003288},{"id":10003289},{"id":10003290},{"id":10003291},{"id":10003292},{"id":10003293},{"id":10003294},{"id":10003295},{"id":10003296},{"id":10003297},{"id":10003298},{"id":10003299},{"id":10003300},{"id":10003301},{"id":10003302},{"id":10003303},{"id":10003304},{"id":10003305},{"id":10003306},{"id":10003307},{"id":10003308},{"id":10003309},{"id":10003310},{"id":10003311},{"id":10003312},{"id":10003313},{"id":10003314},{"id":10003315},{"id":10003316},{"id":10003317},{"id":10003318},{"id":10003319},{"id":10003320},{"id":10003321},{"id":10003322},{"id":10003323},{"id":10003324},{"id":10003325},{"id":10003326},{"id":10003327},{"id":10003328},{"id":10003329},{"id":10003330},{"id":10003331},{"id":10003332},{"id":10003333},{"id":10003334},{"id":10003335},{"id":10003336},{"id":10003337},{"id":10003338},{"id":10003339},{"id":10003340},{"id":10003341},{"id":10003342},{"id":10003343},{"id":10003344},{"id":10003345},{"id":10003346},{"id":10003347},{"id":10003348},{"id":10003349},{"id":10003350},{"id":10003351},{"id":10003352},{"id":10003353},{"id":10003354},{"id":10003355},{"id":10003356},{"id":10003357},{"id":10003358},{"id":10003359},{"id":10003360},{"id":10003361},{"id":10003362},{"id":10003363},{"id":10003364},{"id":10003365},{"id":10003366},{"id":10003367},{"id":10003368},{"id":10003369},{"id":10003370},{"id":10003371},{"id":10003372},{"id":10003373},{"id":10003374},{"id":10003375},{"id":10003376},{"id":10003377},{"id":10003378},{"id":10003379},{"id":10003380},{"id":10003381},{"id":10003382},{"id":10003383},{"id":10003384},{"id":10003385},{"id":10003386},{"id":10003387},{"id":10003388},{"id":10003389},{"id":10003390},{"id":10003391},{"id":10003392},{"id":10003393},{"id":10003394},{"id":10003395},{"id":10003396},{"id":10003397},{"id":10003398},{"id":10003399},{"id":10003400},{"id":10003401},{"id":10003402},{"id":10003403},{"id":10003404},{"id":10003405},{"id":10003406},{"id":10003407},{"id":10003408},{"id":10003409},{"id":10003410},{"id":10003411},{"id":10003412},{"id":10003413},{"id":10003414},{"id":10003415},{"id":10003416},{"id":10003417},{"id":10003418},{"id":10003419},{"id":10003420},{"id":10003421},{"id":10003422},{"id":10003423},{"id":10003424},{"id":10003425},{"id":10003426},{"id":10003427},{"id":10003428},{"id":10003429},{"id":10003430},{"id":10003431},{"id":10003432},{"id":10003433},{"id":10003434},{"id":10003435},{"id":10003436},{"id":10003437},{"id":10003438},{"id":10003439},{"id":10003440},{"id":10003441},{"id":10003442},{"id":10003443},{"id":10003444},{"id":10003445},{"id":10003446},{"id":10003447},{"id":10003448},{"id":10003449},{"id":10003450},{"id":10003451},{"id":10003452},{"id":10003453},{"id":10003454},{"id":10003455},{"id":10003456},{"id":10003457},{"id":10003458},{"id":10003459},{"id":10003460},{"id":10003461},{"id":10003462},{"id":10003463},{"id":10003464},{"id":10003465},{"id":10003466},{"id":10003467},{"id":10003468},{"id":10003469},{"id":10003470},{"id":10003471},{"id":10003472},{"id":10003473},{"id":10003474},{"id":10003475},{"id":10003476},{"id":10003477},{"id":10003478},{"id":10003479},{"id":10003480},{"id":10003481},{"id":10003482},{"id":10003483},{"id":10003484},{"id":10003485},{"id":10003486},{"id":10003487},{"id":10003488},{"id":10003489},{"id":10003490},{"id":10003491},{"id":10003492},{"id":10003493},{"id":10003494},{"id":10003495},{"id":10003496},{"id":10003497},{"id":10003498},{"id":10003499},{"id":10003500},{"id":10003501},{"id":10003502},{"id":10003503},{"id":10003504},{"id":10003505},{"id":10003506},{"id":10003507},{"id":10003508},{"id":10003509},{"id":10003510},{"id":10003511},{"id":10003512},{"id":10003513},{"id":10003514},{"id":10003515},{"id":10003516},{"id":10003517},{"id":10003518},{"id":10003519},{"id":10003520},{"id":10003521},{"id":10003522},{"id":10003523},{"id":10003524},{"id":10003525},{"id":10003526},{"id":10003527},{"id":10003528},{"id":10003529},{"id":10003530},{"id":10003531},{"id":10003532},{"id":10003533},{"id":10003534},{"id":10003535},{"id":10003536},{"id":10003537},{"id":10003538},{"id":10003539},{"id":10003540},{"id":10003541},{"id":10003542},{"id":10003543},{"id":10003544},{"id":10003545},{"id":10003546},{"id":10003547},{"id":10003548},{"id":10003549},{"id":10003550},{"id":10003551},{"id":10003552},{"id":10003553},{"id":10003554},{"id":10003555},{"id":10003556},{"id":10003557},{"id":10003558},{"id":10003559},{"id":10003560},{"id":10003561},{"id":10003562},{"id":10003563},{"id":10003564},{"id":10003565},{"id":10003566},{"id":10003567},{"id":10003568},{"id":10003569},{"id":10003570},{"id":10003571},{"id":10003572},{"id":10003573},{"id":10003574},{"id":10003575},{"id":10003576},{"id":10003577},{"id":10003578},{"id":10003579},{"id":10003580},{"id":10003581},{"id":10003582},{"id":10003583},{"id":10003584},{"id":10003585},{"id":10003586},{"id":10003587},{"id":10003588},{"id":10003589},{"id":10003590},{"id":10003591},{"id":10003592},{"id":10003593},{"id":10003594},{"id":10003595},{"id":10003596},{"id":10003597},{"id":10003598},{"id":10003599},{"id":10003600},{"id":10003601},{"id":10003602},{"id":10003603},{"id":10003604},{"id":10003605},{"id":10003606},{"id":10003607},{"id":10003608},{"id":10003609},{"id":10003610},{"id":10003611},{"id":10003612},{"id":10003613},{"id":10003614},{"id":10003615},{"id":10003616},{"id":10003617},{"id":10003618},{"id":10003619},{"id":10003620},{"id":10003621},{"id":10003622},{"id":10003623},{"id":10003624},{"id":10003625},{"id":10003626},{"id":10003627},{"id":10003628},{"id":10003629},{"id":10003630},{"id":10003631},{"id":10003632},{"id":10003633},{"id":10003634},{"id":10003635},{"id":10003636},{"id":10003637},{"id":10003638},{"id":10003639},{"id":10003640},{"id":10003641},{"id":10003642},{"id":10003643},{"id":10003644},{"id":10003645},{"id":10003646},{"id":10003647},{"id":10003648},{"id":10003649},{"id":10003650},{"id":10003651},{"id":10003652},{"id":10003653},{"id":10003654},{"id":10003655},{"id":10003656},{"id":10003657},{"id":10003658},{"id":10003659},{"id":10003660},{"id":10003661},{"id":10003662},{"id":10003663},{"id":10003664},{"id":10003665},{"id":10003666},{"id":10003667},{"id":10003668},{"id":10003669},{"id":10003670},{"id":10003671},{"id":10003672},{"id":10003673},{"id":10003674},{"id":10003675},{"id":10003676},{"id":10003677},{"id":10003678},{"id":10003679},{"id":10003680},{"id":10003681},{"id":10003682},{"id":10003683},{"id":10003684},{"id":10003685},{"id":10003686},{"id":10003687},{"id":10003688},{"id":10003689},{"id":10003690},{"id":10003691},{"id":10003692},{"id":10003693},{"id":10003694},{"id":10003695},{"id":10003696},{"id":10003697},{"id":10003698},{"id":10003699},{"id":10003700},{"id":10003701},{"id":10003702},{"id":10003703},{"id":10003704},{"id":10003705},{"id":10003706},{"id":10003707},{"id":10003708},{"id":10003709},{"id":10003710},{"id":10003711},{"id":10003712},{"id":10003713},{"id":10003714},{"id":10003715},{"id":10003716},{"id":10003717},{"id":10003718},{"id":10003719},{"id":10003720},{"id":10003721},{"id":10003722},{"id":10003723},{"id":10003724},{"id":10003725},{"id":10003726},{"id":10003727},{"id":10003728},{"id":10003729},{"id":10003730},{"id":10003731},{"id":10003732},{"id":10003733},{"id":10003734},{"id":10003735},{"id":10003736},{"id":10003737},{"id":10003738},{"id":10003739},{"id":10003740},{"id":10003741},{"id":10003742},{"id":10003743},{"id":10003744},{"id":10003745},{"id":10003746},{"id":10003747},{"id":10003748},{"id":10003749},{"id":10003750},{"id":10003751},{"id":10003752},{"id":10003753},{"id":10003754},{"id":10003755},{"id":10003756},{"id":10003757},{"id":10003758},{"id":10003759},{"id":10003760},{"id":10003761},{"id":10003762},{"id":10003763},{"id":10003764},{"id":10003765},{"id":10003766},{"id":10003767},{"id":10003768},{"id":10003769},{"id":10003770},{"id":10003771},{"id":10003772},{"id":10003773},{"id":10003774},{"id":10003775},{"id":10003776},{"id":10003777},{"id":10003778},{"id":10003779},{"id":10003780},{"id":10003781},{"id":10003782},{"id":10003783},{"id":10003784},{"id":10003785},{"id":10003786},{"id":10003787},{"id":10003788},{"id":10003789},{"id":10003790},{"id":10003791},{"id":10003792},{"id":10003793},{"id":10003794},{"id":10003795},{"id":10003796},{"id":10003797},{"id":10003798},{"id":10003799},{"id":10003800},{"id":10003801},{"id":10003802},{"id":10003803},{"id":10003804},{"id":10003805},{"id":10003806},{"id":10003807},{"id":10003808},{"id":10003809},{"id":10003810},{"id":10003811},{"id":10003812},{"id":10003813},{"id":10003814},{"id":10003815},{"id":10003816},{"id":10003817},{"id":10003818},{"id":10003819},{"id":10003820},{"id":10003821},{"id":10003822},{"id":10003823},{"id":10003824},{"id":10003825},{"id":10003826},{"id":10003827},{"id":10003828},{"id":10003829},{"id":10003830},{"id":10003831},{"id":10003832},{"id":10003833},{"id":10003834},{"id":10003835},{"id":10003836},{"id":10003837},{"id":10003838},{"id":10003839},{"id":10003840},{"id":10003841},{"id":10003842},{"id":10003843},{"id":10003844},{"id":10003845},{"id":10003846},{"id":10003847},{"id":10003848},{"id":10003849},{"id":10003850},{"id":10003851},{"id":10003852},{"id":10003853},{"id":10003854},{"id":10003855},{"id":10003856},{"id":10003857},{"id":10003858},{"id":10003859},{"id":10003860},{"id":10003861},{"id":10003862},{"id":10003863},{"id":10003864},{"id":10003865},{"id":10003866},{"id":10003867},{"id":10003868},{"id":10003869},{"id":10003870},{"id":10003871},{"id":10003872},{"id":10003873},{"id":10003874},{"id":10003875},{"id":10003876},{"id":10003877},{"id":10003878},{"id":10003879},{"id":10003880},{"id":10003881},{"id":10003882},{"id":10003883},{"id":10003884},{"id":10003885},{"id":10003886},{"id":10003887},{"id":10003888},{"id":10003889},{"id":10003890},{"id":10003891},{"id":10003892},{"id":10003893},{"id":10003894},{"id":10003895},{"id":10003896},{"id":10003897},{"id":10003898},{"id":10003899},{"id":10003900},{"id":10003901},{"id":10003902},{"id":10003903},{"id":10003904},{"id":10003905},{"id":10003906},{"id":10003907},{"id":10003908},{"id":10003909},{"id":10003910},{"id":10003911},{"id":10003912},{"id":10003913},{"id":10003914},{"id":10003915},{"id":10003916},{"id":10003917},{"id":10003918},{"id":10003919},{"id":10003920},{"id":10003921},{"id":10003922},{"id":10003923},{"id":10003924},{"id":10003925},{"id":10003926},{"id":10003927},{"id":10003928},{"id":10003929},{"id":10003930},{"id":10003931},{"id":10003932},{"id":10003933},{"id":10003934},{"id":10003935},{"id":10003936},{"id":10003937},{"id":10003938},{"id":10003939},{"id":10003940},{"id":10003941},{"id":10003942},{"id":10003943},{"id":10003944},{"id":10003945},{"id":10003946},{"id":10003947},{"id":10003948},{"id":10003949},{"id":10003950},{"id":10003951},{"id":10003952},{"id":10003953},{"id":10003954},{"id":10003955},{"id":10003956},{"id":10003957},{"id":10003958},{"id":10003959},{"id":10003960},{"id":10003961},{"id":10003962},{"id":10003963},{"id":10003964},{"id":10003965},{"id":10003966},{"id":10003967},{"id":10003968},{"id":10003969},{"id":10003970},{"id":10003971},{"id":10003972},{"id":10003973},{"id":10003974},{"id":10003975},{"id":10003976},{"id":10003977},{"id":10003978},{"id":10003979},{"id":10003980},{"id":10003981},{"id":10003982},{"id":10003983},{"id":10003984},{"id":10003985},{"id":10003986},{"id":10003987},{"id":10003988},{"id":10003989},{"id":10003990},{"id":10003991},{"id":10003992},{"id":10003993},{"id":10003994},{"id":10003995},{"id":10003996},{"id":10003997},{"id":10003998},{"id":10003999},{"id":10004000},{"id":10004001},{"id":10004002},{"id":10004003},{"id":10004004},{"id":10004005},{"id":10004006},{"id":10004007},{"id":10004008},{"id":10004009},{"id":10004010},{"id":10004011},{"id":10004012},{"id":10004013},{"id":10004014},{"id":10004015},{"id":10004016},{"id":10004017},{"id":10004018},{"id":10004019},{"id":10004020},{"id":10004021},{"id":10004022},{"id":10004023},{"id":10004024},{"id":10004025},{"id":10004026},{"id":10004027},{"id":10004028},{"id":10004029},{"id":10004030},{"id":10004031},{"id":10004032},{"id":10004033},{"id":10004034},{"id":10004035},{"id":10004036},{"id":10004037},{"id":10004038},{"id":10004039},{"id":10004040},{"id":10004041},{"id":10004042},{"id":10004043},{"id":10004044},{"id":10004045},{"id":10004046},{"id":10004047},{"id":10004048},{"id":10004049},{"id":10004050},{"id":10004051},{"id":10004052},{"id":10004053},{"id":10004054},{"id":10004055},{"id":10004056},{"id":10004057},{"id":10004058},{"id":10004059},{"id":10004060},{"id":10004061},{"id":10004062},{"id":10004063},{"id":10004064},{"id":10004065},{"id":10004066},{"id":10004067},{"id":10004068},{"id":10004069},{"id":10004070},{"id":10004071},{"id":10004072},{"id":10004073},{"id":10004074},{"id":10004075},{"id":10004076},{"id":10004077},{"id":10004078},{"id":10004079},{"id":10004080},{"id":10004081},{"id":10004082},{"id":10004083},{"id":10004084},{"id":10004085},{"id":10004086},{"id":10004087},{"id":10004088},{"id":10004089},{"id":10004090},{"id":10004091},{"id":10004092},{"id":10004093},{"id":10004094},{"id":10004095},{"id":10004096},{"id":10004097},{"id":10004098},{"id":10004099},{"id":10004100},{"id":10004101},{"id":10004102},{"id":10004103},{"id":10004104},{"id":10004105},{"id":10004106},{"id":10004107},{"id":10004108},{"id":10004109},{"id":10004110},{"id":10004111},{"id":10004112},{"id":10004113},{"id":10004114},{"id":10004115},{"id":10004116},{"id":10004117},{"id":10004118},{"id":10004119},{"id":10004120},{"id":10004121},{"id":10004122},{"id":10004123},{"id":10004124},{"id":10004125},{"id":10004126},{"id":10004127},{"id":10004128},{"id":10004129},{"id":10004130},{"id":10004131},{"id":10004132},{"id":10004133},{"id":10004134},{"id":10004135},{"id":10004136},{"id":10004137},{"id":10004138},{"id":10004139},{"id":10004140},{"id":10004141},{"id":10004142},{"id":10004143},{"id":10004144},{"id":10004145},{"id":10004146},{"id":10004147},{"id":10004148},{"id":10004149},{"id":10004150},{"id":10004151},{"id":10004152},{"id":10004153},{"id":10004154},{"id":10004155},{"id":10004156},{"id":10004157},{"id":10004158},{"id":10004159},{"id":10004160},{"id":10004161},{"id":10004162},{"id":10004163},{"id":10004164},{"id":10004165},{"id":10004166},{"id":10004167},{"id":10004168},{"id":10004169},{"id":10004170},{"id":10004171},{"id":10004172},{"id":10004173},{"id":10004174},{"id":10004175},{"id":10004176},{"id":10004177},{"id":10004178},{"id":10004179},{"id":10004180},{"id":10004181},{"id":10004182},{"id":10004183},{"id":10004184},{"id":10004185},{"id":10004186},{"id":10004187},{"id":10004188},{"id":10004189},{"id":10004190},{"id":10004191},{"id":10004192},{"id":10004193},{"id":10004194},{"id":10004195},{"id":10004196},{"id":10004197},{"id":10004198},{"id":10004199},{"id":10004200},{"id":10004201},{"id":10004202},{"id":10004203},{"id":10004204},{"id":10004205},{"id":10004206},{"id":10004207},{"id":10004208},{"id":10004209},{"id":10004210},{"id":10004211},{"id":10004212},{"id":10004213},{"id":10004214},{"id":10004215},{"id":10004216},{"id":10004217},{"id":10004218},{"id":10004219},{"id":10004220},{"id":10004221},{"id":10004222},{"id":10004223},{"id":10004224},{"id":10004225},{"id":10004226},{"id":10004227},{"id":10004228},{"id":10004229},{"id":10004230},{"id":10004231},{"id":10004232},{"id":10004233},{"id":10004234},{"id":10004235},{"id":10004236},{"id":10004237},{"id":10004238},{"id":10004239},{"id":10004240},{"id":10004241},{"id":10004242},{"id":10004243},{"id":10004244},{"id":10004245},{"id":10004246},{"id":10004247},{"id":10004248},{"id":10004249},{"id":10004250},{"id":10004251},{"id":10004252},{"id":10004253},{"id":10004254},{"id":10004255},{"id":10004256},{"id":10004257},{"id":10004258},{"id":10004259},{"id":10004260},{"id":10004261},{"id":10004262},{"id":10004263},{"id":10004264},{"id":10004265},{"id":10004266},{"id":10004267},{"id":10004268},{"id":10004269},{"id":10004270},{"id":10004271},{"id":10004272},{"id":10004273},{"id":10004274},{"id":10004275},{"id":10004276},{"id":10004277},{"id":10004278},{"id":10004279},{"id":10004280},{"id":10004281},{"id":10004282},{"id":10004283},{"id":10004284},{"id":10004285},{"id":10004286},{"id":10004287},{"id":10004288},{"id":10004289},{"id":10004290},{"id":10004291},{"id":10004292},{"id":10004293},{"id":10004294},{"id":10004295},{"id":10004296},{"id":10004297},{"id":10004298},{"id":10004299},{"id":10004300},{"id":10004301},{"id":10004302},{"id":10004303},{"id":10004304},{"id":10004305},{"id":10004306},{"id":10004307},{"id":10004308},{"id":10004309},{"id":10004310},{"id":10004311},{"id":10004312},{"id":10004313},{"id":10004314},{"id":10004315},{"id":10004316},{"id":10004317},{"id":10004318},{"id":10004319},{"id":10004320},{"id":10004321},{"id":10004322},{"id":10004323},{"id":10004324},{"id":10004325},{"id":10004326},{"id":10004327},{"id":10004328},{"id":10004329},{"id":10004330},{"id":10004331},{"id":10004332},{"id":10004333},{"id":10004334},{"id":10004335},{"id":10004336},{"id":10004337},{"id":10004338},{"id":10004339},{"id":10004340},{"id":10004341},{"id":10004342},{"id":10004343},{"id":10004344},{"id":10004345},{"id":10004346},{"id":10004347},{"id":10004348},{"id":10004349},{"id":10004350},{"id":10004351},{"id":10004352},{"id":10004353},{"id":10004354},{"id":10004355},{"id":10004356},{"id":10004357},{"id":10004358},{"id":10004359},{"id":10004360},{"id":10004361},{"id":10004362},{"id":10004363},{"id":10004364},{"id":10004365},{"id":10004366},{"id":10004367},{"id":10004368},{"id":10004369},{"id":10004370},{"id":10004371},{"id":10004372},{"id":10004373},{"id":10004374},{"id":10004375},{"id":10004376},{"id":10004377},{"id":10004378},{"id":10004379},{"id":10004380},{"id":10004381},{"id":10004382},{"id":10004383},{"id":10004384},{"id":10004385},{"id":10004386},{"id":10004387},{"id":10004388},{"id":10004389},{"id":10004390},{"id":10004391},{"id":10004392},{"id":10004393},{"id":10004394},{"id":10004395},{"id":10004396},{"id":10004397},{"id":10004398},{"id":10004399},{"id":10004400},{"id":10004401},{"id":10004402},{"id":10004403},{"id":10004404},{"id":10004405},{"id":10004406},{"id":10004407},{"id":10004408},{"id":10004409},{"id":10004410},{"id":10004411},{"id":10004412},{"id":10004413},{"id":10004414},{"id":10004415},{"id":10004416},{"id":10004417},{"id":10004418},{"id":10004419},{"id":10004420},{"id":10004421},{"id":10004422},{"id":10004423},{"id":10004424},{"id":10004425},{"id":10004426},{"id":10004427},{"id":10004428},{"id":10004429},{"id":10004430},{"id":10004431},{"id":10004432},{"id":10004433},{"id":10004434},{"id":10004435},{"id":10004436},{"id":10004437},{"id":10004438},{"id":10004439},{"id":10004440},{"id":10004441},{"id":10004442},{"id":10004443},{"id":10004444},{"id":10004445},{"id":10004446},{"id":10004447},{"id":10004448},{"id":10004449},{"id":10004450},{"id":10004451},{"id":10004452},{"id":10004453},{"id":10004454},{"id":10004455},{"id":10004456},{"id":10004457},{"id":10004458},{"id":10004459},{"id":10004460},{"id":10004461},{"id":10004462},{"id":10004463},{"id":10004464},{"id":10004465},{"id":10004466},{"id":10004467},{"id":10004468},{"id":10004469},{"id":10004470},{"id":10004471},{"id":10004472},{"id":10004473},{"id":10004474},{"id":10004475},{"id":10004476},{"id":10004477},{"id":10004478},{"id":10004479},{"id":10004480},{"id":10004481},{"id":10004482},{"id":10004483},{"id":10004484},{"id":10004485},{"id":10004486},{"id":10004487},{"id":10004488},{"id":10004489},{"id":10004490},{"id":10004491},{"id":10004492},{"id":10004493},{"id":10004494},{"id":10004495},{"id":10004496},{"id":10004497},{"id":10004498},{"id":10004499},{"id":10004500},{"id":10004501},{"id":10004502},{"id":10004503},{"id":10004504},{"id":10004505},{"id":10004506},{"id":10004507},{"id":10004508},{"id":10004509},{"id":10004510},{"id":10004511},{"id":10004512},{"id":10004513},{"id":10004514},{"id":10004515},{"id":10004516},{"id":10004517},{"id":10004518},{"id":10004519},{"id":10004520},{"id":10004521},{"id":10004522},{"id":10004523},{"id":10004524},{"id":10004525},{"id":10004526},{"id":10004527},{"id":10004528},{"id":10004529},{"id":10004530},{"id":10004531},{"id":10004532},{"id":10004533},{"id":10004534},{"id":10004535},{"id":10004536},{"id":10004537},{"id":10004538},{"id":10004539},{"id":10004540},{"id":10004541},{"id":10004542},{"id":10004543},{"id":10004544},{"id":10004545},{"id":10004546},{"id":10004547},{"id":10004548},{"id":10004549},{"id":10004550},{"id":10004551},{"id":10004552},{"id":10004553},{"id":10004554},{"id":10004555},{"id":10004556},{"id":10004557},{"id":10004558},{"id":10004559},{"id":10004560},{"id":10004561},{"id":10004562},{"id":10004563},{"id":10004564},{"id":10004565},{"id":10004566},{"id":10004567},{"id":10004568},{"id":10004569},{"id":10004570},{"id":10004571},{"id":10004572},{"id":10004573},{"id":10004574},{"id":10004575},{"id":10004576},{"id":10004577},{"id":10004578},{"id":10004579},{"id":10004580},{"id":10004581},{"id":10004582},{"id":10004583},{"id":10004584},{"id":10004585},{"id":10004586},{"id":10004587},{"id":10004588},{"id":10004589},{"id":10004590},{"id":10004591},{"id":10004592},{"id":10004593},{"id":10004594},{"id":10004595},{"id":10004596},{"id":10004597},{"id":10004598},{"id":10004599},{"id":10004600},{"id":10004601},{"id":10004602},{"id":10004603},{"id":10004604},{"id":10004605},{"id":10004606},{"id":10004607},{"id":10004608},{"id":10004609},{"id":10004610},{"id":10004611},{"id":10004612},{"id":10004613},{"id":10004614},{"id":10004615},{"id":10004616},{"id":10004617},{"id":10004618},{"id":10004619},{"id":10004620},{"id":10004621},{"id":10004622},{"id":10004623},{"id":10004624},{"id":10004625},{"id":10004626},{"id":10004627},{"id":10004628},{"id":10004629},{"id":10004630},{"id":10004631},{"id":10004632},{"id":10004633},{"id":10004634},{"id":10004635},{"id":10004636},{"id":10004637},{"id":10004638},{"id":10004639},{"id":10004640},{"id":10004641},{"id":10004642},{"id":10004643},{"id":10004644},{"id":10004645},{"id":10004646},{"id":10004647},{"id":10004648},{"id":10004649},{"id":10004650},{"id":10004651},{"id":10004652},{"id":10004653},{"id":10004654},{"id":10004655},{"id":10004656},{"id":10004657},{"id":10004658},{"id":10004659},{"id":10004660},{"id":10004661},{"id":10004662},{"id":10004663},{"id":10004664},{"id":10004665},{"id":10004666},{"id":10004667},{"id":10004668},{"id":10004669},{"id":10004670},{"id":10004671},{"id":10004672},{"id":10004673},{"id":10004674},{"id":10004675},{"id":10004676},{"id":10004677},{"id":10004678},{"id":10004679},{"id":10004680},{"id":10004681},{"id":10004682},{"id":10004683},{"id":10004684},{"id":10004685},{"id":10004686},{"id":10004687},{"id":10004688},{"id":10004689},{"id":10004690},{"id":10004691},{"id":10004692},{"id":10004693},{"id":10004694},{"id":10004695},{"id":10004696},{"id":10004697},{"id":10004698},{"id":10004699},{"id":10004700},{"id":10004701},{"id":10004702},{"id":10004703},{"id":10004704},{"id":10004705},{"id":10004706},{"id":10004707},{"id":10004708},{"id":10004709},{"id":10004710},{"id":10004711},{"id":10004712},{"id":10004713},{"id":10004714},{"id":10004715},{"id":10004716},{"id":10004717},{"id":10004718},{"id":10004719},{"id":10004720},{"id":10004721},{"id":10004722},{"id":10004723},{"id":10004724},{"id":10004725},{"id":10004726},{"id":10004727},{"id":10004728},{"id":10004729},{"id":10004730},{"id":10004731},{"id":10004732},{"id":10004733},{"id":10004734},{"id":10004735},{"id":10004736},{"id":10004737},{"id":10004738},{"id":10004739},{"id":10004740},{"id":10004741},{"id":10004742},{"id":10004743},{"id":10004744},{"id":10004745},{"id":10004746},{"id":10004747},{"id":10004748},{"id":10004749},{"id":10004750},{"id":10004751},{"id":10004752},{"id":10004753},{"id":10004754},{"id":10004755},{"id":10004756},{"id":10004757},{"id":10004758},{"id":10004759},{"id":10004760},{"id":10004761},{"id":10004762},{"id":10004763},{"id":10004764},{"id":10004765},{"id":10004766},{"id":10004767},{"id":10004768},{"id":10004769},{"id":10004770},{"id":10004771},{"id":10004772},{"id":10004773},{"id":10004774},{"id":10004775},{"id":10004776},{"id":10004777},{"id":10004778},{"id":10004779},{"id":10004780},{"id":10004781},{"id":10004782},{"id":10004783},{"id":10004784},{"id":10004785},{"id":10004786},{"id":10004787},{"id":10004788},{"id":10004789},{"id":10004790},{"id":10004791},{"id":10004792},{"id":10004793},{"id":10004794},{"id":10004795},{"id":10004796},{"id":10004797},{"id":10004798},{"id":10004799},{"id":10004800},{"id":10004801},{"id":10004802},{"id":10004803},{"id":10004804},{"id":10004805},{"id":10004806},{"id":10004807},{"id":10004808},{"id":10004809},{"id":10004810},{"id":10004811},{"id":10004812},{"id":10004813},{"id":10004814},{"id":10004815},{"id":10004816},{"id":10004817},{"id":10004818},{"id":10004819},{"id":10004820},{"id":10004821},{"id":10004822},{"id":10004823},{"id":10004824},{"id":10004825},{"id":10004826},{"id":10004827},{"id":10004828},{"id":10004829},{"id":10004830},{"id":10004831},{"id":10004832},{"id":10004833},{"id":10004834},{"id":10004835},{"id":10004836},{"id":10004837},{"id":10004838},{"id":10004839},{"id":10004840},{"id":10004841},{"id":10004842},{"id":10004843},{"id":10004844},{"id":10004845},{"id":10004846},{"id":10004847},{"id":10004848},{"id":10004849},{"id":10004850},{"id":10004851},{"id":10004852},{"id":10004853},{"id":10004854},{"id":10004855},{"id":10004856},{"id":10004857},{"id":10004858},{"id":10004859},{"id":10004860},{"id":10004861},{"id":10004862},{"id":10004863},{"id":10004864},{"id":10004865},{"id":10004866},{"id":10004867},{"id":10004868},{"id":10004869},{"id":10004870},{"id":10004871},{"id":10004872},{"id":10004873},{"id":10004874},{"id":10004875},{"id":10004876},{"id":10004877},{"id":10004878},{"id":10004879},{"id":10004880},{"id":10004881},{"id":10004882},{"id":10004883},{"id":10004884},{"id":10004885},{"id":10004886},{"id":10004887},{"id":10004888},{"id":10004889},{"id":10004890},{"id":10004891},{"id":10004892},{"id":10004893},{"id":10004894},{"id":10004895},{"id":10004896},{"id":10004897},{"id":10004898},{"id":10004899},{"id":10004900},{"id":10004901},{"id":10004902},{"id":10004903},{"id":10004904},{"id":10004905},{"id":10004906},{"id":10004907},{"id":10004908},{"id":10004909},{"id":10004910},{"id":10004911},{"id":10004912},{"id":10004913},{"id":10004914},{"id":10004915},{"id":10004916},{"id":10004917},{"id":10004918},{"id":10004919},{"id":10004920},{"id":10004921},{"id":10004922},{"id":10004923},{"id":10004924},{"id":10004925},{"id":10004926},{"id":10004927},{"id":10004928},{"id":10004929},{"id":10004930},{"id":10004931},{"id":10004932},{"id":10004933},{"id":10004934},{"id":10004935},{"id":10004936},{"id":10004937},{"id":10004938},{"id":10004939},{"id":10004940},{"id":10004941},{"id":10004942},{"id":10004943},{"id":10004944},{"id":10004945},{"id":10004946},{"id":10004947},{"id":10004948},{"id":10004949},{"id":10004950},{"id":10004951},{"id":10004952},{"id":10004953},{"id":10004954},{"id":10004955},{"id":10004956},{"id":10004957},{"id":10004958},{"id":10004959},{"id":10004960},{"id":10004961},{"id":10004962},{"id":10004963},{"id":10004964},{"id":10004965},{"id":10004966},{"id":10004967},{"id":10004968},{"id":10004969},{"id":10004970},{"id":10004971},{"id":10004972},{"id":10004973},{"id":10004974},{"id":10004975},{"id":10004976},{"id":10004977},{"id":10004978},{"id":10004979},{"id":10004980},{"id":10004981},{"id":10004982},{"id":10004983},{"id":10004984},{"id":10004985},{"id":10004986},{"id":10004987},{"id":10004988},{"id":10004989},{"id":10004990},{"id":10004991},{"id":10004992},{"id":10004993},{"id":10004994},{"id":10004995},{"id":10004996},{"id":10004997},{"id":10004998},{"id":10004999},{"id":10005000},{"id":10005001},{"id":10005002},{"id":10005003},{"id":10005004},{"id":10005005},{"id":10005006},{"id":10005007},{"id":10005008},{"id":10005009},{"id":10005010},{"id":10005011},{"id":10005012},{"id":10005013},{"id":10005014},{"id":10005015},{"id":10005016},{"id":10005017},{"id":10005018},{"id":10005019},{"id":10005020},{"id":10005021},{"id":10005022},{"id":10005023},{"id":10005024},{"id":10005025},{"id":10005026},{"id":10005027},{"id":10005028},{"id":10005029},{"id":10005030},{"id":10005031},{"id":10005032},{"id":10005033},{"id":10005034},{"id":10005035},{"id":10005036},{"id":10005037},{"id":10005038},{"id":10005039},{"id":10005040},{"id":10005041},{"id":10005042},{"id":10005043},{"id":10005044},{"id":10005045},{"id":10005046},{"id":10005047},{"id":10005048},{"id":10005049},{"id":10005050},{"id":10005051},{"id":10005052},{"id":10005053},{"id":10005054},{"id":10005055},{"id":10005056},{"id":10005057},{"id":10005058},{"id":10005059},{"id":10005060},{"id":10005061},{"id":10005062},{"id":10005063},{"id":10005064},{"id":10005065},{"id":10005066},{"id":10005067},{"id":10005068},{"id":10005069},{"id":10005070},{"id":10005071},{"id":10005072},{"id":10005073},{"id":10005074},{"id":10005075},{"id":10005076},{"id":10005077},{"id":10005078},{"id":10005079},{"id":10005080},{"id":10005081},{"id":10005082},{"id":10005083},{"id":10005084},{"id":10005085},{"id":10005086},{"id":10005087},{"id":10005088},{"id":10005089},{"id":10005090},{"id":10005091},{"id":10005092},{"id":10005093},{"id":10005094},{"id":10005095},{"id":10005096},{"id":10005097},{"id":10005098},{"id":10005099},{"id":10005100},{"id":10005101},{"id":10005102},{"id":10005103},{"id":10005104},{"id":10005105},{"id":10005106},{"id":10005107},{"id":10005108},{"id":10005109},{"id":10005110},{"id":10005111},{"id":10005112},{"id":10005113},{"id":10005114},{"id":10005115},{"id":10005116},{"id":10005117},{"id":10005118},{"id":10005119},{"id":10005120},{"id":10005121},{"id":10005122},{"id":10005123},{"id":10005124},{"id":10005125},{"id":10005126},{"id":10005127},{"id":10005128},{"id":10005129},{"id":10005130},{"id":10005131},{"id":10005132},{"id":10005133},{"id":10005134},{"id":10005135},{"id":10005136},{"id":10005137},{"id":10005138},{"id":10005139},{"id":10005140},{"id":10005141},{"id":10005142},{"id":10005143},{"id":10005144},{"id":10005145},{"id":10005146},{"id":10005147},{"id":10005148},{"id":10005149},{"id":10005150},{"id":10005151},{"id":10005152},{"id":10005153},{"id":10005154},{"id":10005155},{"id":10005156},{"id":10005157},{"id":10005158},{"id":10005159},{"id":10005160},{"id":10005161},{"id":10005162},{"id":10005163},{"id":10005164},{"id":10005165},{"id":10005166},{"id":10005167},{"id":10005168},{"id":10005169},{"id":10005170},{"id":10005171},{"id":10005172},{"id":10005173},{"id":10005174},{"id":10005175},{"id":10005176},{"id":10005177},{"id":10005178},{"id":10005179},{"id":10005180},{"id":10005181},{"id":10005182},{"id":10005183},{"id":10005184},{"id":10005185},{"id":10005186},{"id":10005187},{"id":10005188},{"id":10005189},{"id":10005190},{"id":10005191},{"id":10005192},{"id":10005193},{"id":10005194},{"id":10005195},{"id":10005196},{"id":10005197},{"id":10005198},{"id":10005199},{"id":10005200},{"id":10005201},{"id":10005202},{"id":10005203},{"id":10005204},{"id":10005205},{"id":10005206},{"id":10005207},{"id":10005208},{"id":10005209},{"id":10005210},{"id":10005211},{"id":10005212},{"id":10005213},{"id":10005214},{"id":10005215},{"id":10005216},{"id":10005217},{"id":10005218},{"id":10005219},{"id":10005220},{"id":10005221},{"id":10005222},{"id":10005223},{"id":10005224},{"id":10005225},{"id":10005226},{"id":10005227},{"id":10005228},{"id":10005229},{"id":10005230},{"id":10005231},{"id":10005232},{"id":10005233},{"id":10005234},{"id":10005235},{"id":10005236},{"id":10005237},{"id":10005238},{"id":10005239},{"id":10005240},{"id":10005241},{"id":10005242},{"id":10005243},{"id":10005244},{"id":10005245},{"id":10005246},{"id":10005247},{"id":10005248},{"id":10005249},{"id":10005250},{"id":10005251},{"id":10005252},{"id":10005253},{"id":10005254},{"id":10005255},{"id":10005256},{"id":10005257},{"id":10005258},{"id":10005259},{"id":10005260},{"id":10005261},{"id":10005262},{"id":10005263},{"id":10005264},{"id":10005265},{"id":10005266},{"id":10005267},{"id":10005268},{"id":10005269},{"id":10005270},{"id":10005271},{"id":10005272},{"id":10005273},{"id":10005274},{"id":10005275},{"id":10005276},{"id":10005277},{"id":10005278},{"id":10005279},{"id":10005280},{"id":10005281},{"id":10005282},{"id":10005283},{"id":10005284},{"id":10005285},{"id":10005286},{"id":10005287},{"id":10005288},{"id":10005289},{"id":10005290},{"id":10005291},{"id":10005292},{"id":10005293},{"id":10005294},{"id":10005295},{"id":10005296},{"id":10005297},{"id":10005298},{"id":10005299},{"id":10005300},{"id":10005301},{"id":10005302},{"id":10005303},{"id":10005304},{"id":10005305},{"id":10005306},{"id":10005307},{"id":10005308},{"id":10005309},{"id":10005310},{"id":10005311},{"id":10005312},{"id":10005313},{"id":10005314},{"id":10005315},{"id":10005316},{"id":10005317},{"id":10005318},{"id":10005319},{"id":10005320},{"id":10005321},{"id":10005322},{"id":10005323},{"id":10005324},{"id":10005325},{"id":10005326},{"id":10005327},{"id":10005328},{"id":10005329},{"id":10005330},{"id":10005331},{"id":10005332},{"id":10005333},{"id":10005334},{"id":10005335},{"id":10005336},{"id":10005337},{"id":10005338},{"id":10005339},{"id":10005340},{"id":10005341},{"id":10005342},{"id":10005343},{"id":10005344},{"id":10005345},{"id":10005346},{"id":10005347},{"id":10005348},{"id":10005349},{"id":10005350},{"id":10005351},{"id":10005352},{"id":10005353},{"id":10005354},{"id":10005355},{"id":10005356},{"id":10005357},{"id":10005358},{"id":10005359},{"id":10005360},{"id":10005361},{"id":10005362},{"id":10005363},{"id":10005364},{"id":10005365},{"id":10005366},{"id":10005367},{"id":10005368},{"id":10005369},{"id":10005370},{"id":10005371},{"id":10005372},{"id":10005373},{"id":10005374},{"id":10005375},{"id":10005376},{"id":10005377},{"id":10005378},{"id":10005379},{"id":10005380},{"id":10005381},{"id":10005382},{"id":10005383},{"id":10005384},{"id":10005385},{"id":10005386},{"id":10005387},{"id":10005388},{"id":10005389},{"id":10005390},{"id":10005391},{"id":10005392},{"id":10005393},{"id":10005394},{"id":10005395},{"id":10005396},{"id":10005397},{"id":10005398},{"id":10005399},{"id":10005400},{"id":10005401},{"id":10005402},{"id":10005403},{"id":10005404},{"id":10005405},{"id":10005406},{"id":10005407},{"id":10005408},{"id":10005409},{"id":10005410},{"id":10005411},{"id":10005412},{"id":10005413},{"id":10005414},{"id":10005415},{"id":10005416},{"id":10005417},{"id":10005418},{"id":10005419},{"id":10005420},{"id":10005421},{"id":10005422},{"id":10005423},{"id":10005424},{"id":10005425},{"id":10005426},{"id":10005427},{"id":10005428},{"id":10005429},{"id":10005430},{"id":10005431},{"id":10005432},{"id":10005433},{"id":10005434},{"id":10005435},{"id":10005436},{"id":10005437},{"id":10005438},{"id":10005439},{"id":10005440},{"id":10005441},{"id":10005442},{"id":10005443},{"id":10005444},{"id":10005445},{"id":10005446},{"id":10005447},{"id":10005448},{"id":10005449},{"id":10005450},{"id":10005451},{"id":10005452},{"id":10005453},{"id":10005454},{"id":10005455},{"id":10005456},{"id":10005457},{"id":10005458},{"id":10005459},{"id":10005460},{"id":10005461},{"id":10005462},{"id":10005463},{"id":10005464},{"id":10005465},{"id":10005466},{"id":10005467},{"id":10005468},{"id":10005469},{"id":10005470},{"id":10005471},{"id":10005472},{"id":10005473},{"id":10005474},{"id":10005475},{"id":10005476},{"id":10005477},{"id":10005478},{"id":10005479},{"id":10005480},{"id":10005481},{"id":10005482},{"id":10005483},{"id":10005484},{"id":10005485},{"id":10005486},{"id":10005487},{"id":10005488},{"id":10005489},{"id":10005490},{"id":10005491},{"id":10005492},{"id":10005493},{"id":10005494},{"id":10005495},{"id":10005496},{"id":10005497},{"id":10005498},{"id":10005499},{"id":10005500},{"id":10005501},{"id":10005502},{"id":10005503},{"id":10005504},{"id":10005505},{"id":10005506},{"id":10005507},{"id":10005508},{"id":10005509},{"id":10005510},{"id":10005511},{"id":10005512},{"id":10005513},{"id":10005514},{"id":10005515},{"id":10005516},{"id":10005517},{"id":10005518},{"id":10005519},{"id":10005520},{"id":10005521},{"id":10005522},{"id":10005523},{"id":10005524},{"id":10005525},{"id":10005526},{"id":10005527},{"id":10005528},{"id":10005529},{"id":10005530},{"id":10005531},{"id":10005532},{"id":10005533},{"id":10005534},{"id":10005535},{"id":10005536},{"id":10005537},{"id":10005538},{"id":10005539},{"id":10005540},{"id":10005541},{"id":10005542},{"id":10005543},{"id":10005544},{"id":10005545},{"id":10005546},{"id":10005547},{"id":10005548},{"id":10005549},{"id":10005550},{"id":10005551},{"id":10005552},{"id":10005553},{"id":10005554},{"id":10005555},{"id":10005556},{"id":10005557},{"id":10005558},{"id":10005559},{"id":10005560},{"id":10005561},{"id":10005562},{"id":10005563},{"id":10005564},{"id":10005565},{"id":10005566},{"id":10005567},{"id":10005568},{"id":10005569},{"id":10005570},{"id":10005571},{"id":10005572},{"id":10005573},{"id":10005574},{"id":10005575},{"id":10005576},{"id":10005577},{"id":10005578},{"id":10005579},{"id":10005580},{"id":10005581},{"id":10005582},{"id":10005583},{"id":10005584},{"id":10005585},{"id":10005586},{"id":10005587},{"id":10005588},{"id":10005589},{"id":10005590},{"id":10005591},{"id":10005592},{"id":10005593},{"id":10005594},{"id":10005595},{"id":10005596},{"id":10005597},{"id":10005598},{"id":10005599},{"id":10005600},{"id":10005601},{"id":10005602},{"id":10005603},{"id":10005604},{"id":10005605},{"id":10005606},{"id":10005607},{"id":10005608},{"id":10005609},{"id":10005610},{"id":10005611},{"id":10005612},{"id":10005613},{"id":10005614},{"id":10005615},{"id":10005616},{"id":10005617},{"id":10005618},{"id":10005619},{"id":10005620},{"id":10005621},{"id":10005622},{"id":10005623},{"id":10005624},{"id":10005625},{"id":10005626},{"id":10005627},{"id":10005628},{"id":10005629},{"id":10005630},{"id":10005631},{"id":10005632},{"id":10005633},{"id":10005634},{"id":10005635},{"id":10005636},{"id":10005637},{"id":10005638},{"id":10005639},{"id":10005640},{"id":10005641},{"id":10005642},{"id":10005643},{"id":10005644},{"id":10005645},{"id":10005646},{"id":10005647},{"id":10005648},{"id":10005649},{"id":10005650},{"id":10005651},{"id":10005652},{"id":10005653},{"id":10005654},{"id":10005655},{"id":10005656},{"id":10005657},{"id":10005658},{"id":10005659},{"id":10005660},{"id":10005661},{"id":10005662},{"id":10005663},{"id":10005664},{"id":10005665},{"id":10005666},{"id":10005667},{"id":10005668},{"id":10005669},{"id":10005670},{"id":10005671},{"id":10005672},{"id":10005673},{"id":10005674},{"id":10005675},{"id":10005676},{"id":10005677},{"id":10005678},{"id":10005679},{"id":10005680},{"id":10005681},{"id":10005682},{"id":10005683},{"id":10005684},{"id":10005685},{"id":10005686},{"id":10005687},{"id":10005688},{"id":10005689},{"id":10005690},{"id":10005691},{"id":10005692},{"id":10005693},{"id":10005694},{"id":10005695},{"id":10005696},{"id":10005697},{"id":10005698},{"id":10005699},{"id":10005700},{"id":10005701},{"id":10005702},{"id":10005703},{"id":10005704},{"id":10005705},{"id":10005706},{"id":10005707},{"id":10005708},{"id":10005709},{"id":10005710},{"id":10005711},{"id":10005712},{"id":10005713},{"id":10005714},{"id":10005715},{"id":10005716},{"id":10005717},{"id":10005718},{"id":10005719},{"id":10005720},{"id":10005721},{"id":10005722},{"id":10005723},{"id":10005724},{"id":10005725},{"id":10005726},{"id":10005727},{"id":10005728},{"id":10005729},{"id":10005730},{"id":10005731},{"id":10005732},{"id":10005733},{"id":10005734},{"id":10005735},{"id":10005736},{"id":10005737},{"id":10005738},{"id":10005739},{"id":10005740},{"id":10005741},{"id":10005742},{"id":10005743},{"id":10005744},{"id":10005745},{"id":10005746},{"id":10005747},{"id":10005748},{"id":10005749},{"id":10005750},{"id":10005751},{"id":10005752},{"id":10005753},{"id":10005754},{"id":10005755},{"id":10005756},{"id":10005757},{"id":10005758},{"id":10005759},{"id":10005760},{"id":10005761},{"id":10005762},{"id":10005763},{"id":10005764},{"id":10005765},{"id":10005766},{"id":10005767},{"id":10005768},{"id":10005769},{"id":10005770},{"id":10005771},{"id":10005772},{"id":10005773},{"id":10005774},{"id":10005775},{"id":10005776},{"id":10005777},{"id":10005778},{"id":10005779},{"id":10005780},{"id":10005781},{"id":10005782},{"id":10005783},{"id":10005784},{"id":10005785},{"id":10005786},{"id":10005787},{"id":10005788},{"id":10005789},{"id":10005790},{"id":10005791},{"id":10005792},{"id":10005793},{"id":10005794},{"id":10005795},{"id":10005796},{"id":10005797},{"id":10005798},{"id":10005799},{"id":10005800},{"id":10005801},{"id":10005802},{"id":10005803},{"id":10005804},{"id":10005805},{"id":10005806},{"id":10005807},{"id":10005808},{"id":10005809},{"id":10005810},{"id":10005811},{"id":10005812},{"id":10005813},{"id":10005814},{"id":10005815},{"id":10005816},{"id":10005817},{"id":10005818},{"id":10005819},{"id":10005820},{"id":10005821},{"id":10005822},{"id":10005823},{"id":10005824},{"id":10005825},{"id":10005826},{"id":10005827},{"id":10005828},{"id":10005829},{"id":10005830},{"id":10005831},{"id":10005832},{"id":10005833},{"id":10005834},{"id":10005835},{"id":10005836},{"id":10005837},{"id":10005838},{"id":10005839},{"id":10005840},{"id":10005841},{"id":10005842},{"id":10005843},{"id":10005844},{"id":10005845},{"id":10005846},{"id":10005847},{"id":10005848},{"id":10005849},{"id":10005850},{"id":10005851},{"id":10005852},{"id":10005853},{"id":10005854},{"id":10005855},{"id":10005856},{"id":10005857},{"id":10005858},{"id":10005859},{"id":10005860},{"id":10005861},{"id":10005862},{"id":10005863},{"id":10005864},{"id":10005865},{"id":10005866},{"id":10005867},{"id":10005868},{"id":10005869},{"id":10005870},{"id":10005871},{"id":10005872},{"id":10005873},{"id":10005874},{"id":10005875},{"id":10005876},{"id":10005877},{"id":10005878},{"id":10005879},{"id":10005880},{"id":10005881},{"id":10005882},{"id":10005883},{"id":10005884},{"id":10005885},{"id":10005886},{"id":10005887},{"id":10005888},{"id":10005889},{"id":10005890},{"id":10005891},{"id":10005892},{"id":10005893},{"id":10005894},{"id":10005895},{"id":10005896},{"id":10005897},{"id":10005898},{"id":10005899},{"id":10005900},{"id":10005901},{"id":10005902},{"id":10005903},{"id":10005904},{"id":10005905},{"id":10005906},{"id":10005907},{"id":10005908},{"id":10005909},{"id":10005910},{"id":10005911},{"id":10005912},{"id":10005913},{"id":10005914},{"id":10005915},{"id":10005916},{"id":10005917},{"id":10005918},{"id":10005919},{"id":10005920},{"id":10005921},{"id":10005922},{"id":10005923},{"id":10005924},{"id":10005925},{"id":10005926},{"id":10005927},{"id":10005928},{"id":10005929},{"id":10005930},{"id":10005931},{"id":10005932},{"id":10005933},{"id":10005934},{"id":10005935},{"id":10005936},{"id":10005937},{"id":10005938},{"id":10005939},{"id":10005940},{"id":10005941},{"id":10005942},{"id":10005943},{"id":10005944},{"id":10005945},{"id":10005946},{"id":10005947},{"id":10005948},{"id":10005949},{"id":10005950},{"id":10005951},{"id":10005952},{"id":10005953},{"id":10005954},{"id":10005955},{"id":10005956},{"id":10005957},{"id":10005958},{"id":10005959},{"id":10005960},{"id":10005961},{"id":10005962},{"id":10005963},{"id":10005964},{"id":10005965},{"id":10005966},{"id":10005967},{"id":10005968},{"id":10005969},{"id":10005970},{"id":10005971},{"id":10005972},{"id":10005973},{"id":10005974},{"id":10005975},{"id":10005976},{"id":10005977},{"id":10005978},{"id":10005979},{"id":10005980},{"id":10005981},{"id":10005982},{"id":10005983},{"id":10005984},{"id":10005985},{"id":10005986},{"id":10005987},{"id":10005988},{"id":10005989},{"id":10005990},{"id":10005991},{"id":10005992},{"id":10005993},{"id":10005994},{"id":10005995},{"id":10005996},{"id":10005997},{"id":10005998},{"id":10005999},{"id":10006000},{"id":10006001},{"id":10006002},{"id":10006003},{"id":10006004},{"id":10006005},{"id":10006006},{"id":10006007},{"id":10006008},{"id":10006009},{"id":10006010},{"id":10006011},{"id":10006012},{"id":10006013},{"id":10006014},{"id":10006015},{"id":10006016},{"id":10006017},{"id":10006018},{"id":10006019},{"id":10006020},{"id":10006021},{"id":10006022},{"id":10006023},{"id":10006024},{"id":10006025},{"id":10006026},{"id":10006027},{"id":10006028},{"id":10006029},{"id":10006030},{"id":10006031},{"id":10006032},{"id":10006033},{"id":10006034},{"id":10006035},{"id":10006036},{"id":10006037},{"id":10006038},{"id":10006039},{"id":10006040},{"id":10006041},{"id":10006042},{"id":10006043},{"id":10006044},{"id":10006045},{"id":10006046},{"id":10006047},{"id":10006048},{"id":10006049},{"id":10006050},{"id":10006051},{"id":10006052},{"id":10006053},{"id":10006054},{"id":10006055},{"id":10006056},{"id":10006057},{"id":10006058},{"id":10006059},{"id":10006060},{"id":10006061},{"id":10006062},{"id":10006063},{"id":10006064},{"id":10006065},{"id":10006066},{"id":10006067},{"id":10006068},{"id":10006069},{"id":10006070},{"id":10006071},{"id":10006072},{"id":10006073},{"id":10006074},{"id":10006075},{"id":10006076},{"id":10006077},{"id":10006078},{"id":10006079},{"id":10006080},{"id":10006081},{"id":10006082},{"id":10006083},{"id":10006084},{"id":10006085},{"id":10006086},{"id":10006087},{"id":10006088},{"id":10006089},{"id":10006090},{"id":10006091},{"id":10006092},{"id":10006093},{"id":10006094},{"id":10006095},{"id":10006096},{"id":10006097},{"id":10006098},{"id":10006099},{"id":10006100},{"id":10006101},{"id":10006102},{"id":10006103},{"id":10006104},{"id":10006105},{"id":10006106},{"id":10006107},{"id":10006108},{"id":10006109},{"id":10006110},{"id":10006111},{"id":10006112},{"id":10006113},{"id":10006114},{"id":10006115},{"id":10006116},{"id":10006117},{"id":10006118},{"id":10006119},{"id":10006120},{"id":10006121},{"id":10006122},{"id":10006123},{"id":10006124},{"id":10006125},{"id":10006126},{"id":10006127},{"id":10006128},{"id":10006129},{"id":10006130},{"id":10006131},{"id":10006132},{"id":10006133},{"id":10006134},{"id":10006135},{"id":10006136},{"id":10006137},{"id":10006138},{"id":10006139},{"id":10006140},{"id":10006141},{"id":10006142},{"id":10006143},{"id":10006144},{"id":10006145},{"id":10006146},{"id":10006147},{"id":10006148},{"id":10006149},{"id":10006150},{"id":10006151},{"id":10006152},{"id":10006153},{"id":10006154},{"id":10006155},{"id":10006156},{"id":10006157},{"id":10006158},{"id":10006159},{"id":10006160},{"id":10006161},{"id":10006162},{"id":10006163},{"id":10006164},{"id":10006165},{"id":10006166},{"id":10006167},{"id":10006168},{"id":10006169},{"id":10006170},{"id":10006171},{"id":10006172},{"id":10006173},{"id":10006174},{"id":10006175},{"id":10006176},{"id":10006177},{"id":10006178},{"id":10006179},{"id":10006180},{"id":10006181},{"id":10006182},{"id":10006183},{"id":10006184},{"id":10006185},{"id":10006186},{"id":10006187},{"id":10006188},{"id":10006189},{"id":10006190},{"id":10006191},{"id":10006192},{"id":10006193},{"id":10006194},{"id":10006195},{"id":10006196},{"id":10006197},{"id":10006198},{"id":10006199},{"id":10006200},{"id":10006201},{"id":10006202},{"id":10006203},{"id":10006204},{"id":10006205},{"id":10006206},{"id":10006207},{"id":10006208},{"id":10006209},{"id":10006210},{"id":10006211},{"id":10006212},{"id":10006213},{"id":10006214},{"id":10006215},{"id":10006216},{"id":10006217},{"id":10006218},{"id":10006219},{"id":10006220},{"id":10006221},{"id":10006222},{"id":10006223},{"id":10006224},{"id":10006225},{"id":10006226},{"id":10006227},{"id":10006228},{"id":10006229},{"id":10006230},{"id":10006231},{"id":10006232},{"id":10006233},{"id":10006234},{"id":10006235},{"id":10006236},{"id":10006237},{"id":10006238},{"id":10006239},{"id":10006240},{"id":10006241},{"id":10006242},{"id":10006243},{"id":10006244},{"id":10006245},{"id":10006246},{"id":10006247},{"id":10006248},{"id":10006249},{"id":10006250},{"id":10006251},{"id":10006252},{"id":10006253},{"id":10006254},{"id":10006255},{"id":10006256},{"id":10006257},{"id":10006258},{"id":10006259},{"id":10006260},{"id":10006261},{"id":10006262},{"id":10006263},{"id":10006264},{"id":10006265},{"id":10006266},{"id":10006267},{"id":10006268},{"id":10006269},{"id":10006270},{"id":10006271},{"id":10006272},{"id":10006273},{"id":10006274},{"id":10006275},{"id":10006276},{"id":10006277},{"id":10006278},{"id":10006279},{"id":10006280},{"id":10006281},{"id":10006282},{"id":10006283},{"id":10006284},{"id":10006285},{"id":10006286},{"id":10006287},{"id":10006288},{"id":10006289},{"id":10006290},{"id":10006291},{"id":10006292},{"id":10006293},{"id":10006294},{"id":10006295},{"id":10006296},{"id":10006297},{"id":10006298},{"id":10006299},{"id":10006300},{"id":10006301},{"id":10006302},{"id":10006303},{"id":10006304},{"id":10006305},{"id":10006306},{"id":10006307},{"id":10006308},{"id":10006309},{"id":10006310},{"id":10006311},{"id":10006312},{"id":10006313},{"id":10006314},{"id":10006315},{"id":10006316},{"id":10006317},{"id":10006318},{"id":10006319},{"id":10006320},{"id":10006321},{"id":10006322},{"id":10006323},{"id":10006324},{"id":10006325},{"id":10006326},{"id":10006327},{"id":10006328},{"id":10006329},{"id":10006330},{"id":10006331},{"id":10006332},{"id":10006333},{"id":10006334},{"id":10006335},{"id":10006336},{"id":10006337},{"id":10006338},{"id":10006339},{"id":10006340},{"id":10006341},{"id":10006342},{"id":10006343},{"id":10006344},{"id":10006345},{"id":10006346},{"id":10006347},{"id":10006348},{"id":10006349},{"id":10006350},{"id":10006351},{"id":10006352},{"id":10006353},{"id":10006354},{"id":10006355},{"id":10006356},{"id":10006357},{"id":10006358},{"id":10006359},{"id":10006360},{"id":10006361},{"id":10006362},{"id":10006363},{"id":10006364},{"id":10006365},{"id":10006366},{"id":10006367},{"id":10006368},{"id":10006369},{"id":10006370},{"id":10006371},{"id":10006372},{"id":10006373},{"id":10006374},{"id":10006375},{"id":10006376},{"id":10006377},{"id":10006378},{"id":10006379},{"id":10006380},{"id":10006381},{"id":10006382},{"id":10006383},{"id":10006384},{"id":10006385},{"id":10006386},{"id":10006387},{"id":10006388},{"id":10006389},{"id":10006390},{"id":10006391},{"id":10006392},{"id":10006393},{"id":10006394},{"id":10006395},{"id":10006396},{"id":10006397},{"id":10006398},{"id":10006399},{"id":10006400},{"id":10006401},{"id":10006402},{"id":10006403},{"id":10006404},{"id":10006405},{"id":10006406},{"id":10006407},{"id":10006408},{"id":10006409},{"id":10006410},{"id":10006411},{"id":10006412},{"id":10006413},{"id":10006414},{"id":10006415},{"id":10006416},{"id":10006417},{"id":10006418},{"id":10006419},{"id":10006420},{"id":10006421},{"id":10006422},{"id":10006423},{"id":10006424},{"id":10006425},{"id":10006426},{"id":10006427},{"id":10006428},{"id":10006429},{"id":10006430},{"id":10006431},{"id":10006432},{"id":10006433},{"id":10006434},{"id":10006435},{"id":10006436},{"id":10006437},{"id":10006438},{"id":10006439},{"id":10006440},{"id":10006441},{"id":10006442},{"id":10006443},{"id":10006444},{"id":10006445},{"id":10006446},{"id":10006447},{"id":10006448},{"id":10006449},{"id":10006450},{"id":10006451},{"id":10006452},{"id":10006453},{"id":10006454},{"id":10006455},{"id":10006456},{"id":10006457},{"id":10006458},{"id":10006459},{"id":10006460},{"id":10006461},{"id":10006462},{"id":10006463},{"id":10006464},{"id":10006465},{"id":10006466},{"id":10006467},{"id":10006468},{"id":10006469},{"id":10006470},{"id":10006471},{"id":10006472},{"id":10006473},{"id":10006474},{"id":10006475},{"id":10006476},{"id":10006477},{"id":10006478},{"id":10006479},{"id":10006480},{"id":10006481},{"id":10006482},{"id":10006483},{"id":10006484},{"id":10006485},{"id":10006486},{"id":10006487},{"id":10006488},{"id":10006489},{"id":10006490},{"id":10006491},{"id":10006492},{"id":10006493},{"id":10006494},{"id":10006495},{"id":10006496},{"id":10006497},{"id":10006498},{"id":10006499},{"id":10006500},{"id":10006501},{"id":10006502},{"id":10006503},{"id":10006504},{"id":10006505},{"id":10006506},{"id":10006507},{"id":10006508},{"id":10006509},{"id":10006510},{"id":10006511},{"id":10006512},{"id":10006513},{"id":10006514},{"id":10006515},{"id":10006516},{"id":10006517},{"id":10006518},{"id":10006519},{"id":10006520},{"id":10006521},{"id":10006522},{"id":10006523},{"id":10006524},{"id":10006525},{"id":10006526},{"id":10006527},{"id":10006528},{"id":10006529},{"id":10006530},{"id":10006531},{"id":10006532},{"id":10006533},{"id":10006534},{"id":10006535},{"id":10006536},{"id":10006537},{"id":10006538},{"id":10006539},{"id":10006540},{"id":10006541},{"id":10006542},{"id":10006543},{"id":10006544},{"id":10006545},{"id":10006546},{"id":10006547},{"id":10006548},{"id":10006549},{"id":10006550},{"id":10006551},{"id":10006552},{"id":10006553},{"id":10006554},{"id":10006555},{"id":10006556},{"id":10006557},{"id":10006558},{"id":10006559},{"id":10006560},{"id":10006561},{"id":10006562},{"id":10006563},{"id":10006564},{"id":10006565},{"id":10006566},{"id":10006567},{"id":10006568},{"id":10006569},{"id":10006570},{"id":10006571},{"id":10006572},{"id":10006573},{"id":10006574},{"id":10006575},{"id":10006576},{"id":10006577},{"id":10006578},{"id":10006579},{"id":10006580},{"id":10006581},{"id":10006582},{"id":10006583},{"id":10006584},{"id":10006585},{"id":10006586},{"id":10006587},{"id":10006588},{"id":10006589},{"id":10006590},{"id":10006591},{"id":10006592},{"id":10006593},{"id":10006594},{"id":10006595},{"id":10006596},{"id":10006597},{"id":10006598},{"id":10006599},{"id":10006600},{"id":10006601},{"id":10006602},{"id":10006603},{"id":10006604},{"id":10006605},{"id":10006606},{"id":10006607},{"id":10006608},{"id":10006609},{"id":10006610},{"id":10006611},{"id":10006612},{"id":10006613},{"id":10006614},{"id":10006615},{"id":10006616},{"id":10006617},{"id":10006618},{"id":10006619},{"id":10006620},{"id":10006621},{"id":10006622},{"id":10006623},{"id":10006624},{"id":10006625},{"id":10006626},{"id":10006627},{"id":10006628},{"id":10006629},{"id":10006630},{"id":10006631},{"id":10006632},{"id":10006633},{"id":10006634},{"id":10006635},{"id":10006636},{"id":10006637},{"id":10006638},{"id":10006639},{"id":10006640},{"id":10006641},{"id":10006642},{"id":10006643},{"id":10006644},{"id":10006645},{"id":10006646},{"id":10006647},{"id":10006648},{"id":10006649},{"id":10006650},{"id":10006651},{"id":10006652},{"id":10006653},{"id":10006654},{"id":10006655},{"id":10006656},{"id":10006657},{"id":10006658},{"id":10006659},{"id":10006660},{"id":10006661},{"id":10006662},{"id":10006663},{"id":10006664},{"id":10006665},{"id":10006666},{"id":10006667},{"id":10006668},{"id":10006669},{"id":10006670},{"id":10006671},{"id":10006672},{"id":10006673},{"id":10006674},{"id":10006675},{"id":10006676},{"id":10006677},{"id":10006678},{"id":10006679},{"id":10006680},{"id":10006681},{"id":10006682},{"id":10006683},{"id":10006684},{"id":10006685},{"id":10006686},{"id":10006687},{"id":10006688},{"id":10006689},{"id":10006690},{"id":10006691},{"id":10006692},{"id":10006693},{"id":10006694},{"id":10006695},{"id":10006696},{"id":10006697},{"id":10006698},{"id":10006699},{"id":10006700},{"id":10006701},{"id":10006702},{"id":10006703},{"id":10006704},{"id":10006705},{"id":10006706},{"id":10006707},{"id":10006708},{"id":10006709},{"id":10006710},{"id":10006711},{"id":10006712},{"id":10006713},{"id":10006714},{"id":10006715},{"id":10006716},{"id":10006717},{"id":10006718},{"id":10006719},{"id":10006720},{"id":10006721},{"id":10006722},{"id":10006723},{"id":10006724},{"id":10006725},{"id":10006726},{"id":10006727},{"id":10006728},{"id":10006729},{"id":10006730},{"id":10006731},{"id":10006732},{"id":10006733},{"id":10006734},{"id":10006735},{"id":10006736},{"id":10006737},{"id":10006738},{"id":10006739},{"id":10006740},{"id":10006741},{"id":10006742},{"id":10006743},{"id":10006744},{"id":10006745},{"id":10006746},{"id":10006747},{"id":10006748},{"id":10006749},{"id":10006750},{"id":10006751},{"id":10006752},{"id":10006753},{"id":10006754},{"id":10006755},{"id":10006756},{"id":10006757},{"id":10006758},{"id":10006759},{"id":10006760},{"id":10006761},{"id":10006762},{"id":10006763},{"id":10006764},{"id":10006765},{"id":10006766},{"id":10006767},{"id":10006768},{"id":10006769},{"id":10006770},{"id":10006771},{"id":10006772},{"id":10006773},{"id":10006774},{"id":10006775},{"id":10006776},{"id":10006777},{"id":10006778},{"id":10006779},{"id":10006780},{"id":10006781},{"id":10006782},{"id":10006783},{"id":10006784},{"id":10006785},{"id":10006786},{"id":10006787},{"id":10006788},{"id":10006789},{"id":10006790},{"id":10006791},{"id":10006792},{"id":10006793},{"id":10006794},{"id":10006795},{"id":10006796},{"id":10006797},{"id":10006798},{"id":10006799},{"id":10006800},{"id":10006801},{"id":10006802},{"id":10006803},{"id":10006804},{"id":10006805},{"id":10006806},{"id":10006807},{"id":10006808},{"id":10006809},{"id":10006810},{"id":10006811},{"id":10006812},{"id":10006813},{"id":10006814},{"id":10006815},{"id":10006816},{"id":10006817},{"id":10006818},{"id":10006819},{"id":10006820},{"id":10006821},{"id":10006822},{"id":10006823},{"id":10006824},{"id":10006825},{"id":10006826},{"id":10006827},{"id":10006828},{"id":10006829},{"id":10006830},{"id":10006831},{"id":10006832},{"id":10006833},{"id":10006834},{"id":10006835},{"id":10006836},{"id":10006837},{"id":10006838},{"id":10006839},{"id":10006840},{"id":10006841},{"id":10006842},{"id":10006843},{"id":10006844},{"id":10006845},{"id":10006846},{"id":10006847},{"id":10006848},{"id":10006849},{"id":10006850},{"id":10006851},{"id":10006852},{"id":10006853},{"id":10006854},{"id":10006855},{"id":10006856},{"id":10006857},{"id":10006858},{"id":10006859},{"id":10006860},{"id":10006861},{"id":10006862},{"id":10006863},{"id":10006864},{"id":10006865},{"id":10006866},{"id":10006867},{"id":10006868},{"id":10006869},{"id":10006870},{"id":10006871},{"id":10006872},{"id":10006873},{"id":10006874},{"id":10006875},{"id":10006876},{"id":10006877},{"id":10006878},{"id":10006879},{"id":10006880},{"id":10006881},{"id":10006882},{"id":10006883},{"id":10006884},{"id":10006885},{"id":10006886},{"id":10006887},{"id":10006888},{"id":10006889},{"id":10006890},{"id":10006891},{"id":10006892},{"id":10006893},{"id":10006894},{"id":10006895},{"id":10006896},{"id":10006897},{"id":10006898},{"id":10006899},{"id":10006900},{"id":10006901},{"id":10006902},{"id":10006903},{"id":10006904},{"id":10006905},{"id":10006906},{"id":10006907},{"id":10006908},{"id":10006909},{"id":10006910},{"id":10006911},{"id":10006912},{"id":10006913},{"id":10006914},{"id":10006915},{"id":10006916},{"id":10006917},{"id":10006918},{"id":10006919},{"id":10006920},{"id":10006921},{"id":10006922},{"id":10006923},{"id":10006924},{"id":10006925},{"id":10006926},{"id":10006927},{"id":10006928},{"id":10006929},{"id":10006930},{"id":10006931},{"id":10006932},{"id":10006933},{"id":10006934},{"id":10006935},{"id":10006936},{"id":10006937},{"id":10006938},{"id":10006939},{"id":10006940},{"id":10006941},{"id":10006942},{"id":10006943},{"id":10006944},{"id":10006945},{"id":10006946},{"id":10006947},{"id":10006948},{"id":10006949},{"id":10006950},{"id":10006951},{"id":10006952},{"id":10006953},{"id":10006954},{"id":10006955},{"id":10006956},{"id":10006957},{"id":10006958},{"id":10006959},{"id":10006960},{"id":10006961},{"id":10006962},{"id":10006963},{"id":10006964},{"id":10006965},{"id":10006966},{"id":10006967},{"id":10006968},{"id":10006969},{"id":10006970},{"id":10006971},{"id":10006972},{"id":10006973},{"id":10006974},{"id":10006975},{"id":10006976},{"id":10006977},{"id":10006978},{"id":10006979},{"id":10006980},{"id":10006981},{"id":10006982},{"id":10006983},{"id":10006984},{"id":10006985},{"id":10006986},{"id":10006987},{"id":10006988},{"id":10006989},{"id":10006990},{"id":10006991},{"id":10006992},{"id":10006993},{"id":10006994},{"id":10006995},{"id":10006996},{"id":10006997},{"id":10006998},{"id":10006999},{"id":10007000},{"id":10007001},{"id":10007002},{"id":10007003},{"id":10007004},{"id":10007005},{"id":10007006},{"id":10007007},{"id":10007008},{"id":10007009},{"id":10007010},{"id":10007011},{"id":10007012},{"id":10007013},{"id":10007014},{"id":10007015},{"id":10007016},{"id":10007017},{"id":10007018},{"id":10007019},{"id":10007020},{"id":10007021},{"id":10007022},{"id":10007023},{"id":10007024},{"id":10007025},{"id":10007026},{"id":10007027},{"id":10007028},{"id":10007029},{"id":10007030},{"id":10007031},{"id":10007032},{"id":10007033},{"id":10007034},{"id":10007035},{"id":10007036},{"id":10007037},{"id":10007038},{"id":10007039},{"id":10007040},{"id":10007041},{"id":10007042},{"id":10007043},{"id":10007044},{"id":10007045},{"id":10007046},{"id":10007047},{"id":10007048},{"id":10007049},{"id":10007050},{"id":10007051},{"id":10007052},{"id":10007053},{"id":10007054},{"id":10007055},{"id":10007056},{"id":10007057},{"id":10007058},{"id":10007059},{"id":10007060},{"id":10007061},{"id":10007062},{"id":10007063},{"id":10007064},{"id":10007065},{"id":10007066},{"id":10007067},{"id":10007068},{"id":10007069},{"id":10007070},{"id":10007071},{"id":10007072},{"id":10007073},{"id":10007074},{"id":10007075},{"id":10007076},{"id":10007077},{"id":10007078},{"id":10007079},{"id":10007080},{"id":10007081},{"id":10007082},{"id":10007083},{"id":10007084},{"id":10007085},{"id":10007086},{"id":10007087},{"id":10007088},{"id":10007089},{"id":10007090},{"id":10007091},{"id":10007092},{"id":10007093},{"id":10007094},{"id":10007095},{"id":10007096},{"id":10007097},{"id":10007098},{"id":10007099},{"id":10007100},{"id":10007101},{"id":10007102},{"id":10007103},{"id":10007104},{"id":10007105},{"id":10007106},{"id":10007107},{"id":10007108},{"id":10007109},{"id":10007110},{"id":10007111},{"id":10007112},{"id":10007113},{"id":10007114},{"id":10007115},{"id":10007116},{"id":10007117},{"id":10007118},{"id":10007119},{"id":10007120},{"id":10007121},{"id":10007122},{"id":10007123},{"id":10007124},{"id":10007125},{"id":10007126},{"id":10007127},{"id":10007128},{"id":10007129},{"id":10007130},{"id":10007131},{"id":10007132},{"id":10007133},{"id":10007134},{"id":10007135},{"id":10007136},{"id":10007137},{"id":10007138},{"id":10007139},{"id":10007140},{"id":10007141},{"id":10007142},{"id":10007143},{"id":10007144},{"id":10007145},{"id":10007146},{"id":10007147},{"id":10007148},{"id":10007149},{"id":10007150},{"id":10007151},{"id":10007152},{"id":10007153},{"id":10007154},{"id":10007155},{"id":10007156},{"id":10007157},{"id":10007158},{"id":10007159},{"id":10007160},{"id":10007161},{"id":10007162},{"id":10007163},{"id":10007164},{"id":10007165},{"id":10007166},{"id":10007167},{"id":10007168},{"id":10007169},{"id":10007170},{"id":10007171},{"id":10007172},{"id":10007173},{"id":10007174},{"id":10007175},{"id":10007176},{"id":10007177},{"id":10007178},{"id":10007179},{"id":10007180},{"id":10007181},{"id":10007182},{"id":10007183},{"id":10007184},{"id":10007185},{"id":10007186},{"id":10007187},{"id":10007188},{"id":10007189},{"id":10007190},{"id":10007191},{"id":10007192},{"id":10007193},{"id":10007194},{"id":10007195},{"id":10007196},{"id":10007197},{"id":10007198},{"id":10007199},{"id":10007200},{"id":10007201},{"id":10007202},{"id":10007203},{"id":10007204},{"id":10007205},{"id":10007206},{"id":10007207},{"id":10007208},{"id":10007209},{"id":10007210},{"id":10007211},{"id":10007212},{"id":10007213},{"id":10007214},{"id":10007215},{"id":10007216},{"id":10007217},{"id":10007218},{"id":10007219},{"id":10007220},{"id":10007221},{"id":10007222},{"id":10007223},{"id":10007224},{"id":10007225},{"id":10007226},{"id":10007227},{"id":10007228},{"id":10007229},{"id":10007230},{"id":10007231},{"id":10007232},{"id":10007233},{"id":10007234},{"id":10007235},{"id":10007236},{"id":10007237},{"id":10007238},{"id":10007239},{"id":10007240},{"id":10007241},{"id":10007242},{"id":10007243},{"id":10007244},{"id":10007245},{"id":10007246},{"id":10007247},{"id":10007248},{"id":10007249},{"id":10007250},{"id":10007251},{"id":10007252},{"id":10007253},{"id":10007254},{"id":10007255},{"id":10007256},{"id":10007257},{"id":10007258},{"id":10007259},{"id":10007260},{"id":10007261},{"id":10007262},{"id":10007263},{"id":10007264},{"id":10007265},{"id":10007266},{"id":10007267},{"id":10007268},{"id":10007269},{"id":10007270},{"id":10007271},{"id":10007272},{"id":10007273},{"id":10007274},{"id":10007275},{"id":10007276},{"id":10007277},{"id":10007278},{"id":10007279},{"id":10007280},{"id":10007281},{"id":10007282},{"id":10007283},{"id":10007284},{"id":10007285},{"id":10007286},{"id":10007287},{"id":10007288},{"id":10007289},{"id":10007290},{"id":10007291},{"id":10007292},{"id":10007293},{"id":10007294},{"id":10007295},{"id":10007296},{"id":10007297},{"id":10007298},{"id":10007299},{"id":10007300},{"id":10007301},{"id":10007302},{"id":10007303},{"id":10007304},{"id":10007305},{"id":10007306},{"id":10007307},{"id":10007308},{"id":10007309},{"id":10007310},{"id":10007311},{"id":10007312},{"id":10007313},{"id":10007314},{"id":10007315},{"id":10007316},{"id":10007317},{"id":10007318},{"id":10007319},{"id":10007320},{"id":10007321},{"id":10007322},{"id":10007323},{"id":10007324},{"id":10007325},{"id":10007326},{"id":10007327},{"id":10007328},{"id":10007329},{"id":10007330},{"id":10007331},{"id":10007332},{"id":10007333},{"id":10007334},{"id":10007335},{"id":10007336},{"id":10007337},{"id":10007338},{"id":10007339},{"id":10007340},{"id":10007341},{"id":10007342},{"id":10007343},{"id":10007344},{"id":10007345},{"id":10007346},{"id":10007347},{"id":10007348},{"id":10007349},{"id":10007350},{"id":10007351},{"id":10007352},{"id":10007353},{"id":10007354},{"id":10007355},{"id":10007356},{"id":10007357},{"id":10007358},{"id":10007359},{"id":10007360},{"id":10007361},{"id":10007362},{"id":10007363},{"id":10007364},{"id":10007365},{"id":10007366},{"id":10007367},{"id":10007368},{"id":10007369},{"id":10007370},{"id":10007371},{"id":10007372},{"id":10007373},{"id":10007374},{"id":10007375},{"id":10007376},{"id":10007377},{"id":10007378},{"id":10007379},{"id":10007380},{"id":10007381},{"id":10007382},{"id":10007383},{"id":10007384},{"id":10007385},{"id":10007386},{"id":10007387},{"id":10007388},{"id":10007389},{"id":10007390},{"id":10007391},{"id":10007392},{"id":10007393},{"id":10007394},{"id":10007395},{"id":10007396},{"id":10007397},{"id":10007398},{"id":10007399},{"id":10007400},{"id":10007401},{"id":10007402},{"id":10007403},{"id":10007404},{"id":10007405},{"id":10007406},{"id":10007407},{"id":10007408},{"id":10007409},{"id":10007410},{"id":10007411},{"id":10007412},{"id":10007413},{"id":10007414},{"id":10007415},{"id":10007416},{"id":10007417},{"id":10007418},{"id":10007419},{"id":10007420},{"id":10007421},{"id":10007422},{"id":10007423},{"id":10007424},{"id":10007425},{"id":10007426},{"id":10007427},{"id":10007428},{"id":10007429},{"id":10007430},{"id":10007431},{"id":10007432},{"id":10007433},{"id":10007434},{"id":10007435},{"id":10007436},{"id":10007437},{"id":10007438},{"id":10007439},{"id":10007440},{"id":10007441},{"id":10007442},{"id":10007443},{"id":10007444},{"id":10007445},{"id":10007446},{"id":10007447},{"id":10007448},{"id":10007449},{"id":10007450},{"id":10007451},{"id":10007452},{"id":10007453},{"id":10007454},{"id":10007455},{"id":10007456},{"id":10007457},{"id":10007458},{"id":10007459},{"id":10007460},{"id":10007461},{"id":10007462},{"id":10007463},{"id":10007464},{"id":10007465},{"id":10007466},{"id":10007467},{"id":10007468},{"id":10007469},{"id":10007470},{"id":10007471},{"id":10007472},{"id":10007473},{"id":10007474},{"id":10007475},{"id":10007476},{"id":10007477},{"id":10007478},{"id":10007479},{"id":10007480},{"id":10007481},{"id":10007482},{"id":10007483},{"id":10007484},{"id":10007485},{"id":10007486},{"id":10007487},{"id":10007488},{"id":10007489},{"id":10007490},{"id":10007491},{"id":10007492},{"id":10007493},{"id":10007494},{"id":10007495},{"id":10007496},{"id":10007497},{"id":10007498},{"id":10007499},{"id":10007500},{"id":10007501},{"id":10007502},{"id":10007503},{"id":10007504},{"id":10007505},{"id":10007506},{"id":10007507},{"id":10007508},{"id":10007509},{"id":10007510},{"id":10007511},{"id":10007512},{"id":10007513},{"id":10007514},{"id":10007515},{"id":10007516},{"id":10007517},{"id":10007518},{"id":10007519},{"id":10007520},{"id":10007521},{"id":10007522},{"id":10007523},{"id":10007524},{"id":10007525},{"id":10007526},{"id":10007527},{"id":10007528},{"id":10007529},{"id":10007530},{"id":10007531},{"id":10007532},{"id":10007533},{"id":10007534},{"id":10007535},{"id":10007536},{"id":10007537},{"id":10007538},{"id":10007539},{"id":10007540},{"id":10007541},{"id":10007542},{"id":10007543},{"id":10007544},{"id":10007545},{"id":10007546},{"id":10007547},{"id":10007548},{"id":10007549},{"id":10007550},{"id":10007551},{"id":10007552},{"id":10007553},{"id":10007554},{"id":10007555},{"id":10007556},{"id":10007557},{"id":10007558},{"id":10007559},{"id":10007560},{"id":10007561},{"id":10007562},{"id":10007563},{"id":10007564},{"id":10007565},{"id":10007566},{"id":10007567},{"id":10007568},{"id":10007569},{"id":10007570},{"id":10007571},{"id":10007572},{"id":10007573},{"id":10007574},{"id":10007575},{"id":10007576},{"id":10007577},{"id":10007578},{"id":10007579},{"id":10007580},{"id":10007581},{"id":10007582},{"id":10007583},{"id":10007584},{"id":10007585},{"id":10007586},{"id":10007587},{"id":10007588},{"id":10007589},{"id":10007590},{"id":10007591},{"id":10007592},{"id":10007593},{"id":10007594},{"id":10007595},{"id":10007596},{"id":10007597},{"id":10007598},{"id":10007599},{"id":10007600},{"id":10007601},{"id":10007602},{"id":10007603},{"id":10007604},{"id":10007605},{"id":10007606},{"id":10007607},{"id":10007608},{"id":10007609},{"id":10007610},{"id":10007611},{"id":10007612},{"id":10007613},{"id":10007614},{"id":10007615},{"id":10007616},{"id":10007617},{"id":10007618},{"id":10007619},{"id":10007620},{"id":10007621},{"id":10007622},{"id":10007623},{"id":10007624},{"id":10007625},{"id":10007626},{"id":10007627},{"id":10007628},{"id":10007629},{"id":10007630},{"id":10007631},{"id":10007632},{"id":10007633},{"id":10007634},{"id":10007635},{"id":10007636},{"id":10007637},{"id":10007638},{"id":10007639},{"id":10007640},{"id":10007641},{"id":10007642},{"id":10007643},{"id":10007644},{"id":10007645},{"id":10007646},{"id":10007647},{"id":10007648},{"id":10007649},{"id":10007650},{"id":10007651},{"id":10007652},{"id":10007653},{"id":10007654},{"id":10007655},{"id":10007656},{"id":10007657},{"id":10007658},{"id":10007659},{"id":10007660},{"id":10007661},{"id":10007662},{"id":10007663},{"id":10007664},{"id":10007665},{"id":10007666},{"id":10007667},{"id":10007668},{"id":10007669},{"id":10007670},{"id":10007671},{"id":10007672},{"id":10007673},{"id":10007674},{"id":10007675},{"id":10007676},{"id":10007677},{"id":10007678},{"id":10007679},{"id":10007680},{"id":10007681},{"id":10007682},{"id":10007683},{"id":10007684},{"id":10007685},{"id":10007686},{"id":10007687},{"id":10007688},{"id":10007689},{"id":10007690},{"id":10007691},{"id":10007692},{"id":10007693},{"id":10007694},{"id":10007695},{"id":10007696},{"id":10007697},{"id":10007698},{"id":10007699},{"id":10007700},{"id":10007701},{"id":10007702},{"id":10007703},{"id":10007704},{"id":10007705},{"id":10007706},{"id":10007707},{"id":10007708},{"id":10007709},{"id":10007710},{"id":10007711},{"id":10007712},{"id":10007713},{"id":10007714},{"id":10007715},{"id":10007716},{"id":10007717},{"id":10007718},{"id":10007719},{"id":10007720},{"id":10007721},{"id":10007722},{"id":10007723},{"id":10007724},{"id":10007725},{"id":10007726},{"id":10007727},{"id":10007728},{"id":10007729},{"id":10007730},{"id":10007731},{"id":10007732},{"id":10007733},{"id":10007734},{"id":10007735},{"id":10007736},{"id":10007737},{"id":10007738},{"id":10007739},{"id":10007740},{"id":10007741},{"id":10007742},{"id":10007743},{"id":10007744},{"id":10007745},{"id":10007746},{"id":10007747},{"id":10007748},{"id":10007749},{"id":10007750},{"id":10007751},{"id":10007752},{"id":10007753},{"id":10007754},{"id":10007755},{"id":10007756},{"id":10007757},{"id":10007758},{"id":10007759},{"id":10007760},{"id":10007761},{"id":10007762},{"id":10007763},{"id":10007764},{"id":10007765},{"id":10007766},{"id":10007767},{"id":10007768},{"id":10007769},{"id":10007770},{"id":10007771},{"id":10007772},{"id":10007773},{"id":10007774},{"id":10007775},{"id":10007776},{"id":10007777},{"id":10007778},{"id":10007779},{"id":10007780},{"id":10007781},{"id":10007782},{"id":10007783},{"id":10007784},{"id":10007785},{"id":10007786},{"id":10007787},{"id":10007788},{"id":10007789},{"id":10007790},{"id":10007791},{"id":10007792},{"id":10007793},{"id":10007794},{"id":10007795},{"id":10007796},{"id":10007797},{"id":10007798},{"id":10007799},{"id":10007800},{"id":10007801},{"id":10007802},{"id":10007803},{"id":10007804},{"id":10007805},{"id":10007806},{"id":10007807},{"id":10007808},{"id":10007809},{"id":10007810},{"id":10007811},{"id":10007812},{"id":10007813},{"id":10007814},{"id":10007815},{"id":10007816},{"id":10007817},{"id":10007818},{"id":10007819},{"id":10007820},{"id":10007821},{"id":10007822},{"id":10007823},{"id":10007824},{"id":10007825},{"id":10007826},{"id":10007827},{"id":10007828},{"id":10007829},{"id":10007830},{"id":10007831},{"id":10007832},{"id":10007833},{"id":10007834},{"id":10007835},{"id":10007836},{"id":10007837},{"id":10007838},{"id":10007839},{"id":10007840},{"id":10007841},{"id":10007842},{"id":10007843},{"id":10007844},{"id":10007845},{"id":10007846},{"id":10007847},{"id":10007848},{"id":10007849},{"id":10007850},{"id":10007851},{"id":10007852},{"id":10007853},{"id":10007854},{"id":10007855},{"id":10007856},{"id":10007857},{"id":10007858},{"id":10007859},{"id":10007860},{"id":10007861},{"id":10007862},{"id":10007863},{"id":10007864},{"id":10007865},{"id":10007866},{"id":10007867},{"id":10007868},{"id":10007869},{"id":10007870},{"id":10007871},{"id":10007872},{"id":10007873},{"id":10007874},{"id":10007875},{"id":10007876},{"id":10007877},{"id":10007878},{"id":10007879},{"id":10007880},{"id":10007881},{"id":10007882},{"id":10007883},{"id":10007884},{"id":10007885},{"id":10007886},{"id":10007887},{"id":10007888},{"id":10007889},{"id":10007890},{"id":10007891},{"id":10007892},{"id":10007893},{"id":10007894},{"id":10007895},{"id":10007896},{"id":10007897},{"id":10007898},{"id":10007899},{"id":10007900},{"id":10007901},{"id":10007902},{"id":10007903},{"id":10007904},{"id":10007905},{"id":10007906},{"id":10007907},{"id":10007908},{"id":10007909},{"id":10007910},{"id":10007911},{"id":10007912},{"id":10007913},{"id":10007914},{"id":10007915},{"id":10007916},{"id":10007917},{"id":10007918},{"id":10007919},{"id":10007920},{"id":10007921},{"id":10007922},{"id":10007923},{"id":10007924},{"id":10007925},{"id":10007926},{"id":10007927},{"id":10007928},{"id":10007929},{"id":10007930},{"id":10007931},{"id":10007932},{"id":10007933},{"id":10007934},{"id":10007935},{"id":10007936},{"id":10007937},{"id":10007938},{"id":10007939},{"id":10007940},{"id":10007941},{"id":10007942},{"id":10007943},{"id":10007944},{"id":10007945},{"id":10007946},{"id":10007947},{"id":10007948},{"id":10007949},{"id":10007950},{"id":10007951},{"id":10007952},{"id":10007953},{"id":10007954},{"id":10007955},{"id":10007956},{"id":10007957},{"id":10007958},{"id":10007959},{"id":10007960},{"id":10007961},{"id":10007962},{"id":10007963},{"id":10007964},{"id":10007965},{"id":10007966},{"id":10007967},{"id":10007968},{"id":10007969},{"id":10007970},{"id":10007971},{"id":10007972},{"id":10007973},{"id":10007974},{"id":10007975},{"id":10007976},{"id":10007977},{"id":10007978},{"id":10007979},{"id":10007980},{"id":10007981},{"id":10007982},{"id":10007983},{"id":10007984},{"id":10007985},{"id":10007986},{"id":10007987},{"id":10007988},{"id":10007989},{"id":10007990},{"id":10007991},{"id":10007992},{"id":10007993},{"id":10007994},{"id":10007995},{"id":10007996},{"id":10007997},{"id":10007998},{"id":10007999},{"id":10008000},{"id":10008001},{"id":10008002},{"id":10008003},{"id":10008004},{"id":10008005},{"id":10008006},{"id":10008007},{"id":10008008},{"id":10008009},{"id":10008010},{"id":10008011},{"id":10008012},{"id":10008013},{"id":10008014},{"id":10008015},{"id":10008016},{"id":10008017},{"id":10008018},{"id":10008019},{"id":10008020},{"id":10008021},{"id":10008022},{"id":10008023},{"id":10008024},{"id":10008025},{"id":10008026},{"id":10008027},{"id":10008028},{"id":10008029},{"id":10008030},{"id":10008031},{"id":10008032},{"id":10008033},{"id":10008034},{"id":10008035},{"id":10008036},{"id":10008037},{"id":10008038},{"id":10008039},{"id":10008040},{"id":10008041},{"id":10008042},{"id":10008043},{"id":10008044},{"id":10008045},{"id":10008046},{"id":10008047},{"id":10008048},{"id":10008049},{"id":10008050},{"id":10008051},{"id":10008052},{"id":10008053},{"id":10008054},{"id":10008055},{"id":10008056},{"id":10008057},{"id":10008058},{"id":10008059},{"id":10008060},{"id":10008061},{"id":10008062},{"id":10008063},{"id":10008064},{"id":10008065},{"id":10008066},{"id":10008067},{"id":10008068},{"id":10008069},{"id":10008070},{"id":10008071},{"id":10008072},{"id":10008073},{"id":10008074},{"id":10008075},{"id":10008076},{"id":10008077},{"id":10008078},{"id":10008079},{"id":10008080},{"id":10008081},{"id":10008082},{"id":10008083},{"id":10008084},{"id":10008085},{"id":10008086},{"id":10008087},{"id":10008088},{"id":10008089},{"id":10008090},{"id":10008091},{"id":10008092},{"id":10008093},{"id":10008094},{"id":10008095},{"id":10008096},{"id":10008097},{"id":10008098},{"id":10008099},{"id":10008100},{"id":10008101},{"id":10008102},{"id":10008103},{"id":10008104},{"id":10008105},{"id":10008106},{"id":10008107},{"id":10008108},{"id":10008109},{"id":10008110},{"id":10008111},{"id":10008112},{"id":10008113},{"id":10008114},{"id":10008115},{"id":10008116},{"id":10008117},{"id":10008118},{"id":10008119},{"id":10008120},{"id":10008121},{"id":10008122},{"id":10008123},{"id":10008124},{"id":10008125},{"id":10008126},{"id":10008127},{"id":10008128},{"id":10008129},{"id":10008130},{"id":10008131},{"id":10008132},{"id":10008133},{"id":10008134},{"id":10008135},{"id":10008136},{"id":10008137},{"id":10008138},{"id":10008139},{"id":10008140},{"id":10008141},{"id":10008142},{"id":10008143},{"id":10008144},{"id":10008145},{"id":10008146},{"id":10008147},{"id":10008148},{"id":10008149},{"id":10008150},{"id":10008151},{"id":10008152},{"id":10008153},{"id":10008154},{"id":10008155},{"id":10008156},{"id":10008157},{"id":10008158},{"id":10008159},{"id":10008160},{"id":10008161},{"id":10008162},{"id":10008163},{"id":10008164},{"id":10008165},{"id":10008166},{"id":10008167},{"id":10008168},{"id":10008169},{"id":10008170},{"id":10008171},{"id":10008172},{"id":10008173},{"id":10008174},{"id":10008175},{"id":10008176},{"id":10008177},{"id":10008178},{"id":10008179},{"id":10008180},{"id":10008181},{"id":10008182},{"id":10008183},{"id":10008184},{"id":10008185},{"id":10008186},{"id":10008187},{"id":10008188},{"id":10008189},{"id":10008190},{"id":10008191},{"id":10008192},{"id":10008193},{"id":10008194},{"id":10008195},{"id":10008196},{"id":10008197},{"id":10008198},{"id":10008199},{"id":10008200},{"id":10008201},{"id":10008202},{"id":10008203},{"id":10008204},{"id":10008205},{"id":10008206},{"id":10008207},{"id":10008208},{"id":10008209},{"id":10008210},{"id":10008211},{"id":10008212},{"id":10008213},{"id":10008214},{"id":10008215},{"id":10008216},{"id":10008217},{"id":10008218},{"id":10008219},{"id":10008220},{"id":10008221},{"id":10008222},{"id":10008223},{"id":10008224},{"id":10008225},{"id":10008226},{"id":10008227},{"id":10008228},{"id":10008229},{"id":10008230},{"id":10008231},{"id":10008232},{"id":10008233},{"id":10008234},{"id":10008235},{"id":10008236},{"id":10008237},{"id":10008238},{"id":10008239},{"id":10008240},{"id":10008241},{"id":10008242},{"id":10008243},{"id":10008244},{"id":10008245},{"id":10008246},{"id":10008247},{"id":10008248},{"id":10008249},{"id":10008250},{"id":10008251},{"id":10008252},{"id":10008253},{"id":10008254},{"id":10008255},{"id":10008256},{"id":10008257},{"id":10008258},{"id":10008259},{"id":10008260},{"id":10008261},{"id":10008262},{"id":10008263},{"id":10008264},{"id":10008265},{"id":10008266},{"id":10008267},{"id":10008268},{"id":10008269},{"id":10008270},{"id":10008271},{"id":10008272},{"id":10008273},{"id":10008274},{"id":10008275},{"id":10008276},{"id":10008277},{"id":10008278},{"id":10008279},{"id":10008280},{"id":10008281},{"id":10008282},{"id":10008283},{"id":10008284},{"id":10008285},{"id":10008286},{"id":10008287},{"id":10008288},{"id":10008289},{"id":10008290},{"id":10008291},{"id":10008292},{"id":10008293},{"id":10008294},{"id":10008295},{"id":10008296},{"id":10008297},{"id":10008298},{"id":10008299},{"id":10008300},{"id":10008301},{"id":10008302},{"id":10008303},{"id":10008304},{"id":10008305},{"id":10008306},{"id":10008307},{"id":10008308},{"id":10008309},{"id":10008310},{"id":10008311},{"id":10008312},{"id":10008313},{"id":10008314},{"id":10008315},{"id":10008316},{"id":10008317},{"id":10008318},{"id":10008319},{"id":10008320},{"id":10008321},{"id":10008322},{"id":10008323},{"id":10008324},{"id":10008325},{"id":10008326},{"id":10008327},{"id":10008328},{"id":10008329},{"id":10008330},{"id":10008331},{"id":10008332},{"id":10008333},{"id":10008334},{"id":10008335},{"id":10008336},{"id":10008337},{"id":10008338},{"id":10008339},{"id":10008340},{"id":10008341},{"id":10008342},{"id":10008343},{"id":10008344},{"id":10008345},{"id":10008346},{"id":10008347},{"id":10008348},{"id":10008349},{"id":10008350},{"id":10008351},{"id":10008352},{"id":10008353},{"id":10008354},{"id":10008355},{"id":10008356},{"id":10008357},{"id":10008358},{"id":10008359},{"id":10008360},{"id":10008361},{"id":10008362},{"id":10008363},{"id":10008364},{"id":10008365},{"id":10008366},{"id":10008367},{"id":10008368},{"id":10008369},{"id":10008370},{"id":10008371},{"id":10008372},{"id":10008373},{"id":10008374},{"id":10008375},{"id":10008376},{"id":10008377},{"id":10008378},{"id":10008379},{"id":10008380},{"id":10008381},{"id":10008382},{"id":10008383},{"id":10008384},{"id":10008385},{"id":10008386},{"id":10008387},{"id":10008388},{"id":10008389},{"id":10008390},{"id":10008391},{"id":10008392},{"id":10008393},{"id":10008394},{"id":10008395},{"id":10008396},{"id":10008397},{"id":10008398},{"id":10008399},{"id":10008400},{"id":10008401},{"id":10008402},{"id":10008403},{"id":10008404},{"id":10008405},{"id":10008406},{"id":10008407},{"id":10008408},{"id":10008409},{"id":10008410},{"id":10008411},{"id":10008412},{"id":10008413},{"id":10008414},{"id":10008415},{"id":10008416},{"id":10008417},{"id":10008418},{"id":10008419},{"id":10008420},{"id":10008421},{"id":10008422},{"id":10008423},{"id":10008424},{"id":10008425},{"id":10008426},{"id":10008427},{"id":10008428},{"id":10008429},{"id":10008430},{"id":10008431},{"id":10008432},{"id":10008433},{"id":10008434},{"id":10008435},{"id":10008436},{"id":10008437},{"id":10008438},{"id":10008439},{"id":10008440},{"id":10008441},{"id":10008442},{"id":10008443},{"id":10008444},{"id":10008445},{"id":10008446},{"id":10008447},{"id":10008448},{"id":10008449},{"id":10008450},{"id":10008451},{"id":10008452},{"id":10008453},{"id":10008454},{"id":10008455},{"id":10008456},{"id":10008457},{"id":10008458},{"id":10008459},{"id":10008460},{"id":10008461},{"id":10008462},{"id":10008463},{"id":10008464},{"id":10008465},{"id":10008466},{"id":10008467},{"id":10008468},{"id":10008469},{"id":10008470},{"id":10008471},{"id":10008472},{"id":10008473},{"id":10008474},{"id":10008475},{"id":10008476},{"id":10008477},{"id":10008478},{"id":10008479},{"id":10008480},{"id":10008481},{"id":10008482},{"id":10008483},{"id":10008484},{"id":10008485},{"id":10008486},{"id":10008487},{"id":10008488},{"id":10008489},{"id":10008490},{"id":10008491},{"id":10008492},{"id":10008493},{"id":10008494},{"id":10008495},{"id":10008496},{"id":10008497},{"id":10008498},{"id":10008499},{"id":10008500},{"id":10008501},{"id":10008502},{"id":10008503},{"id":10008504},{"id":10008505},{"id":10008506},{"id":10008507},{"id":10008508},{"id":10008509},{"id":10008510},{"id":10008511},{"id":10008512},{"id":10008513},{"id":10008514},{"id":10008515},{"id":10008516},{"id":10008517},{"id":10008518},{"id":10008519},{"id":10008520},{"id":10008521},{"id":10008522},{"id":10008523},{"id":10008524},{"id":10008525},{"id":10008526},{"id":10008527},{"id":10008528},{"id":10008529},{"id":10008530},{"id":10008531},{"id":10008532},{"id":10008533},{"id":10008534},{"id":10008535},{"id":10008536},{"id":10008537},{"id":10008538},{"id":10008539},{"id":10008540},{"id":10008541},{"id":10008542},{"id":10008543},{"id":10008544},{"id":10008545},{"id":10008546},{"id":10008547},{"id":10008548},{"id":10008549},{"id":10008550},{"id":10008551},{"id":10008552},{"id":10008553},{"id":10008554},{"id":10008555},{"id":10008556},{"id":10008557},{"id":10008558},{"id":10008559},{"id":10008560},{"id":10008561},{"id":10008562},{"id":10008563},{"id":10008564},{"id":10008565},{"id":10008566},{"id":10008567},{"id":10008568},{"id":10008569},{"id":10008570},{"id":10008571},{"id":10008572},{"id":10008573},{"id":10008574},{"id":10008575},{"id":10008576},{"id":10008577},{"id":10008578},{"id":10008579},{"id":10008580},{"id":10008581},{"id":10008582},{"id":10008583},{"id":10008584},{"id":10008585},{"id":10008586},{"id":10008587},{"id":10008588},{"id":10008589},{"id":10008590},{"id":10008591},{"id":10008592},{"id":10008593},{"id":10008594},{"id":10008595},{"id":10008596},{"id":10008597},{"id":10008598},{"id":10008599},{"id":10008600},{"id":10008601},{"id":10008602},{"id":10008603},{"id":10008604},{"id":10008605},{"id":10008606},{"id":10008607},{"id":10008608},{"id":10008609},{"id":10008610},{"id":10008611},{"id":10008612},{"id":10008613},{"id":10008614},{"id":10008615},{"id":10008616},{"id":10008617},{"id":10008618},{"id":10008619},{"id":10008620},{"id":10008621},{"id":10008622},{"id":10008623},{"id":10008624},{"id":10008625},{"id":10008626},{"id":10008627},{"id":10008628},{"id":10008629},{"id":10008630},{"id":10008631},{"id":10008632},{"id":10008633},{"id":10008634},{"id":10008635},{"id":10008636},{"id":10008637},{"id":10008638},{"id":10008639},{"id":10008640},{"id":10008641},{"id":10008642},{"id":10008643},{"id":10008644},{"id":10008645},{"id":10008646},{"id":10008647},{"id":10008648},{"id":10008649},{"id":10008650},{"id":10008651},{"id":10008652},{"id":10008653},{"id":10008654},{"id":10008655},{"id":10008656},{"id":10008657},{"id":10008658},{"id":10008659},{"id":10008660},{"id":10008661},{"id":10008662},{"id":10008663},{"id":10008664},{"id":10008665},{"id":10008666},{"id":10008667},{"id":10008668},{"id":10008669},{"id":10008670},{"id":10008671},{"id":10008672},{"id":10008673},{"id":10008674},{"id":10008675},{"id":10008676},{"id":10008677},{"id":10008678},{"id":10008679},{"id":10008680},{"id":10008681},{"id":10008682},{"id":10008683},{"id":10008684},{"id":10008685},{"id":10008686},{"id":10008687},{"id":10008688},{"id":10008689},{"id":10008690},{"id":10008691},{"id":10008692},{"id":10008693},{"id":10008694},{"id":10008695},{"id":10008696},{"id":10008697},{"id":10008698},{"id":10008699},{"id":10008700},{"id":10008701},{"id":10008702},{"id":10008703},{"id":10008704},{"id":10008705},{"id":10008706},{"id":10008707},{"id":10008708},{"id":10008709},{"id":10008710},{"id":10008711},{"id":10008712},{"id":10008713},{"id":10008714},{"id":10008715},{"id":10008716},{"id":10008717},{"id":10008718},{"id":10008719},{"id":10008720},{"id":10008721},{"id":10008722},{"id":10008723},{"id":10008724},{"id":10008725},{"id":10008726},{"id":10008727},{"id":10008728},{"id":10008729},{"id":10008730},{"id":10008731},{"id":10008732},{"id":10008733},{"id":10008734},{"id":10008735},{"id":10008736},{"id":10008737},{"id":10008738},{"id":10008739},{"id":10008740},{"id":10008741},{"id":10008742},{"id":10008743},{"id":10008744},{"id":10008745},{"id":10008746},{"id":10008747},{"id":10008748},{"id":10008749},{"id":10008750},{"id":10008751},{"id":10008752},{"id":10008753},{"id":10008754},{"id":10008755},{"id":10008756},{"id":10008757},{"id":10008758},{"id":10008759},{"id":10008760},{"id":10008761},{"id":10008762},{"id":10008763},{"id":10008764},{"id":10008765},{"id":10008766},{"id":10008767},{"id":10008768},{"id":10008769},{"id":10008770},{"id":10008771},{"id":10008772},{"id":10008773},{"id":10008774},{"id":10008775},{"id":10008776},{"id":10008777},{"id":10008778},{"id":10008779},{"id":10008780},{"id":10008781},{"id":10008782},{"id":10008783},{"id":10008784},{"id":10008785},{"id":10008786},{"id":10008787},{"id":10008788},{"id":10008789},{"id":10008790},{"id":10008791},{"id":10008792},{"id":10008793},{"id":10008794},{"id":10008795},{"id":10008796},{"id":10008797},{"id":10008798},{"id":10008799},{"id":10008800},{"id":10008801},{"id":10008802},{"id":10008803},{"id":10008804},{"id":10008805},{"id":10008806},{"id":10008807},{"id":10008808},{"id":10008809},{"id":10008810},{"id":10008811},{"id":10008812},{"id":10008813},{"id":10008814},{"id":10008815},{"id":10008816},{"id":10008817},{"id":10008818},{"id":10008819},{"id":10008820},{"id":10008821},{"id":10008822},{"id":10008823},{"id":10008824},{"id":10008825},{"id":10008826},{"id":10008827},{"id":10008828},{"id":10008829},{"id":10008830},{"id":10008831},{"id":10008832},{"id":10008833},{"id":10008834},{"id":10008835},{"id":10008836},{"id":10008837},{"id":10008838},{"id":10008839},{"id":10008840},{"id":10008841},{"id":10008842},{"id":10008843},{"id":10008844},{"id":10008845},{"id":10008846},{"id":10008847},{"id":10008848},{"id":10008849},{"id":10008850},{"id":10008851},{"id":10008852},{"id":10008853},{"id":10008854},{"id":10008855},{"id":10008856},{"id":10008857},{"id":10008858},{"id":10008859},{"id":10008860},{"id":10008861},{"id":10008862},{"id":10008863},{"id":10008864},{"id":10008865},{"id":10008866},{"id":10008867},{"id":10008868},{"id":10008869},{"id":10008870},{"id":10008871},{"id":10008872},{"id":10008873},{"id":10008874},{"id":10008875},{"id":10008876},{"id":10008877},{"id":10008878},{"id":10008879},{"id":10008880},{"id":10008881},{"id":10008882},{"id":10008883},{"id":10008884},{"id":10008885},{"id":10008886},{"id":10008887},{"id":10008888},{"id":10008889},{"id":10008890},{"id":10008891},{"id":10008892},{"id":10008893},{"id":10008894},{"id":10008895},{"id":10008896},{"id":10008897},{"id":10008898},{"id":10008899},{"id":10008900},{"id":10008901},{"id":10008902},{"id":10008903},{"id":10008904},{"id":10008905},{"id":10008906},{"id":10008907},{"id":10008908},{"id":10008909},{"id":10008910},{"id":10008911},{"id":10008912},{"id":10008913},{"id":10008914},{"id":10008915},{"id":10008916},{"id":10008917},{"id":10008918},{"id":10008919},{"id":10008920},{"id":10008921},{"id":10008922},{"id":10008923},{"id":10008924},{"id":10008925},{"id":10008926},{"id":10008927},{"id":10008928},{"id":10008929},{"id":10008930},{"id":10008931},{"id":10008932},{"id":10008933},{"id":10008934},{"id":10008935},{"id":10008936},{"id":10008937},{"id":10008938},{"id":10008939},{"id":10008940},{"id":10008941},{"id":10008942},{"id":10008943},{"id":10008944},{"id":10008945},{"id":10008946},{"id":10008947},{"id":10008948},{"id":10008949},{"id":10008950},{"id":10008951},{"id":10008952},{"id":10008953},{"id":10008954},{"id":10008955},{"id":10008956},{"id":10008957},{"id":10008958},{"id":10008959},{"id":10008960},{"id":10008961},{"id":10008962},{"id":10008963},{"id":10008964},{"id":10008965},{"id":10008966},{"id":10008967},{"id":10008968},{"id":10008969},{"id":10008970},{"id":10008971},{"id":10008972},{"id":10008973},{"id":10008974},{"id":10008975},{"id":10008976},{"id":10008977},{"id":10008978},{"id":10008979},{"id":10008980},{"id":10008981},{"id":10008982},{"id":10008983},{"id":10008984},{"id":10008985},{"id":10008986},{"id":10008987},{"id":10008988},{"id":10008989},{"id":10008990},{"id":10008991},{"id":10008992},{"id":10008993},{"id":10008994},{"id":10008995},{"id":10008996},{"id":10008997},{"id":10008998},{"id":10008999},{"id":10009000},{"id":10009001},{"id":10009002},{"id":10009003},{"id":10009004},{"id":10009005},{"id":10009006},{"id":10009007},{"id":10009008},{"id":10009009},{"id":10009010},{"id":10009011},{"id":10009012},{"id":10009013},{"id":10009014},{"id":10009015},{"id":10009016},{"id":10009017},{"id":10009018},{"id":10009019},{"id":10009020},{"id":10009021},{"id":10009022},{"id":10009023},{"id":10009024},{"id":10009025},{"id":10009026},{"id":10009027},{"id":10009028},{"id":10009029},{"id":10009030},{"id":10009031},{"id":10009032},{"id":10009033},{"id":10009034},{"id":10009035},{"id":10009036},{"id":10009037},{"id":10009038},{"id":10009039},{"id":10009040},{"id":10009041},{"id":10009042},{"id":10009043},{"id":10009044},{"id":10009045},{"id":10009046},{"id":10009047},{"id":10009048},{"id":10009049},{"id":10009050},{"id":10009051},{"id":10009052},{"id":10009053},{"id":10009054},{"id":10009055},{"id":10009056},{"id":10009057},{"id":10009058},{"id":10009059},{"id":10009060},{"id":10009061},{"id":10009062},{"id":10009063},{"id":10009064},{"id":10009065},{"id":10009066},{"id":10009067},{"id":10009068},{"id":10009069},{"id":10009070},{"id":10009071},{"id":10009072},{"id":10009073},{"id":10009074},{"id":10009075},{"id":10009076},{"id":10009077},{"id":10009078},{"id":10009079},{"id":10009080},{"id":10009081},{"id":10009082},{"id":10009083},{"id":10009084},{"id":10009085},{"id":10009086},{"id":10009087},{"id":10009088},{"id":10009089},{"id":10009090},{"id":10009091},{"id":10009092},{"id":10009093},{"id":10009094},{"id":10009095},{"id":10009096},{"id":10009097},{"id":10009098},{"id":10009099},{"id":10009100},{"id":10009101},{"id":10009102},{"id":10009103},{"id":10009104},{"id":10009105},{"id":10009106},{"id":10009107},{"id":10009108},{"id":10009109},{"id":10009110},{"id":10009111},{"id":10009112},{"id":10009113},{"id":10009114},{"id":10009115},{"id":10009116},{"id":10009117},{"id":10009118},{"id":10009119},{"id":10009120},{"id":10009121},{"id":10009122},{"id":10009123},{"id":10009124},{"id":10009125},{"id":10009126},{"id":10009127},{"id":10009128},{"id":10009129},{"id":10009130},{"id":10009131},{"id":10009132},{"id":10009133},{"id":10009134},{"id":10009135},{"id":10009136},{"id":10009137},{"id":10009138},{"id":10009139},{"id":10009140},{"id":10009141},{"id":10009142},{"id":10009143},{"id":10009144},{"id":10009145},{"id":10009146},{"id":10009147},{"id":10009148},{"id":10009149},{"id":10009150},{"id":10009151},{"id":10009152},{"id":10009153},{"id":10009154},{"id":10009155},{"id":10009156},{"id":10009157},{"id":10009158},{"id":10009159},{"id":10009160},{"id":10009161},{"id":10009162},{"id":10009163},{"id":10009164},{"id":10009165},{"id":10009166},{"id":10009167},{"id":10009168},{"id":10009169},{"id":10009170},{"id":10009171},{"id":10009172},{"id":10009173},{"id":10009174},{"id":10009175},{"id":10009176},{"id":10009177},{"id":10009178},{"id":10009179},{"id":10009180},{"id":10009181},{"id":10009182},{"id":10009183},{"id":10009184},{"id":10009185},{"id":10009186},{"id":10009187},{"id":10009188},{"id":10009189},{"id":10009190},{"id":10009191},{"id":10009192},{"id":10009193},{"id":10009194},{"id":10009195},{"id":10009196},{"id":10009197},{"id":10009198},{"id":10009199},{"id":10009200},{"id":10009201},{"id":10009202},{"id":10009203},{"id":10009204},{"id":10009205},{"id":10009206},{"id":10009207},{"id":10009208},{"id":10009209},{"id":10009210},{"id":10009211},{"id":10009212},{"id":10009213},{"id":10009214},{"id":10009215},{"id":10009216},{"id":10009217},{"id":10009218},{"id":10009219},{"id":10009220},{"id":10009221},{"id":10009222},{"id":10009223},{"id":10009224},{"id":10009225},{"id":10009226},{"id":10009227},{"id":10009228},{"id":10009229},{"id":10009230},{"id":10009231},{"id":10009232},{"id":10009233},{"id":10009234},{"id":10009235},{"id":10009236},{"id":10009237},{"id":10009238},{"id":10009239},{"id":10009240},{"id":10009241},{"id":10009242},{"id":10009243},{"id":10009244},{"id":10009245},{"id":10009246},{"id":10009247},{"id":10009248},{"id":10009249},{"id":10009250},{"id":10009251},{"id":10009252},{"id":10009253},{"id":10009254},{"id":10009255},{"id":10009256},{"id":10009257},{"id":10009258},{"id":10009259},{"id":10009260},{"id":10009261},{"id":10009262},{"id":10009263},{"id":10009264},{"id":10009265},{"id":10009266},{"id":10009267},{"id":10009268},{"id":10009269},{"id":10009270},{"id":10009271},{"id":10009272},{"id":10009273},{"id":10009274},{"id":10009275},{"id":10009276},{"id":10009277},{"id":10009278},{"id":10009279},{"id":10009280},{"id":10009281},{"id":10009282},{"id":10009283},{"id":10009284},{"id":10009285},{"id":10009286},{"id":10009287},{"id":10009288},{"id":10009289},{"id":10009290},{"id":10009291},{"id":10009292},{"id":10009293},{"id":10009294},{"id":10009295},{"id":10009296},{"id":10009297},{"id":10009298},{"id":10009299},{"id":10009300},{"id":10009301},{"id":10009302},{"id":10009303},{"id":10009304},{"id":10009305},{"id":10009306},{"id":10009307},{"id":10009308},{"id":10009309},{"id":10009310},{"id":10009311},{"id":10009312},{"id":10009313},{"id":10009314},{"id":10009315},{"id":10009316},{"id":10009317},{"id":10009318},{"id":10009319},{"id":10009320},{"id":10009321},{"id":10009322},{"id":10009323},{"id":10009324},{"id":10009325},{"id":10009326},{"id":10009327},{"id":10009328},{"id":10009329},{"id":10009330},{"id":10009331},{"id":10009332},{"id":10009333},{"id":10009334},{"id":10009335},{"id":10009336},{"id":10009337},{"id":10009338},{"id":10009339},{"id":10009340},{"id":10009341},{"id":10009342},{"id":10009343},{"id":10009344},{"id":10009345},{"id":10009346},{"id":10009347},{"id":10009348},{"id":10009349},{"id":10009350},{"id":10009351},{"id":10009352},{"id":10009353},{"id":10009354},{"id":10009355},{"id":10009356},{"id":10009357},{"id":10009358},{"id":10009359},{"id":10009360},{"id":10009361},{"id":10009362},{"id":10009363},{"id":10009364},{"id":10009365},{"id":10009366},{"id":10009367},{"id":10009368},{"id":10009369},{"id":10009370},{"id":10009371},{"id":10009372},{"id":10009373},{"id":10009374},{"id":10009375},{"id":10009376},{"id":10009377},{"id":10009378},{"id":10009379},{"id":10009380},{"id":10009381},{"id":10009382},{"id":10009383},{"id":10009384},{"id":10009385},{"id":10009386},{"id":10009387},{"id":10009388},{"id":10009389},{"id":10009390},{"id":10009391},{"id":10009392},{"id":10009393},{"id":10009394},{"id":10009395},{"id":10009396},{"id":10009397},{"id":10009398},{"id":10009399},{"id":10009400},{"id":10009401},{"id":10009402},{"id":10009403},{"id":10009404},{"id":10009405},{"id":10009406},{"id":10009407},{"id":10009408},{"id":10009409},{"id":10009410},{"id":10009411},{"id":10009412},{"id":10009413},{"id":10009414},{"id":10009415},{"id":10009416},{"id":10009417},{"id":10009418},{"id":10009419},{"id":10009420},{"id":10009421},{"id":10009422},{"id":10009423},{"id":10009424},{"id":10009425},{"id":10009426},{"id":10009427},{"id":10009428},{"id":10009429},{"id":10009430},{"id":10009431},{"id":10009432},{"id":10009433},{"id":10009434},{"id":10009435},{"id":10009436},{"id":10009437},{"id":10009438},{"id":10009439},{"id":10009440},{"id":10009441},{"id":10009442},{"id":10009443},{"id":10009444},{"id":10009445},{"id":10009446},{"id":10009447},{"id":10009448},{"id":10009449},{"id":10009450},{"id":10009451},{"id":10009452},{"id":10009453},{"id":10009454},{"id":10009455},{"id":10009456},{"id":10009457},{"id":10009458},{"id":10009459},{"id":10009460},{"id":10009461},{"id":10009462},{"id":10009463},{"id":10009464},{"id":10009465},{"id":10009466},{"id":10009467},{"id":10009468},{"id":10009469},{"id":10009470},{"id":10009471},{"id":10009472},{"id":10009473},{"id":10009474},{"id":10009475},{"id":10009476},{"id":10009477},{"id":10009478},{"id":10009479},{"id":10009480},{"id":10009481},{"id":10009482},{"id":10009483},{"id":10009484},{"id":10009485},{"id":10009486},{"id":10009487},{"id":10009488},{"id":10009489},{"id":10009490},{"id":10009491},{"id":10009492},{"id":10009493},{"id":10009494},{"id":10009495},{"id":10009496},{"id":10009497},{"id":10009498},{"id":10009499},{"id":10009500},{"id":10009501},{"id":10009502},{"id":10009503},{"id":10009504},{"id":10009505},{"id":10009506},{"id":10009507},{"id":10009508},{"id":10009509},{"id":10009510},{"id":10009511},{"id":10009512},{"id":10009513},{"id":10009514},{"id":10009515},{"id":10009516},{"id":10009517},{"id":10009518},{"id":10009519},{"id":10009520},{"id":10009521},{"id":10009522},{"id":10009523},{"id":10009524},{"id":10009525},{"id":10009526},{"id":10009527},{"id":10009528},{"id":10009529},{"id":10009530},{"id":10009531},{"id":10009532},{"id":10009533},{"id":10009534},{"id":10009535},{"id":10009536},{"id":10009537},{"id":10009538},{"id":10009539},{"id":10009540},{"id":10009541},{"id":10009542},{"id":10009543},{"id":10009544},{"id":10009545},{"id":10009546},{"id":10009547},{"id":10009548},{"id":10009549},{"id":10009550},{"id":10009551},{"id":10009552},{"id":10009553},{"id":10009554},{"id":10009555},{"id":10009556},{"id":10009557},{"id":10009558},{"id":10009559},{"id":10009560},{"id":10009561},{"id":10009562},{"id":10009563},{"id":10009564},{"id":10009565},{"id":10009566},{"id":10009567},{"id":10009568},{"id":10009569},{"id":10009570},{"id":10009571},{"id":10009572},{"id":10009573},{"id":10009574},{"id":10009575},{"id":10009576},{"id":10009577},{"id":10009578},{"id":10009579},{"id":10009580},{"id":10009581},{"id":10009582},{"id":10009583},{"id":10009584},{"id":10009585},{"id":10009586},{"id":10009587},{"id":10009588},{"id":10009589},{"id":10009590},{"id":10009591},{"id":10009592},{"id":10009593},{"id":10009594},{"id":10009595},{"id":10009596},{"id":10009597},{"id":10009598},{"id":10009599},{"id":10009600},{"id":10009601},{"id":10009602},{"id":10009603},{"id":10009604},{"id":10009605},{"id":10009606},{"id":10009607},{"id":10009608},{"id":10009609},{"id":10009610},{"id":10009611},{"id":10009612},{"id":10009613},{"id":10009614},{"id":10009615},{"id":10009616},{"id":10009617},{"id":10009618},{"id":10009619},{"id":10009620},{"id":10009621},{"id":10009622},{"id":10009623},{"id":10009624},{"id":10009625},{"id":10009626},{"id":10009627},{"id":10009628},{"id":10009629},{"id":10009630},{"id":10009631},{"id":10009632},{"id":10009633},{"id":10009634},{"id":10009635},{"id":10009636},{"id":10009637},{"id":10009638},{"id":10009639},{"id":10009640},{"id":10009641},{"id":10009642},{"id":10009643},{"id":10009644},{"id":10009645},{"id":10009646},{"id":10009647},{"id":10009648},{"id":10009649},{"id":10009650},{"id":10009651},{"id":10009652},{"id":10009653},{"id":10009654},{"id":10009655},{"id":10009656},{"id":10009657},{"id":10009658},{"id":10009659},{"id":10009660},{"id":10009661},{"id":10009662},{"id":10009663},{"id":10009664},{"id":10009665},{"id":10009666},{"id":10009667},{"id":10009668},{"id":10009669},{"id":10009670},{"id":10009671},{"id":10009672},{"id":10009673},{"id":10009674},{"id":10009675},{"id":10009676},{"id":10009677},{"id":10009678},{"id":10009679},{"id":10009680},{"id":10009681},{"id":10009682},{"id":10009683},{"id":10009684},{"id":10009685},{"id":10009686},{"id":10009687},{"id":10009688},{"id":10009689},{"id":10009690},{"id":10009691},{"id":10009692},{"id":10009693},{"id":10009694},{"id":10009695},{"id":10009696},{"id":10009697},{"id":10009698},{"id":10009699},{"id":10009700},{"id":10009701},{"id":10009702},{"id":10009703},{"id":10009704},{"id":10009705},{"id":10009706},{"id":10009707},{"id":10009708},{"id":10009709},{"id":10009710},{"id":10009711},{"id":10009712},{"id":10009713},{"id":10009714},{"id":10009715},{"id":10009716},{"id":10009717},{"id":10009718},{"id":10009719},{"id":10009720},{"id":10009721},{"id":10009722},{"id":10009723},{"id":10009724},{"id":10009725},{"id":10009726},{"id":10009727},{"id":10009728},{"id":10009729},{"id":10009730},{"id":10009731},{"id":10009732},{"id":10009733},{"id":10009734},{"id":10009735},{"id":10009736},{"id":10009737},{"id":10009738},{"id":10009739},{"id":10009740},{"id":10009741},{"id":10009742},{"id":10009743},{"id":10009744},{"id":10009745},{"id":10009746},{"id":10009747},{"id":10009748},{"id":10009749},{"id":10009750},{"id":10009751},{"id":10009752},{"id":10009753},{"id":10009754},{"id":10009755},{"id":10009756},{"id":10009757},{"id":10009758},{"id":10009759},{"id":10009760},{"id":10009761},{"id":10009762},{"id":10009763},{"id":10009764},{"id":10009765},{"id":10009766},{"id":10009767},{"id":10009768},{"id":10009769},{"id":10009770},{"id":10009771},{"id":10009772},{"id":10009773},{"id":10009774},{"id":10009775},{"id":10009776},{"id":10009777},{"id":10009778},{"id":10009779},{"id":10009780},{"id":10009781},{"id":10009782},{"id":10009783},{"id":10009784},{"id":10009785},{"id":10009786},{"id":10009787},{"id":10009788},{"id":10009789},{"id":10009790},{"id":10009791},{"id":10009792},{"id":10009793},{"id":10009794},{"id":10009795},{"id":10009796},{"id":10009797},{"id":10009798},{"id":10009799},{"id":10009800},{"id":10009801},{"id":10009802},{"id":10009803},{"id":10009804},{"id":10009805},{"id":10009806},{"id":10009807},{"id":10009808},{"id":10009809},{"id":10009810},{"id":10009811},{"id":10009812},{"id":10009813},{"id":10009814},{"id":10009815},{"id":10009816},{"id":10009817},{"id":10009818},{"id":10009819},{"id":10009820},{"id":10009821},{"id":10009822},{"id":10009823},{"id":10009824},{"id":10009825},{"id":10009826},{"id":10009827},{"id":10009828},{"id":10009829},{"id":10009830},{"id":10009831},{"id":10009832},{"id":10009833},{"id":10009834},{"id":10009835},{"id":10009836},{"id":10009837},{"id":10009838},{"id":10009839},{"id":10009840},{"id":10009841},{"id":10009842},{"id":10009843},{"id":10009844},{"id":10009845},{"id":10009846},{"id":10009847},{"id":10009848},{"id":10009849},{"id":10009850},{"id":10009851},{"id":10009852},{"id":10009853},{"id":10009854},{"id":10009855},{"id":10009856},{"id":10009857},{"id":10009858},{"id":10009859},{"id":10009860},{"id":10009861},{"id":10009862},{"id":10009863},{"id":10009864},{"id":10009865},{"id":10009866},{"id":10009867},{"id":10009868},{"id":10009869},{"id":10009870},{"id":10009871},{"id":10009872},{"id":10009873},{"id":10009874},{"id":10009875},{"id":10009876},{"id":10009877},{"id":10009878},{"id":10009879},{"id":10009880},{"id":10009881},{"id":10009882},{"id":10009883},{"id":10009884},{"id":10009885},{"id":10009886},{"id":10009887},{"id":10009888},{"id":10009889},{"id":10009890},{"id":10009891},{"id":10009892},{"id":10009893},{"id":10009894},{"id":10009895},{"id":10009896},{"id":10009897},{"id":10009898},{"id":10009899},{"id":10009900},{"id":10009901},{"id":10009902},{"id":10009903},{"id":10009904},{"id":10009905},{"id":10009906},{"id":10009907},{"id":10009908},{"id":10009909},{"id":10009910},{"id":10009911},{"id":10009912},{"id":10009913},{"id":10009914},{"id":10009915},{"id":10009916},{"id":10009917},{"id":10009918},{"id":10009919},{"id":10009920},{"id":10009921},{"id":10009922},{"id":10009923},{"id":10009924},{"id":10009925},{"id":10009926},{"id":10009927},{"id":10009928},{"id":10009929},{"id":10009930},{"id":10009931},{"id":10009932},{"id":10009933},{"id":10009934},{"id":10009935},{"id":10009936},{"id":10009937},{"id":10009938},{"id":10009939},{"id":10009940},{"id":10009941},{"id":10009942},{"id":10009943},{"id":10009944},{"id":10009945},{"id":10009946},{"id":10009947},{"id":10009948},{"id":10009949},{"id":10009950},{"id":10009951},{"id":10009952},{"id":10009953},{"id":10009954},{"id":10009955},{"id":10009956},{"id":10009957},{"id":10009958},{"id":10009959},{"id":10009960},{"id":10009961},{"id":10009962},{"id":10009963},{"id":10009964},{"id":10009965},{"id":10009966},{"id":10009967},{"id":10009968},{"id":10009969},{"id":10009970},{"id":10009971},{"id":10009972},{"id":10009973},{"id":10009974},{"id":10009975},{"id":10009976},{"id":10009977},{"id":10009978},{"id":10009979},{"id":10009980},{"id":10009981},{"id":10009982},{"id":10009983},{"id":10009984},{"id":10009985},{"id":10009986},{"id":10009987},{"id":10009988},{"id":10009989},{"id":10009990},{"id":10009991},{"id":10009992},{"id":10009993},{"id":10009994},{"id":10009995},{"id":10009996},{"id":10009997},{"id":10009998},{"id":10009999},{"id":10010000},{"id":10010001},{"id":10010002},{"id":10010003},{"id":10010004},{"id":10010005},{"id":10010006},{"id":10010007},{"id":10010008},{"id":10010009},{"id":10010010},{"id":10010011},{"id":10010012},{"id":10010013},{"id":10010014},{"id":10010015},{"id":10010016},{"id":10010017},{"id":10010018},{"id":10010019},{"id":10010020},{"id":10010021},{"id":10010022},{"id":10010023},{"id":10010024},{"id":10010025},{"id":10010026},{"id":10010027},{"id":10010028},{"id":10010029},{"id":10010030},{"id":10010031},{"id":10010032},{"id":10010033},{"id":10010034},{"id":10010035},{"id":10010036},{"id":10010037},{"id":10010038},{"id":10010039},{"id":10010040},{"id":10010041},{"id":10010042},{"id":10010043},{"id":10010044},{"id":10010045},{"id":10010046},{"id":10010047},{"id":10010048},{"id":10010049},{"id":10010050},{"id":10010051},{"id":10010052},{"id":10010053},{"id":10010054},{"id":10010055},{"id":10010056},{"id":10010057},{"id":10010058},{"id":10010059},{"id":10010060},{"id":10010061},{"id":10010062},{"id":10010063},{"id":10010064},{"id":10010065},{"id":10010066},{"id":10010067},{"id":10010068},{"id":10010069},{"id":10010070},{"id":10010071},{"id":10010072},{"id":10010073},{"id":10010074},{"id":10010075},{"id":10010076},{"id":10010077},{"id":10010078},{"id":10010079},{"id":10010080},{"id":10010081},{"id":10010082},{"id":10010083},{"id":10010084},{"id":10010085},{"id":10010086},{"id":10010087},{"id":10010088},{"id":10010089},{"id":10010090},{"id":10010091},{"id":10010092},{"id":10010093},{"id":10010094},{"id":10010095},{"id":10010096},{"id":10010097},{"id":10010098},{"id":10010099},{"id":10010100},{"id":10010101},{"id":10010102},{"id":10010103},{"id":10010104},{"id":10010105},{"id":10010106},{"id":10010107},{"id":10010108},{"id":10010109},{"id":10010110},{"id":10010111},{"id":10010112},{"id":10010113},{"id":10010114},{"id":10010115},{"id":10010116},{"id":10010117},{"id":10010118},{"id":10010119},{"id":10010120},{"id":10010121},{"id":10010122},{"id":10010123},{"id":10010124},{"id":10010125},{"id":10010126},{"id":10010127},{"id":10010128},{"id":10010129},{"id":10010130},{"id":10010131},{"id":10010132},{"id":10010133},{"id":10010134},{"id":10010135},{"id":10010136},{"id":10010137},{"id":10010138},{"id":10010139},{"id":10010140},{"id":10010141},{"id":10010142},{"id":10010143},{"id":10010144},{"id":10010145},{"id":10010146},{"id":10010147},{"id":10010148},{"id":10010149},{"id":10010150},{"id":10010151},{"id":10010152},{"id":10010153},{"id":10010154},{"id":10010155},{"id":10010156},{"id":10010157},{"id":10010158},{"id":10010159},{"id":10010160},{"id":10010161},{"id":10010162},{"id":10010163},{"id":10010164},{"id":10010165},{"id":10010166},{"id":10010167},{"id":10010168},{"id":10010169},{"id":10010170},{"id":10010171},{"id":10010172},{"id":10010173},{"id":10010174},{"id":10010175},{"id":10010176},{"id":10010177},{"id":10010178},{"id":10010179},{"id":10010180},{"id":10010181},{"id":10010182},{"id":10010183},{"id":10010184},{"id":10010185},{"id":10010186},{"id":10010187},{"id":10010188},{"id":10010189},{"id":10010190},{"id":10010191},{"id":10010192},{"id":10010193},{"id":10010194},{"id":10010195},{"id":10010196},{"id":10010197},{"id":10010198},{"id":10010199},{"id":10010200},{"id":10010201},{"id":10010202},{"id":10010203},{"id":10010204},{"id":10010205},{"id":10010206},{"id":10010207},{"id":10010208},{"id":10010209},{"id":10010210},{"id":10010211},{"id":10010212},{"id":10010213},{"id":10010214},{"id":10010215},{"id":10010216},{"id":10010217},{"id":10010218},{"id":10010219},{"id":10010220},{"id":10010221},{"id":10010222},{"id":10010223},{"id":10010224},{"id":10010225},{"id":10010226},{"id":10010227},{"id":10010228},{"id":10010229},{"id":10010230},{"id":10010231},{"id":10010232},{"id":10010233},{"id":10010234},{"id":10010235},{"id":10010236},{"id":10010237},{"id":10010238},{"id":10010239}]
]]></system-out>
  </testcase>
</testsuite>