<?xml version="1.0" encoding="UTF-8"?>
<testsuite xmlns:xsi="http://www.w3.org/2001/XMLSchema-instance" xsi:noNamespaceSchemaLocation="https://maven.apache.org/surefire/maven-surefire-plugin/xsd/surefire-test-report-3.0.xsd" version="3.0" name="com.alibaba.json.bvt.issue_2900.Issue2962" time="0.154" tests="1" errors="0" skipped="0" failures="0">
  <properties>
    <property name="awt.toolkit" value="sun.awt.X11.XToolkit"/>
    <property name="java.specification.version" value="11"/>
    <property name="sun.cpu.isalist" value=""/>
    <property name="sun.jnu.encoding" value="UTF-8"/>
    <property name="java.class.path" value="/home/minghai/fastjson/target/test-classes:/home/minghai/fastjson/target/classes:/home/minghai/.m2/repository/javax/servlet/javax.servlet-api/3.1.0/javax.servlet-api-3.1.0.jar:/home/minghai/.m2/repository/javax/ws/rs/javax.ws.rs-api/2.0.1/javax.ws.rs-api-2.0.1.jar:/home/minghai/.m2/repository/org/apache/cxf/cxf-rt-transports-http/3.1.2/cxf-rt-transports-http-3.1.2.jar:/home/minghai/.m2/repository/org/apache/cxf/cxf-core/3.1.2/cxf-core-3.1.2.jar:/home/minghai/.m2/repository/org/codehaus/woodstox/woodstox-core-asl/4.4.1/woodstox-core-asl-4.4.1.jar:/home/minghai/.m2/repository/org/codehaus/woodstox/stax2-api/3.1.4/stax2-api-3.1.4.jar:/home/minghai/.m2/repository/org/apache/ws/xmlschema/xmlschema-core/2.2.1/xmlschema-core-2.2.1.jar:/home/minghai/.m2/repository/org/apache/cxf/cxf-rt-frontend-jaxrs/3.1.2/cxf-rt-frontend-jaxrs-3.1.2.jar:/home/minghai/.m2/repository/javax/annotation/javax.annotation-api/1.2/javax.annotation-api-1.2.jar:/home/minghai/.m2/repository/org/springframework/spring-websocket/4.3.7.RELEASE/spring-websocket-4.3.7.RELEASE.jar:/home/minghai/.m2/repository/org/springframework/spring-context/4.3.7.RELEASE/spring-context-4.3.7.RELEASE.jar:/home/minghai/.m2/repository/org/springframework/spring-core/4.3.7.RELEASE/spring-core-4.3.7.RELEASE.jar:/home/minghai/.m2/repository/org/springframework/spring-web/4.3.7.RELEASE/spring-web-4.3.7.RELEASE.jar:/home/minghai/.m2/repository/org/springframework/spring-webmvc/4.3.7.RELEASE/spring-webmvc-4.3.7.RELEASE.jar:/home/minghai/.m2/repository/org/springframework/spring-aop/4.3.7.RELEASE/spring-aop-4.3.7.RELEASE.jar:/home/minghai/.m2/repository/org/springframework/spring-beans/4.3.7.RELEASE/spring-beans-4.3.7.RELEASE.jar:/home/minghai/.m2/repository/org/springframework/spring-expression/4.3.7.RELEASE/spring-expression-4.3.7.RELEASE.jar:/home/minghai/.m2/repository/org/springframework/spring-messaging/4.3.7.RELEASE/spring-messaging-4.3.7.RELEASE.jar:/home/minghai/.m2/repository/org/springframework/data/spring-data-redis/1.8.6.RELEASE/spring-data-redis-1.8.6.RELEASE.jar:/home/minghai/.m2/repository/org/springframework/data/spring-data-keyvalue/1.2.6.RELEASE/spring-data-keyvalue-1.2.6.RELEASE.jar:/home/minghai/.m2/repository/org/springframework/spring-tx/4.3.10.RELEASE/spring-tx-4.3.10.RELEASE.jar:/home/minghai/.m2/repository/org/springframework/spring-oxm/4.3.10.RELEASE/spring-oxm-4.3.10.RELEASE.jar:/home/minghai/.m2/repository/org/springframework/spring-context-support/4.3.10.RELEASE/spring-context-support-4.3.10.RELEASE.jar:/home/minghai/.m2/repository/org/slf4j/slf4j-api/1.7.25/slf4j-api-1.7.25.jar:/home/minghai/.m2/repository/org/slf4j/jcl-over-slf4j/1.7.25/jcl-over-slf4j-1.7.25.jar:/home/minghai/.m2/repository/com/squareup/retrofit2/retrofit/2.5.0/retrofit-2.5.0.jar:/home/minghai/.m2/repository/com/squareup/okhttp3/okhttp/3.6.0/okhttp-3.6.0.jar:/home/minghai/.m2/repository/com/squareup/okio/okio/1.11.0/okio-1.11.0.jar:/home/minghai/.m2/repository/io/springfox/springfox-spring-web/2.6.1/springfox-spring-web-2.6.1.jar:/home/minghai/.m2/repository/com/google/guava/guava/18.0/guava-18.0.jar:/home/minghai/.m2/repository/com/fasterxml/classmate/1.3.1/classmate-1.3.1.jar:/home/minghai/.m2/repository/org/springframework/plugin/spring-plugin-core/1.2.0.RELEASE/spring-plugin-core-1.2.0.RELEASE.jar:/home/minghai/.m2/repository/org/springframework/plugin/spring-plugin-metadata/1.2.0.RELEASE/spring-plugin-metadata-1.2.0.RELEASE.jar:/home/minghai/.m2/repository/io/springfox/springfox-spi/2.6.1/springfox-spi-2.6.1.jar:/home/minghai/.m2/repository/io/springfox/springfox-core/2.6.1/springfox-core-2.6.1.jar:/home/minghai/.m2/repository/io/javaslang/javaslang/2.0.6/javaslang-2.0.6.jar:/home/minghai/.m2/repository/io/javaslang/javaslang-match/2.0.6/javaslang-match-2.0.6.jar:/home/minghai/.m2/repository/org/glassfish/jersey/core/jersey-common/2.23.2/jersey-common-2.23.2.jar:/home/minghai/.m2/repository/org/glassfish/jersey/bundles/repackaged/jersey-guava/2.23.2/jersey-guava-2.23.2.jar:/home/minghai/.m2/repository/org/glassfish/hk2/hk2-api/2.5.0-b05/hk2-api-2.5.0-b05.jar:/home/minghai/.m2/repository/org/glassfish/hk2/hk2-utils/2.5.0-b05/hk2-utils-2.5.0-b05.jar:/home/minghai/.m2/repository/org/glassfish/hk2/external/aopalliance-repackaged/2.5.0-b05/aopalliance-repackaged-2.5.0-b05.jar:/home/minghai/.m2/repository/org/glassfish/hk2/external/javax.inject/2.5.0-b05/javax.inject-2.5.0-b05.jar:/home/minghai/.m2/repository/org/glassfish/hk2/hk2-locator/2.5.0-b05/hk2-locator-2.5.0-b05.jar:/home/minghai/.m2/repository/org/glassfish/hk2/osgi-resource-locator/1.0.1/osgi-resource-locator-1.0.1.jar:/home/minghai/.m2/repository/joda-time/joda-time/2.10/joda-time-2.10.jar:/home/minghai/.m2/repository/net/sf/trove4j/core/3.1.0/core-3.1.0.jar:/home/minghai/.m2/repository/org/javamoney/moneta/moneta-core/1.3/moneta-core-1.3.jar:/home/minghai/.m2/repository/javax/money/money-api/1.0.3/money-api-1.0.3.jar:/home/minghai/.m2/repository/io/airlift/slice/0.36/slice-0.36.jar:/home/minghai/.m2/repository/org/openjdk/jol/jol-core/0.2/jol-core-0.2.jar:/home/minghai/.m2/repository/com/google/protobuf/protobuf-java/3.11.0/protobuf-java-3.11.0.jar:/home/minghai/.m2/repository/com/google/protobuf/protobuf-java-util/3.11.0/protobuf-java-util-3.11.0.jar:/home/minghai/.m2/repository/com/google/errorprone/error_prone_annotations/2.3.3/error_prone_annotations-2.3.3.jar:/home/minghai/.m2/repository/org/jacoco/jacoco-maven-plugin/0.7.6.201602180812/jacoco-maven-plugin-0.7.6.201602180812.jar:/home/minghai/.m2/repository/org/apache/maven/maven-plugin-api/2.2.1/maven-plugin-api-2.2.1.jar:/home/minghai/.m2/repository/org/apache/maven/maven-project/2.2.1/maven-project-2.2.1.jar:/home/minghai/.m2/repository/org/apache/maven/maven-settings/2.2.1/maven-settings-2.2.1.jar:/home/minghai/.m2/repository/org/apache/maven/maven-profile/2.2.1/maven-profile-2.2.1.jar:/home/minghai/.m2/repository/org/apache/maven/maven-model/2.2.1/maven-model-2.2.1.jar:/home/minghai/.m2/repository/org/apache/maven/maven-artifact-manager/2.2.1/maven-artifact-manager-2.2.1.jar:/home/minghai/.m2/repository/org/apache/maven/maven-repository-metadata/2.2.1/maven-repository-metadata-2.2.1.jar:/home/minghai/.m2/repository/org/apache/maven/wagon/wagon-provider-api/1.0-beta-6/wagon-provider-api-1.0-beta-6.jar:/home/minghai/.m2/repository/backport-util-concurrent/backport-util-concurrent/3.1/backport-util-concurrent-3.1.jar:/home/minghai/.m2/repository/org/apache/maven/maven-plugin-registry/2.2.1/maven-plugin-registry-2.2.1.jar:/home/minghai/.m2/repository/org/codehaus/plexus/plexus-interpolation/1.11/plexus-interpolation-1.11.jar:/home/minghai/.m2/repository/org/apache/maven/maven-artifact/2.2.1/maven-artifact-2.2.1.jar:/home/minghai/.m2/repository/org/codehaus/plexus/plexus-container-default/1.0-alpha-9-stable-1/plexus-container-default-1.0-alpha-9-stable-1.jar:/home/minghai/.m2/repository/classworlds/classworlds/1.1-alpha-2/classworlds-1.1-alpha-2.jar:/home/minghai/.m2/repository/org/codehaus/plexus/plexus-utils/1.5.6/plexus-utils-1.5.6.jar:/home/minghai/.m2/repository/org/apache/maven/shared/file-management/1.2.1/file-management-1.2.1.jar:/home/minghai/.m2/repository/org/apache/maven/shared/maven-shared-io/1.1/maven-shared-io-1.1.jar:/home/minghai/.m2/repository/org/apache/maven/reporting/maven-reporting-api/2.2.1/maven-reporting-api-2.2.1.jar:/home/minghai/.m2/repository/org/apache/maven/doxia/doxia-sink-api/1.1/doxia-sink-api-1.1.jar:/home/minghai/.m2/repository/org/apache/maven/doxia/doxia-logging-api/1.1/doxia-logging-api-1.1.jar:/home/minghai/.m2/repository/org/apache/maven/reporting/maven-reporting-impl/2.1/maven-reporting-impl-2.1.jar:/home/minghai/.m2/repository/org/apache/maven/doxia/doxia-core/1.1.2/doxia-core-1.1.2.jar:/home/minghai/.m2/repository/xerces/xercesImpl/2.8.1/xercesImpl-2.8.1.jar:/home/minghai/.m2/repository/commons-httpclient/commons-httpclient/3.1/commons-httpclient-3.1.jar:/home/minghai/.m2/repository/org/apache/maven/doxia/doxia-site-renderer/1.1.2/doxia-site-renderer-1.1.2.jar:/home/minghai/.m2/repository/org/apache/maven/doxia/doxia-decoration-model/1.1.2/doxia-decoration-model-1.1.2.jar:/home/minghai/.m2/repository/org/apache/maven/doxia/doxia-module-xhtml/1.1.2/doxia-module-xhtml-1.1.2.jar:/home/minghai/.m2/repository/org/apache/maven/doxia/doxia-module-fml/1.1.2/doxia-module-fml-1.1.2.jar:/home/minghai/.m2/repository/org/codehaus/plexus/plexus-i18n/1.0-beta-7/plexus-i18n-1.0-beta-7.jar:/home/minghai/.m2/repository/org/codehaus/plexus/plexus-velocity/1.1.7/plexus-velocity-1.1.7.jar:/home/minghai/.m2/repository/org/apache/velocity/velocity/1.5/velocity-1.5.jar:/home/minghai/.m2/repository/commons-validator/commons-validator/1.2.0/commons-validator-1.2.0.jar:/home/minghai/.m2/repository/commons-digester/commons-digester/1.6/commons-digester-1.6.jar:/home/minghai/.m2/repository/oro/oro/2.0.8/oro-2.0.8.jar:/home/minghai/.m2/repository/xml-apis/xml-apis/1.0.b2/xml-apis-1.0.b2.jar:/home/minghai/.m2/repository/org/jacoco/org.jacoco.agent/0.7.6.201602180812/org.jacoco.agent-0.7.6.201602180812-runtime.jar:/home/minghai/.m2/repository/org/jacoco/org.jacoco.core/0.7.6.201602180812/org.jacoco.core-0.7.6.201602180812.jar:/home/minghai/.m2/repository/org/jacoco/org.jacoco.report/0.7.6.201602180812/org.jacoco.report-0.7.6.201602180812.jar:/home/minghai/.m2/repository/org/eclipse/jetty/jetty-server/9.4.17.v20190418/jetty-server-9.4.17.v20190418.jar:/home/minghai/.m2/repository/org/eclipse/jetty/jetty-http/9.4.17.v20190418/jetty-http-9.4.17.v20190418.jar:/home/minghai/.m2/repository/org/eclipse/jetty/jetty-util/9.4.17.v20190418/jetty-util-9.4.17.v20190418.jar:/home/minghai/.m2/repository/org/eclipse/jetty/jetty-io/9.4.17.v20190418/jetty-io-9.4.17.v20190418.jar:/home/minghai/.m2/repository/org/eclipse/jetty/jetty-webapp/9.4.17.v20190418/jetty-webapp-9.4.17.v20190418.jar:/home/minghai/.m2/repository/org/eclipse/jetty/jetty-xml/9.4.17.v20190418/jetty-xml-9.4.17.v20190418.jar:/home/minghai/.m2/repository/org/eclipse/jetty/jetty-servlet/9.4.17.v20190418/jetty-servlet-9.4.17.v20190418.jar:/home/minghai/.m2/repository/org/eclipse/jetty/jetty-security/9.4.17.v20190418/jetty-security-9.4.17.v20190418.jar:/home/minghai/.m2/repository/junit/junit/4.13.1/junit-4.13.1.jar:/home/minghai/.m2/repository/org/hamcrest/hamcrest-core/1.3/hamcrest-core-1.3.jar:/home/minghai/.m2/repository/com/fasterxml/jackson/core/jackson-databind/2.10.0/jackson-databind-2.10.0.jar:/home/minghai/.m2/repository/com/fasterxml/jackson/core/jackson-annotations/2.10.0/jackson-annotations-2.10.0.jar:/home/minghai/.m2/repository/com/fasterxml/jackson/core/jackson-core/2.10.0/jackson-core-2.10.0.jar:/home/minghai/.m2/repository/com/fasterxml/jackson/module/jackson-module-afterburner/2.10.0/jackson-module-afterburner-2.10.0.jar:/home/minghai/.m2/repository/com/fasterxml/jackson/module/jackson-module-kotlin/2.9.10/jackson-module-kotlin-2.9.10.jar:/home/minghai/.m2/repository/cglib/cglib-nodep/2.2.2/cglib-nodep-2.2.2.jar:/home/minghai/.m2/repository/com/fasterxml/jackson/jaxrs/jackson-jaxrs-json-provider/2.9.10/jackson-jaxrs-json-provider-2.9.10.jar:/home/minghai/.m2/repository/com/fasterxml/jackson/jaxrs/jackson-jaxrs-base/2.9.10/jackson-jaxrs-base-2.9.10.jar:/home/minghai/.m2/repository/com/fasterxml/jackson/module/jackson-module-jaxb-annotations/2.9.10/jackson-module-jaxb-annotations-2.9.10.jar:/home/minghai/.m2/repository/com/googlecode/json-simple/json-simple/1.1.1/json-simple-1.1.1.jar:/home/minghai/.m2/repository/commons-io/commons-io/2.7/commons-io-2.7.jar:/home/minghai/.m2/repository/net/sf/json-lib/json-lib/2.4/json-lib-2.4-jdk15.jar:/home/minghai/.m2/repository/commons-beanutils/commons-beanutils/1.8.0/commons-beanutils-1.8.0.jar:/home/minghai/.m2/repository/commons-collections/commons-collections/3.2.1/commons-collections-3.2.1.jar:/home/minghai/.m2/repository/commons-lang/commons-lang/2.5/commons-lang-2.5.jar:/home/minghai/.m2/repository/commons-logging/commons-logging/1.1.1/commons-logging-1.1.1.jar:/home/minghai/.m2/repository/net/sf/ezmorph/ezmorph/1.0.6/ezmorph-1.0.6.jar:/home/minghai/.m2/repository/com/google/code/gson/gson/2.6.2/gson-2.6.2.jar:/home/minghai/.m2/repository/net/minidev/json-smart/2.4.1/json-smart-2.4.1.jar:/home/minghai/.m2/repository/net/minidev/accessors-smart/1.3/accessors-smart-1.3.jar:/home/minghai/.m2/repository/org/clojure/clojure/1.5.1/clojure-1.5.1.jar:/home/minghai/.m2/repository/org/codehaus/groovy/groovy/2.1.5/groovy-2.1.5.jar:/home/minghai/.m2/repository/antlr/antlr/2.7.7/antlr-2.7.7.jar:/home/minghai/.m2/repository/org/ow2/asm/asm-tree/4.0/asm-tree-4.0.jar:/home/minghai/.m2/repository/org/ow2/asm/asm-commons/4.0/asm-commons-4.0.jar:/home/minghai/.m2/repository/org/ow2/asm/asm/4.0/asm-4.0.jar:/home/minghai/.m2/repository/org/ow2/asm/asm-util/4.0/asm-util-4.0.jar:/home/minghai/.m2/repository/org/ow2/asm/asm-analysis/4.0/asm-analysis-4.0.jar:/home/minghai/.m2/repository/org/springframework/spring-test/4.3.7.RELEASE/spring-test-4.3.7.RELEASE.jar:/home/minghai/.m2/repository/org/javassist/javassist/3.18.0-GA/javassist-3.18.0-GA.jar:/home/minghai/.m2/repository/org/apache/cxf/cxf-rt-rs-client/3.1.2/cxf-rt-rs-client-3.1.2.jar:/home/minghai/.m2/repository/org/springframework/data/spring-data-commons/2.1.2.RELEASE/spring-data-commons-2.1.2.RELEASE.jar:/home/minghai/.m2/repository/org/glassfish/jersey/containers/jersey-container-servlet/2.23.2/jersey-container-servlet-2.23.2.jar:/home/minghai/.m2/repository/org/glassfish/jersey/containers/jersey-container-servlet-core/2.23.2/jersey-container-servlet-core-2.23.2.jar:/home/minghai/.m2/repository/org/glassfish/jersey/core/jersey-server/2.23.2/jersey-server-2.23.2.jar:/home/minghai/.m2/repository/org/glassfish/jersey/media/jersey-media-jaxb/2.23.2/jersey-media-jaxb-2.23.2.jar:/home/minghai/.m2/repository/javax/validation/validation-api/1.1.0.Final/validation-api-1.1.0.Final.jar:/home/minghai/.m2/repository/org/glassfish/jersey/core/jersey-client/2.23.2/jersey-client-2.23.2.jar:/home/minghai/.m2/repository/org/glassfish/jersey/test-framework/providers/jersey-test-framework-provider-jdk-http/2.23.2/jersey-test-framework-provider-jdk-http-2.23.2.jar:/home/minghai/.m2/repository/org/glassfish/jersey/test-framework/jersey-test-framework-core/2.23.2/jersey-test-framework-core-2.23.2.jar:/home/minghai/.m2/repository/org/glassfish/jersey/containers/jersey-container-jdk-http/2.23.2/jersey-container-jdk-http-2.23.2.jar:/home/minghai/.m2/repository/org/ow2/asm/asm-debug-all/5.0.4/asm-debug-all-5.0.4.jar:/home/minghai/.m2/repository/org/glassfish/jersey/media/jersey-media-json-jackson/2.23.2/jersey-media-json-jackson-2.23.2.jar:/home/minghai/.m2/repository/org/glassfish/jersey/ext/jersey-entity-filtering/2.23.2/jersey-entity-filtering-2.23.2.jar:/home/minghai/.m2/repository/com/jsoniter/jsoniter/0.9.8/jsoniter-0.9.8.jar:/home/minghai/.m2/repository/org/apache/commons/commons-lang3/3.5/commons-lang3-3.5.jar:/home/minghai/.m2/repository/org/hibernate/hibernate-core/5.2.10.Final/hibernate-core-5.2.10.Final.jar:/home/minghai/.m2/repository/org/jboss/logging/jboss-logging/3.3.0.Final/jboss-logging-3.3.0.Final.jar:/home/minghai/.m2/repository/org/hibernate/javax/persistence/hibernate-jpa-2.1-api/1.0.0.Final/hibernate-jpa-2.1-api-1.0.0.Final.jar:/home/minghai/.m2/repository/org/jboss/spec/javax/transaction/jboss-transaction-api_1.2_spec/1.0.1.Final/jboss-transaction-api_1.2_spec-1.0.1.Final.jar:/home/minghai/.m2/repository/org/jboss/jandex/2.0.3.Final/jandex-2.0.3.Final.jar:/home/minghai/.m2/repository/dom4j/dom4j/1.6.1/dom4j-1.6.1.jar:/home/minghai/.m2/repository/org/hibernate/common/hibernate-commons-annotations/5.0.1.Final/hibernate-commons-annotations-5.0.1.Final.jar:/home/minghai/.m2/repository/com/jayway/jsonpath/json-path/2.3.0/json-path-2.3.0.jar:/home/minghai/.m2/repository/org/jetbrains/kotlin/kotlin-stdlib/1.4.21/kotlin-stdlib-1.4.21.jar:/home/minghai/.m2/repository/org/jetbrains/kotlin/kotlin-stdlib-common/1.4.21/kotlin-stdlib-common-1.4.21.jar:/home/minghai/.m2/repository/org/jetbrains/annotations/13.0/annotations-13.0.jar:/home/minghai/.m2/repository/org/jetbrains/kotlin/kotlin-reflect/1.4.21/kotlin-reflect-1.4.21.jar:/home/minghai/.m2/repository/org/springframework/security/spring-security-web/5.2.10.RELEASE/spring-security-web-5.2.10.RELEASE.jar:/home/minghai/.m2/repository/org/springframework/security/spring-security-core/5.2.10.RELEASE/spring-security-core-5.2.10.RELEASE.jar:/home/minghai/.m2/repository/org/apache/commons/commons-collections4/4.1/commons-collections4-4.1.jar:/home/minghai/.m2/repository/org/mockito/mockito-all/1.10.19/mockito-all-1.10.19.jar:/home/minghai/.m2/repository/org/powermock/powermock-module-junit4/1.6.6/powermock-module-junit4-1.6.6.jar:/home/minghai/.m2/repository/org/powermock/powermock-module-junit4-common/1.6.6/powermock-module-junit4-common-1.6.6.jar:/home/minghai/.m2/repository/org/powermock/powermock-core/1.6.6/powermock-core-1.6.6.jar:/home/minghai/.m2/repository/org/powermock/powermock-reflect/1.6.6/powermock-reflect-1.6.6.jar:/home/minghai/.m2/repository/com/diffblue/deeptestutils/1.1.0/deeptestutils-1.1.0.jar:/home/minghai/.m2/repository/org/objenesis/objenesis/2.5.1/objenesis-2.5.1.jar:/home/minghai/.m2/repository/org/powermock/powermock-api-mockito/1.6.6/powermock-api-mockito-1.6.6.jar:/home/minghai/.m2/repository/org/mockito/mockito-core/1.10.19/mockito-core-1.10.19.jar:/home/minghai/.m2/repository/org/powermock/powermock-api-mockito-common/1.6.6/powermock-api-mockito-common-1.6.6.jar:/home/minghai/.m2/repository/org/powermock/powermock-api-support/1.6.6/powermock-api-support-1.6.6.jar:/home/minghai/.m2/repository/org/projectlombok/lombok/1.18.4/lombok-1.18.4.jar:/home/minghai/.m2/repository/org/openjdk/jmh/jmh-core/1.21/jmh-core-1.21.jar:/home/minghai/.m2/repository/net/sf/jopt-simple/jopt-simple/4.6/jopt-simple-4.6.jar:/home/minghai/.m2/repository/org/apache/commons/commons-math3/3.2/commons-math3-3.2.jar:/home/minghai/.m2/repository/org/openjdk/jmh/jmh-generator-annprocess/1.21/jmh-generator-annprocess-1.21.jar:/home/minghai/.m2/repository/org/springframework/security/oauth/spring-security-oauth2/2.3.5.RELEASE/spring-security-oauth2-2.3.5.RELEASE.jar:/home/minghai/.m2/repository/org/springframework/security/spring-security-config/3.2.10.RELEASE/spring-security-config-3.2.10.RELEASE.jar:/home/minghai/.m2/repository/aopalliance/aopalliance/1.0/aopalliance-1.0.jar:/home/minghai/.m2/repository/org/codehaus/jackson/jackson-mapper-asl/1.9.13/jackson-mapper-asl-1.9.13.jar:/home/minghai/.m2/repository/org/codehaus/jackson/jackson-core-asl/1.9.13/jackson-core-asl-1.9.13.jar:/home/minghai/.m2/repository/org/gitlab4j/gitlab4j-api/4.8.42/gitlab4j-api-4.8.42.jar:/home/minghai/.m2/repository/javax/xml/bind/jaxb-api/2.3.0/jaxb-api-2.3.0.jar:/home/minghai/.m2/repository/com/sun/activation/javax.activation/1.2.0/javax.activation-1.2.0.jar:/home/minghai/.m2/repository/org/glassfish/jersey/inject/jersey-hk2/2.27/jersey-hk2-2.27.jar:/home/minghai/.m2/repository/org/glassfish/jersey/connectors/jersey-apache-connector/2.27/jersey-apache-connector-2.27.jar:/home/minghai/.m2/repository/org/apache/httpcomponents/httpclient/4.5/httpclient-4.5.jar:/home/minghai/.m2/repository/org/apache/httpcomponents/httpcore/4.4.1/httpcore-4.4.1.jar:/home/minghai/.m2/repository/org/glassfish/jersey/media/jersey-media-multipart/2.27/jersey-media-multipart-2.27.jar:/home/minghai/.m2/repository/org/jvnet/mimepull/mimepull/1.9.6/mimepull-1.9.6.jar:/home/minghai/.m2/repository/org/json/json/20180130/json-20180130.jar:/home/minghai/.m2/repository/com/chinamobile/cmos/sms-core/2.1.9/sms-core-2.1.9.jar:/home/minghai/.m2/repository/de/ruedigermoeller/fst/2.48-jdk-6/fst-2.48-jdk-6.jar:/home/minghai/.m2/repository/com/cedarsoftware/java-util/1.9.0/java-util-1.9.0.jar:/home/minghai/.m2/repository/commons-codec/commons-codec/1.11/commons-codec-1.11.jar:/home/minghai/.m2/repository/io/netty/netty-transport/4.1.33.Final/netty-transport-4.1.33.Final.jar:/home/minghai/.m2/repository/io/netty/netty-common/4.1.33.Final/netty-common-4.1.33.Final.jar:/home/minghai/.m2/repository/io/netty/netty-buffer/4.1.33.Final/netty-buffer-4.1.33.Final.jar:/home/minghai/.m2/repository/io/netty/netty-resolver/4.1.33.Final/netty-resolver-4.1.33.Final.jar:/home/minghai/.m2/repository/io/netty/netty-codec/4.1.33.Final/netty-codec-4.1.33.Final.jar:/home/minghai/.m2/repository/io/netty/netty-handler-proxy/4.1.33.Final/netty-handler-proxy-4.1.33.Final.jar:/home/minghai/.m2/repository/io/netty/netty-codec-socks/4.1.33.Final/netty-codec-socks-4.1.33.Final.jar:/home/minghai/.m2/repository/io/netty/netty-codec-http/4.1.33.Final/netty-codec-http-4.1.33.Final.jar:/home/minghai/.m2/repository/io/netty/netty-handler/4.1.33.Final/netty-handler-4.1.33.Final.jar:/home/minghai/.m2/repository/com/sleepycat/je/5.0.73/je-5.0.73.jar:"/>
    <property name="java.vm.vendor" value="Ubuntu"/>
    <property name="sun.arch.data.model" value="64"/>
    <property name="sun.font.fontmanager" value="sun.awt.X11FontManager"/>
    <property name="java.vendor.url" value="https://ubuntu.com/"/>
    <property name="user.timezone" value="Asia/Shanghai"/>
    <property name="java.vm.specification.version" value="11"/>
    <property name="os.name" value="Linux"/>
    <property name="sun.java.launcher" value="SUN_STANDARD"/>
    <property name="sun.boot.library.path" value="/usr/lib/jvm/java-11-openjdk-amd64/lib"/>
    <property name="sun.java.command" value="/home/minghai/fastjson/target/surefire/surefirebooter13690489114650080000.jar /home/minghai/fastjson/target/surefire 2021-12-14T14-42-58_192-jvmRun1 surefire7025107674736680512tmp surefire_017866156249269059913tmp"/>
    <property name="jdk.debug" value="release"/>
    <property name="surefire.test.class.path" value="/home/minghai/fastjson/target/test-classes:/home/minghai/fastjson/target/classes:/home/minghai/.m2/repository/javax/servlet/javax.servlet-api/3.1.0/javax.servlet-api-3.1.0.jar:/home/minghai/.m2/repository/javax/ws/rs/javax.ws.rs-api/2.0.1/javax.ws.rs-api-2.0.1.jar:/home/minghai/.m2/repository/org/apache/cxf/cxf-rt-transports-http/3.1.2/cxf-rt-transports-http-3.1.2.jar:/home/minghai/.m2/repository/org/apache/cxf/cxf-core/3.1.2/cxf-core-3.1.2.jar:/home/minghai/.m2/repository/org/codehaus/woodstox/woodstox-core-asl/4.4.1/woodstox-core-asl-4.4.1.jar:/home/minghai/.m2/repository/org/codehaus/woodstox/stax2-api/3.1.4/stax2-api-3.1.4.jar:/home/minghai/.m2/repository/org/apache/ws/xmlschema/xmlschema-core/2.2.1/xmlschema-core-2.2.1.jar:/home/minghai/.m2/repository/org/apache/cxf/cxf-rt-frontend-jaxrs/3.1.2/cxf-rt-frontend-jaxrs-3.1.2.jar:/home/minghai/.m2/repository/javax/annotation/javax.annotation-api/1.2/javax.annotation-api-1.2.jar:/home/minghai/.m2/repository/org/springframework/spring-websocket/4.3.7.RELEASE/spring-websocket-4.3.7.RELEASE.jar:/home/minghai/.m2/repository/org/springframework/spring-context/4.3.7.RELEASE/spring-context-4.3.7.RELEASE.jar:/home/minghai/.m2/repository/org/springframework/spring-core/4.3.7.RELEASE/spring-core-4.3.7.RELEASE.jar:/home/minghai/.m2/repository/org/springframework/spring-web/4.3.7.RELEASE/spring-web-4.3.7.RELEASE.jar:/home/minghai/.m2/repository/org/springframework/spring-webmvc/4.3.7.RELEASE/spring-webmvc-4.3.7.RELEASE.jar:/home/minghai/.m2/repository/org/springframework/spring-aop/4.3.7.RELEASE/spring-aop-4.3.7.RELEASE.jar:/home/minghai/.m2/repository/org/springframework/spring-beans/4.3.7.RELEASE/spring-beans-4.3.7.RELEASE.jar:/home/minghai/.m2/repository/org/springframework/spring-expression/4.3.7.RELEASE/spring-expression-4.3.7.RELEASE.jar:/home/minghai/.m2/repository/org/springframework/spring-messaging/4.3.7.RELEASE/spring-messaging-4.3.7.RELEASE.jar:/home/minghai/.m2/repository/org/springframework/data/spring-data-redis/1.8.6.RELEASE/spring-data-redis-1.8.6.RELEASE.jar:/home/minghai/.m2/repository/org/springframework/data/spring-data-keyvalue/1.2.6.RELEASE/spring-data-keyvalue-1.2.6.RELEASE.jar:/home/minghai/.m2/repository/org/springframework/spring-tx/4.3.10.RELEASE/spring-tx-4.3.10.RELEASE.jar:/home/minghai/.m2/repository/org/springframework/spring-oxm/4.3.10.RELEASE/spring-oxm-4.3.10.RELEASE.jar:/home/minghai/.m2/repository/org/springframework/spring-context-support/4.3.10.RELEASE/spring-context-support-4.3.10.RELEASE.jar:/home/minghai/.m2/repository/org/slf4j/slf4j-api/1.7.25/slf4j-api-1.7.25.jar:/home/minghai/.m2/repository/org/slf4j/jcl-over-slf4j/1.7.25/jcl-over-slf4j-1.7.25.jar:/home/minghai/.m2/repository/com/squareup/retrofit2/retrofit/2.5.0/retrofit-2.5.0.jar:/home/minghai/.m2/repository/com/squareup/okhttp3/okhttp/3.6.0/okhttp-3.6.0.jar:/home/minghai/.m2/repository/com/squareup/okio/okio/1.11.0/okio-1.11.0.jar:/home/minghai/.m2/repository/io/springfox/springfox-spring-web/2.6.1/springfox-spring-web-2.6.1.jar:/home/minghai/.m2/repository/com/google/guava/guava/18.0/guava-18.0.jar:/home/minghai/.m2/repository/com/fasterxml/classmate/1.3.1/classmate-1.3.1.jar:/home/minghai/.m2/repository/org/springframework/plugin/spring-plugin-core/1.2.0.RELEASE/spring-plugin-core-1.2.0.RELEASE.jar:/home/minghai/.m2/repository/org/springframework/plugin/spring-plugin-metadata/1.2.0.RELEASE/spring-plugin-metadata-1.2.0.RELEASE.jar:/home/minghai/.m2/repository/io/springfox/springfox-spi/2.6.1/springfox-spi-2.6.1.jar:/home/minghai/.m2/repository/io/springfox/springfox-core/2.6.1/springfox-core-2.6.1.jar:/home/minghai/.m2/repository/io/javaslang/javaslang/2.0.6/javaslang-2.0.6.jar:/home/minghai/.m2/repository/io/javaslang/javaslang-match/2.0.6/javaslang-match-2.0.6.jar:/home/minghai/.m2/repository/org/glassfish/jersey/core/jersey-common/2.23.2/jersey-common-2.23.2.jar:/home/minghai/.m2/repository/org/glassfish/jersey/bundles/repackaged/jersey-guava/2.23.2/jersey-guava-2.23.2.jar:/home/minghai/.m2/repository/org/glassfish/hk2/hk2-api/2.5.0-b05/hk2-api-2.5.0-b05.jar:/home/minghai/.m2/repository/org/glassfish/hk2/hk2-utils/2.5.0-b05/hk2-utils-2.5.0-b05.jar:/home/minghai/.m2/repository/org/glassfish/hk2/external/aopalliance-repackaged/2.5.0-b05/aopalliance-repackaged-2.5.0-b05.jar:/home/minghai/.m2/repository/org/glassfish/hk2/external/javax.inject/2.5.0-b05/javax.inject-2.5.0-b05.jar:/home/minghai/.m2/repository/org/glassfish/hk2/hk2-locator/2.5.0-b05/hk2-locator-2.5.0-b05.jar:/home/minghai/.m2/repository/org/glassfish/hk2/osgi-resource-locator/1.0.1/osgi-resource-locator-1.0.1.jar:/home/minghai/.m2/repository/joda-time/joda-time/2.10/joda-time-2.10.jar:/home/minghai/.m2/repository/net/sf/trove4j/core/3.1.0/core-3.1.0.jar:/home/minghai/.m2/repository/org/javamoney/moneta/moneta-core/1.3/moneta-core-1.3.jar:/home/minghai/.m2/repository/javax/money/money-api/1.0.3/money-api-1.0.3.jar:/home/minghai/.m2/repository/io/airlift/slice/0.36/slice-0.36.jar:/home/minghai/.m2/repository/org/openjdk/jol/jol-core/0.2/jol-core-0.2.jar:/home/minghai/.m2/repository/com/google/protobuf/protobuf-java/3.11.0/protobuf-java-3.11.0.jar:/home/minghai/.m2/repository/com/google/protobuf/protobuf-java-util/3.11.0/protobuf-java-util-3.11.0.jar:/home/minghai/.m2/repository/com/google/errorprone/error_prone_annotations/2.3.3/error_prone_annotations-2.3.3.jar:/home/minghai/.m2/repository/org/jacoco/jacoco-maven-plugin/0.7.6.201602180812/jacoco-maven-plugin-0.7.6.201602180812.jar:/home/minghai/.m2/repository/org/apache/maven/maven-plugin-api/2.2.1/maven-plugin-api-2.2.1.jar:/home/minghai/.m2/repository/org/apache/maven/maven-project/2.2.1/maven-project-2.2.1.jar:/home/minghai/.m2/repository/org/apache/maven/maven-settings/2.2.1/maven-settings-2.2.1.jar:/home/minghai/.m2/repository/org/apache/maven/maven-profile/2.2.1/maven-profile-2.2.1.jar:/home/minghai/.m2/repository/org/apache/maven/maven-model/2.2.1/maven-model-2.2.1.jar:/home/minghai/.m2/repository/org/apache/maven/maven-artifact-manager/2.2.1/maven-artifact-manager-2.2.1.jar:/home/minghai/.m2/repository/org/apache/maven/maven-repository-metadata/2.2.1/maven-repository-metadata-2.2.1.jar:/home/minghai/.m2/repository/org/apache/maven/wagon/wagon-provider-api/1.0-beta-6/wagon-provider-api-1.0-beta-6.jar:/home/minghai/.m2/repository/backport-util-concurrent/backport-util-concurrent/3.1/backport-util-concurrent-3.1.jar:/home/minghai/.m2/repository/org/apache/maven/maven-plugin-registry/2.2.1/maven-plugin-registry-2.2.1.jar:/home/minghai/.m2/repository/org/codehaus/plexus/plexus-interpolation/1.11/plexus-interpolation-1.11.jar:/home/minghai/.m2/repository/org/apache/maven/maven-artifact/2.2.1/maven-artifact-2.2.1.jar:/home/minghai/.m2/repository/org/codehaus/plexus/plexus-container-default/1.0-alpha-9-stable-1/plexus-container-default-1.0-alpha-9-stable-1.jar:/home/minghai/.m2/repository/classworlds/classworlds/1.1-alpha-2/classworlds-1.1-alpha-2.jar:/home/minghai/.m2/repository/org/codehaus/plexus/plexus-utils/1.5.6/plexus-utils-1.5.6.jar:/home/minghai/.m2/repository/org/apache/maven/shared/file-management/1.2.1/file-management-1.2.1.jar:/home/minghai/.m2/repository/org/apache/maven/shared/maven-shared-io/1.1/maven-shared-io-1.1.jar:/home/minghai/.m2/repository/org/apache/maven/reporting/maven-reporting-api/2.2.1/maven-reporting-api-2.2.1.jar:/home/minghai/.m2/repository/org/apache/maven/doxia/doxia-sink-api/1.1/doxia-sink-api-1.1.jar:/home/minghai/.m2/repository/org/apache/maven/doxia/doxia-logging-api/1.1/doxia-logging-api-1.1.jar:/home/minghai/.m2/repository/org/apache/maven/reporting/maven-reporting-impl/2.1/maven-reporting-impl-2.1.jar:/home/minghai/.m2/repository/org/apache/maven/doxia/doxia-core/1.1.2/doxia-core-1.1.2.jar:/home/minghai/.m2/repository/xerces/xercesImpl/2.8.1/xercesImpl-2.8.1.jar:/home/minghai/.m2/repository/commons-httpclient/commons-httpclient/3.1/commons-httpclient-3.1.jar:/home/minghai/.m2/repository/org/apache/maven/doxia/doxia-site-renderer/1.1.2/doxia-site-renderer-1.1.2.jar:/home/minghai/.m2/repository/org/apache/maven/doxia/doxia-decoration-model/1.1.2/doxia-decoration-model-1.1.2.jar:/home/minghai/.m2/repository/org/apache/maven/doxia/doxia-module-xhtml/1.1.2/doxia-module-xhtml-1.1.2.jar:/home/minghai/.m2/repository/org/apache/maven/doxia/doxia-module-fml/1.1.2/doxia-module-fml-1.1.2.jar:/home/minghai/.m2/repository/org/codehaus/plexus/plexus-i18n/1.0-beta-7/plexus-i18n-1.0-beta-7.jar:/home/minghai/.m2/repository/org/codehaus/plexus/plexus-velocity/1.1.7/plexus-velocity-1.1.7.jar:/home/minghai/.m2/repository/org/apache/velocity/velocity/1.5/velocity-1.5.jar:/home/minghai/.m2/repository/commons-validator/commons-validator/1.2.0/commons-validator-1.2.0.jar:/home/minghai/.m2/repository/commons-digester/commons-digester/1.6/commons-digester-1.6.jar:/home/minghai/.m2/repository/oro/oro/2.0.8/oro-2.0.8.jar:/home/minghai/.m2/repository/xml-apis/xml-apis/1.0.b2/xml-apis-1.0.b2.jar:/home/minghai/.m2/repository/org/jacoco/org.jacoco.agent/0.7.6.201602180812/org.jacoco.agent-0.7.6.201602180812-runtime.jar:/home/minghai/.m2/repository/org/jacoco/org.jacoco.core/0.7.6.201602180812/org.jacoco.core-0.7.6.201602180812.jar:/home/minghai/.m2/repository/org/jacoco/org.jacoco.report/0.7.6.201602180812/org.jacoco.report-0.7.6.201602180812.jar:/home/minghai/.m2/repository/org/eclipse/jetty/jetty-server/9.4.17.v20190418/jetty-server-9.4.17.v20190418.jar:/home/minghai/.m2/repository/org/eclipse/jetty/jetty-http/9.4.17.v20190418/jetty-http-9.4.17.v20190418.jar:/home/minghai/.m2/repository/org/eclipse/jetty/jetty-util/9.4.17.v20190418/jetty-util-9.4.17.v20190418.jar:/home/minghai/.m2/repository/org/eclipse/jetty/jetty-io/9.4.17.v20190418/jetty-io-9.4.17.v20190418.jar:/home/minghai/.m2/repository/org/eclipse/jetty/jetty-webapp/9.4.17.v20190418/jetty-webapp-9.4.17.v20190418.jar:/home/minghai/.m2/repository/org/eclipse/jetty/jetty-xml/9.4.17.v20190418/jetty-xml-9.4.17.v20190418.jar:/home/minghai/.m2/repository/org/eclipse/jetty/jetty-servlet/9.4.17.v20190418/jetty-servlet-9.4.17.v20190418.jar:/home/minghai/.m2/repository/org/eclipse/jetty/jetty-security/9.4.17.v20190418/jetty-security-9.4.17.v20190418.jar:/home/minghai/.m2/repository/junit/junit/4.13.1/junit-4.13.1.jar:/home/minghai/.m2/repository/org/hamcrest/hamcrest-core/1.3/hamcrest-core-1.3.jar:/home/minghai/.m2/repository/com/fasterxml/jackson/core/jackson-databind/2.10.0/jackson-databind-2.10.0.jar:/home/minghai/.m2/repository/com/fasterxml/jackson/core/jackson-annotations/2.10.0/jackson-annotations-2.10.0.jar:/home/minghai/.m2/repository/com/fasterxml/jackson/core/jackson-core/2.10.0/jackson-core-2.10.0.jar:/home/minghai/.m2/repository/com/fasterxml/jackson/module/jackson-module-afterburner/2.10.0/jackson-module-afterburner-2.10.0.jar:/home/minghai/.m2/repository/com/fasterxml/jackson/module/jackson-module-kotlin/2.9.10/jackson-module-kotlin-2.9.10.jar:/home/minghai/.m2/repository/cglib/cglib-nodep/2.2.2/cglib-nodep-2.2.2.jar:/home/minghai/.m2/repository/com/fasterxml/jackson/jaxrs/jackson-jaxrs-json-provider/2.9.10/jackson-jaxrs-json-provider-2.9.10.jar:/home/minghai/.m2/repository/com/fasterxml/jackson/jaxrs/jackson-jaxrs-base/2.9.10/jackson-jaxrs-base-2.9.10.jar:/home/minghai/.m2/repository/com/fasterxml/jackson/module/jackson-module-jaxb-annotations/2.9.10/jackson-module-jaxb-annotations-2.9.10.jar:/home/minghai/.m2/repository/com/googlecode/json-simple/json-simple/1.1.1/json-simple-1.1.1.jar:/home/minghai/.m2/repository/commons-io/commons-io/2.7/commons-io-2.7.jar:/home/minghai/.m2/repository/net/sf/json-lib/json-lib/2.4/json-lib-2.4-jdk15.jar:/home/minghai/.m2/repository/commons-beanutils/commons-beanutils/1.8.0/commons-beanutils-1.8.0.jar:/home/minghai/.m2/repository/commons-collections/commons-collections/3.2.1/commons-collections-3.2.1.jar:/home/minghai/.m2/repository/commons-lang/commons-lang/2.5/commons-lang-2.5.jar:/home/minghai/.m2/repository/commons-logging/commons-logging/1.1.1/commons-logging-1.1.1.jar:/home/minghai/.m2/repository/net/sf/ezmorph/ezmorph/1.0.6/ezmorph-1.0.6.jar:/home/minghai/.m2/repository/com/google/code/gson/gson/2.6.2/gson-2.6.2.jar:/home/minghai/.m2/repository/net/minidev/json-smart/2.4.1/json-smart-2.4.1.jar:/home/minghai/.m2/repository/net/minidev/accessors-smart/1.3/accessors-smart-1.3.jar:/home/minghai/.m2/repository/org/clojure/clojure/1.5.1/clojure-1.5.1.jar:/home/minghai/.m2/repository/org/codehaus/groovy/groovy/2.1.5/groovy-2.1.5.jar:/home/minghai/.m2/repository/antlr/antlr/2.7.7/antlr-2.7.7.jar:/home/minghai/.m2/repository/org/ow2/asm/asm-tree/4.0/asm-tree-4.0.jar:/home/minghai/.m2/repository/org/ow2/asm/asm-commons/4.0/asm-commons-4.0.jar:/home/minghai/.m2/repository/org/ow2/asm/asm/4.0/asm-4.0.jar:/home/minghai/.m2/repository/org/ow2/asm/asm-util/4.0/asm-util-4.0.jar:/home/minghai/.m2/repository/org/ow2/asm/asm-analysis/4.0/asm-analysis-4.0.jar:/home/minghai/.m2/repository/org/springframework/spring-test/4.3.7.RELEASE/spring-test-4.3.7.RELEASE.jar:/home/minghai/.m2/repository/org/javassist/javassist/3.18.0-GA/javassist-3.18.0-GA.jar:/home/minghai/.m2/repository/org/apache/cxf/cxf-rt-rs-client/3.1.2/cxf-rt-rs-client-3.1.2.jar:/home/minghai/.m2/repository/org/springframework/data/spring-data-commons/2.1.2.RELEASE/spring-data-commons-2.1.2.RELEASE.jar:/home/minghai/.m2/repository/org/glassfish/jersey/containers/jersey-container-servlet/2.23.2/jersey-container-servlet-2.23.2.jar:/home/minghai/.m2/repository/org/glassfish/jersey/containers/jersey-container-servlet-core/2.23.2/jersey-container-servlet-core-2.23.2.jar:/home/minghai/.m2/repository/org/glassfish/jersey/core/jersey-server/2.23.2/jersey-server-2.23.2.jar:/home/minghai/.m2/repository/org/glassfish/jersey/media/jersey-media-jaxb/2.23.2/jersey-media-jaxb-2.23.2.jar:/home/minghai/.m2/repository/javax/validation/validation-api/1.1.0.Final/validation-api-1.1.0.Final.jar:/home/minghai/.m2/repository/org/glassfish/jersey/core/jersey-client/2.23.2/jersey-client-2.23.2.jar:/home/minghai/.m2/repository/org/glassfish/jersey/test-framework/providers/jersey-test-framework-provider-jdk-http/2.23.2/jersey-test-framework-provider-jdk-http-2.23.2.jar:/home/minghai/.m2/repository/org/glassfish/jersey/test-framework/jersey-test-framework-core/2.23.2/jersey-test-framework-core-2.23.2.jar:/home/minghai/.m2/repository/org/glassfish/jersey/containers/jersey-container-jdk-http/2.23.2/jersey-container-jdk-http-2.23.2.jar:/home/minghai/.m2/repository/org/ow2/asm/asm-debug-all/5.0.4/asm-debug-all-5.0.4.jar:/home/minghai/.m2/repository/org/glassfish/jersey/media/jersey-media-json-jackson/2.23.2/jersey-media-json-jackson-2.23.2.jar:/home/minghai/.m2/repository/org/glassfish/jersey/ext/jersey-entity-filtering/2.23.2/jersey-entity-filtering-2.23.2.jar:/home/minghai/.m2/repository/com/jsoniter/jsoniter/0.9.8/jsoniter-0.9.8.jar:/home/minghai/.m2/repository/org/apache/commons/commons-lang3/3.5/commons-lang3-3.5.jar:/home/minghai/.m2/repository/org/hibernate/hibernate-core/5.2.10.Final/hibernate-core-5.2.10.Final.jar:/home/minghai/.m2/repository/org/jboss/logging/jboss-logging/3.3.0.Final/jboss-logging-3.3.0.Final.jar:/home/minghai/.m2/repository/org/hibernate/javax/persistence/hibernate-jpa-2.1-api/1.0.0.Final/hibernate-jpa-2.1-api-1.0.0.Final.jar:/home/minghai/.m2/repository/org/jboss/spec/javax/transaction/jboss-transaction-api_1.2_spec/1.0.1.Final/jboss-transaction-api_1.2_spec-1.0.1.Final.jar:/home/minghai/.m2/repository/org/jboss/jandex/2.0.3.Final/jandex-2.0.3.Final.jar:/home/minghai/.m2/repository/dom4j/dom4j/1.6.1/dom4j-1.6.1.jar:/home/minghai/.m2/repository/org/hibernate/common/hibernate-commons-annotations/5.0.1.Final/hibernate-commons-annotations-5.0.1.Final.jar:/home/minghai/.m2/repository/com/jayway/jsonpath/json-path/2.3.0/json-path-2.3.0.jar:/home/minghai/.m2/repository/org/jetbrains/kotlin/kotlin-stdlib/1.4.21/kotlin-stdlib-1.4.21.jar:/home/minghai/.m2/repository/org/jetbrains/kotlin/kotlin-stdlib-common/1.4.21/kotlin-stdlib-common-1.4.21.jar:/home/minghai/.m2/repository/org/jetbrains/annotations/13.0/annotations-13.0.jar:/home/minghai/.m2/repository/org/jetbrains/kotlin/kotlin-reflect/1.4.21/kotlin-reflect-1.4.21.jar:/home/minghai/.m2/repository/org/springframework/security/spring-security-web/5.2.10.RELEASE/spring-security-web-5.2.10.RELEASE.jar:/home/minghai/.m2/repository/org/springframework/security/spring-security-core/5.2.10.RELEASE/spring-security-core-5.2.10.RELEASE.jar:/home/minghai/.m2/repository/org/apache/commons/commons-collections4/4.1/commons-collections4-4.1.jar:/home/minghai/.m2/repository/org/mockito/mockito-all/1.10.19/mockito-all-1.10.19.jar:/home/minghai/.m2/repository/org/powermock/powermock-module-junit4/1.6.6/powermock-module-junit4-1.6.6.jar:/home/minghai/.m2/repository/org/powermock/powermock-module-junit4-common/1.6.6/powermock-module-junit4-common-1.6.6.jar:/home/minghai/.m2/repository/org/powermock/powermock-core/1.6.6/powermock-core-1.6.6.jar:/home/minghai/.m2/repository/org/powermock/powermock-reflect/1.6.6/powermock-reflect-1.6.6.jar:/home/minghai/.m2/repository/com/diffblue/deeptestutils/1.1.0/deeptestutils-1.1.0.jar:/home/minghai/.m2/repository/org/objenesis/objenesis/2.5.1/objenesis-2.5.1.jar:/home/minghai/.m2/repository/org/powermock/powermock-api-mockito/1.6.6/powermock-api-mockito-1.6.6.jar:/home/minghai/.m2/repository/org/mockito/mockito-core/1.10.19/mockito-core-1.10.19.jar:/home/minghai/.m2/repository/org/powermock/powermock-api-mockito-common/1.6.6/powermock-api-mockito-common-1.6.6.jar:/home/minghai/.m2/repository/org/powermock/powermock-api-support/1.6.6/powermock-api-support-1.6.6.jar:/home/minghai/.m2/repository/org/projectlombok/lombok/1.18.4/lombok-1.18.4.jar:/home/minghai/.m2/repository/org/openjdk/jmh/jmh-core/1.21/jmh-core-1.21.jar:/home/minghai/.m2/repository/net/sf/jopt-simple/jopt-simple/4.6/jopt-simple-4.6.jar:/home/minghai/.m2/repository/org/apache/commons/commons-math3/3.2/commons-math3-3.2.jar:/home/minghai/.m2/repository/org/openjdk/jmh/jmh-generator-annprocess/1.21/jmh-generator-annprocess-1.21.jar:/home/minghai/.m2/repository/org/springframework/security/oauth/spring-security-oauth2/2.3.5.RELEASE/spring-security-oauth2-2.3.5.RELEASE.jar:/home/minghai/.m2/repository/org/springframework/security/spring-security-config/3.2.10.RELEASE/spring-security-config-3.2.10.RELEASE.jar:/home/minghai/.m2/repository/aopalliance/aopalliance/1.0/aopalliance-1.0.jar:/home/minghai/.m2/repository/org/codehaus/jackson/jackson-mapper-asl/1.9.13/jackson-mapper-asl-1.9.13.jar:/home/minghai/.m2/repository/org/codehaus/jackson/jackson-core-asl/1.9.13/jackson-core-asl-1.9.13.jar:/home/minghai/.m2/repository/org/gitlab4j/gitlab4j-api/4.8.42/gitlab4j-api-4.8.42.jar:/home/minghai/.m2/repository/javax/xml/bind/jaxb-api/2.3.0/jaxb-api-2.3.0.jar:/home/minghai/.m2/repository/com/sun/activation/javax.activation/1.2.0/javax.activation-1.2.0.jar:/home/minghai/.m2/repository/org/glassfish/jersey/inject/jersey-hk2/2.27/jersey-hk2-2.27.jar:/home/minghai/.m2/repository/org/glassfish/jersey/connectors/jersey-apache-connector/2.27/jersey-apache-connector-2.27.jar:/home/minghai/.m2/repository/org/apache/httpcomponents/httpclient/4.5/httpclient-4.5.jar:/home/minghai/.m2/repository/org/apache/httpcomponents/httpcore/4.4.1/httpcore-4.4.1.jar:/home/minghai/.m2/repository/org/glassfish/jersey/media/jersey-media-multipart/2.27/jersey-media-multipart-2.27.jar:/home/minghai/.m2/repository/org/jvnet/mimepull/mimepull/1.9.6/mimepull-1.9.6.jar:/home/minghai/.m2/repository/org/json/json/20180130/json-20180130.jar:/home/minghai/.m2/repository/com/chinamobile/cmos/sms-core/2.1.9/sms-core-2.1.9.jar:/home/minghai/.m2/repository/de/ruedigermoeller/fst/2.48-jdk-6/fst-2.48-jdk-6.jar:/home/minghai/.m2/repository/com/cedarsoftware/java-util/1.9.0/java-util-1.9.0.jar:/home/minghai/.m2/repository/commons-codec/commons-codec/1.11/commons-codec-1.11.jar:/home/minghai/.m2/repository/io/netty/netty-transport/4.1.33.Final/netty-transport-4.1.33.Final.jar:/home/minghai/.m2/repository/io/netty/netty-common/4.1.33.Final/netty-common-4.1.33.Final.jar:/home/minghai/.m2/repository/io/netty/netty-buffer/4.1.33.Final/netty-buffer-4.1.33.Final.jar:/home/minghai/.m2/repository/io/netty/netty-resolver/4.1.33.Final/netty-resolver-4.1.33.Final.jar:/home/minghai/.m2/repository/io/netty/netty-codec/4.1.33.Final/netty-codec-4.1.33.Final.jar:/home/minghai/.m2/repository/io/netty/netty-handler-proxy/4.1.33.Final/netty-handler-proxy-4.1.33.Final.jar:/home/minghai/.m2/repository/io/netty/netty-codec-socks/4.1.33.Final/netty-codec-socks-4.1.33.Final.jar:/home/minghai/.m2/repository/io/netty/netty-codec-http/4.1.33.Final/netty-codec-http-4.1.33.Final.jar:/home/minghai/.m2/repository/io/netty/netty-handler/4.1.33.Final/netty-handler-4.1.33.Final.jar:/home/minghai/.m2/repository/com/sleepycat/je/5.0.73/je-5.0.73.jar:"/>
    <property name="sun.cpu.endian" value="little"/>
    <property name="user.home" value="/home/minghai"/>
    <property name="user.language" value="en"/>
    <property name="java.specification.vendor" value="Oracle Corporation"/>
    <property name="java.version.date" value="2021-04-20"/>
    <property name="java.home" value="/usr/lib/jvm/java-11-openjdk-amd64"/>
    <property name="file.separator" value="/"/>
    <property name="basedir" value="/home/minghai/fastjson"/>
    <property name="java.vm.compressedOopsMode" value="Zero based"/>
    <property name="line.separator" value="&#10;"/>
    <property name="java.specification.name" value="Java Platform API Specification"/>
    <property name="java.vm.specification.vendor" value="Oracle Corporation"/>
    <property name="java.awt.graphicsenv" value="sun.awt.X11GraphicsEnvironment"/>
    <property name="surefire.real.class.path" value="/home/minghai/fastjson/target/surefire/surefirebooter13690489114650080000.jar"/>
    <property name="sun.management.compiler" value="HotSpot 64-Bit Tiered Compilers"/>
    <property name="java.runtime.version" value="11.0.11+9-Ubuntu-0ubuntu2.20.04"/>
    <property name="user.name" value="minghai"/>
    <property name="path.separator" value=":"/>
    <property name="os.version" value="4.4.0-19041-Microsoft"/>
    <property name="java.runtime.name" value="OpenJDK Runtime Environment"/>
    <property name="file.encoding" value="UTF-8"/>
    <property name="java.vm.name" value="OpenJDK 64-Bit Server VM"/>
    <property name="maven.ext.class.path" value="/mnt/c/Users/Minghai/AppData/Local/JetBrains/Toolbox/apps/IDEA-U/ch-0/213.5744.223/plugins/maven/lib/maven-event-listener.jar"/>
    <property name="localRepository" value="/home/minghai/.m2/repository"/>
    <property name="java.vendor.url.bug" value="https://bugs.launchpad.net/ubuntu/+source/openjdk-lts"/>
    <property name="java.io.tmpdir" value="/tmp"/>
    <property name="java.version" value="11.0.11"/>
    <property name="user.dir" value="/home/minghai/fastjson"/>
    <property name="os.arch" value="amd64"/>
    <property name="java.vm.specification.name" value="Java Virtual Machine Specification"/>
    <property name="java.awt.printerjob" value="sun.print.PSPrinterJob"/>
    <property name="sun.os.patch.level" value="unknown"/>
    <property name="java.library.path" value="/usr/java/packages/lib:/usr/lib/x86_64-linux-gnu/jni:/lib/x86_64-linux-gnu:/usr/lib/x86_64-linux-gnu:/usr/lib/jni:/lib:/usr/lib"/>
    <property name="java.vm.info" value="mixed mode"/>
    <property name="java.vendor" value="Ubuntu"/>
    <property name="java.vm.version" value="11.0.11+9-Ubuntu-0ubuntu2.20.04"/>
    <property name="sun.io.unicode.encoding" value="UnicodeLittle"/>
    <property name="java.class.version" value="55.0"/>
  </properties>
  <testcase name="test_dates_different_timeZones" classname="com.alibaba.json.bvt.issue_2900.Issue2962" time="0.154">
    <system-out><![CDATA[Africa/Abidjan {"date":"2021-12-14T06:43:31.024Z"}
Africa/Accra {"date":"2021-12-14T06:43:31.026Z"}
Africa/Addis_Ababa {"date":"2021-12-14T09:43:31.026+03:00"}
Africa/Algiers {"date":"2021-12-14T07:43:31.026+01:00"}
Africa/Asmara {"date":"2021-12-14T09:43:31.026+03:00"}
Africa/Asmera {"date":"2021-12-14T09:43:31.026+03:00"}
Africa/Bamako {"date":"2021-12-14T06:43:31.026Z"}
Africa/Bangui {"date":"2021-12-14T07:43:31.026+01:00"}
Africa/Banjul {"date":"2021-12-14T06:43:31.027Z"}
Africa/Bissau {"date":"2021-12-14T06:43:31.027Z"}
Africa/Blantyre {"date":"2021-12-14T08:43:31.027+02:00"}
Africa/Brazzaville {"date":"2021-12-14T07:43:31.027+01:00"}
Africa/Bujumbura {"date":"2021-12-14T08:43:31.027+02:00"}
Africa/Cairo {"date":"2021-12-14T08:43:31.027+02:00"}
Africa/Casablanca {"date":"2021-12-14T07:43:31.027+01:00"}
Africa/Ceuta {"date":"2021-12-14T07:43:31.027+01:00"}
Africa/Conakry {"date":"2021-12-14T06:43:31.027Z"}
Africa/Dakar {"date":"2021-12-14T06:43:31.027Z"}
Africa/Dar_es_Salaam {"date":"2021-12-14T09:43:31.027+03:00"}
Africa/Djibouti {"date":"2021-12-14T09:43:31.027+03:00"}
Africa/Douala {"date":"2021-12-14T07:43:31.027+01:00"}
Africa/El_Aaiun {"date":"2021-12-14T07:43:31.027+01:00"}
Africa/Freetown {"date":"2021-12-14T06:43:31.027Z"}
Africa/Gaborone {"date":"2021-12-14T08:43:31.027+02:00"}
Africa/Harare {"date":"2021-12-14T08:43:31.027+02:00"}
Africa/Johannesburg {"date":"2021-12-14T08:43:31.027+02:00"}
Africa/Juba {"date":"2021-12-14T08:43:31.027+02:00"}
Africa/Kampala {"date":"2021-12-14T09:43:31.027+03:00"}
Africa/Khartoum {"date":"2021-12-14T08:43:31.028+02:00"}
Africa/Kigali {"date":"2021-12-14T08:43:31.028+02:00"}
Africa/Kinshasa {"date":"2021-12-14T07:43:31.028+01:00"}
Africa/Lagos {"date":"2021-12-14T07:43:31.028+01:00"}
Africa/Libreville {"date":"2021-12-14T07:43:31.028+01:00"}
Africa/Lome {"date":"2021-12-14T06:43:31.028Z"}
Africa/Luanda {"date":"2021-12-14T07:43:31.028+01:00"}
Africa/Lubumbashi {"date":"2021-12-14T08:43:31.028+02:00"}
Africa/Lusaka {"date":"2021-12-14T08:43:31.028+02:00"}
Africa/Malabo {"date":"2021-12-14T07:43:31.028+01:00"}
Africa/Maputo {"date":"2021-12-14T08:43:31.028+02:00"}
Africa/Maseru {"date":"2021-12-14T08:43:31.028+02:00"}
Africa/Mbabane {"date":"2021-12-14T08:43:31.028+02:00"}
Africa/Mogadishu {"date":"2021-12-14T09:43:31.028+03:00"}
Africa/Monrovia {"date":"2021-12-14T06:43:31.028Z"}
Africa/Nairobi {"date":"2021-12-14T09:43:31.028+03:00"}
Africa/Ndjamena {"date":"2021-12-14T07:43:31.028+01:00"}
Africa/Niamey {"date":"2021-12-14T07:43:31.029+01:00"}
Africa/Nouakchott {"date":"2021-12-14T06:43:31.029Z"}
Africa/Ouagadougou {"date":"2021-12-14T06:43:31.029Z"}
Africa/Porto-Novo {"date":"2021-12-14T07:43:31.029+01:00"}
Africa/Sao_Tome {"date":"2021-12-14T06:43:31.029Z"}
Africa/Timbuktu {"date":"2021-12-14T06:43:31.029Z"}
Africa/Tripoli {"date":"2021-12-14T08:43:31.029+02:00"}
Africa/Tunis {"date":"2021-12-14T07:43:31.029+01:00"}
Africa/Windhoek {"date":"2021-12-14T08:43:31.029+02:00"}
America/Adak {"date":"2021-12-13T20:43:31.029-10:00"}
America/Anchorage {"date":"2021-12-13T21:43:31.029-09:00"}
America/Anguilla {"date":"2021-12-14T02:43:31.029-04:00"}
America/Antigua {"date":"2021-12-14T02:43:31.029-04:00"}
America/Araguaina {"date":"2021-12-14T03:43:31.029-03:00"}
America/Argentina/Buenos_Aires {"date":"2021-12-14T03:43:31.029-03:00"}
America/Argentina/Catamarca {"date":"2021-12-14T03:43:31.029-03:00"}
America/Argentina/ComodRivadavia {"date":"2021-12-14T03:43:31.029-03:00"}
America/Argentina/Cordoba {"date":"2021-12-14T03:43:31.029-03:00"}
America/Argentina/Jujuy {"date":"2021-12-14T03:43:31.029-03:00"}
America/Argentina/La_Rioja {"date":"2021-12-14T03:43:31.029-03:00"}
America/Argentina/Mendoza {"date":"2021-12-14T03:43:31.029-03:00"}
America/Argentina/Rio_Gallegos {"date":"2021-12-14T03:43:31.029-03:00"}
America/Argentina/Salta {"date":"2021-12-14T03:43:31.030-03:00"}
America/Argentina/San_Juan {"date":"2021-12-14T03:43:31.030-03:00"}
America/Argentina/San_Luis {"date":"2021-12-14T03:43:31.030-03:00"}
America/Argentina/Tucuman {"date":"2021-12-14T03:43:31.030-03:00"}
America/Argentina/Ushuaia {"date":"2021-12-14T03:43:31.030-03:00"}
America/Aruba {"date":"2021-12-14T02:43:31.030-04:00"}
America/Asuncion {"date":"2021-12-14T03:43:31.030-03:00"}
America/Atikokan {"date":"2021-12-14T01:43:31.030-05:00"}
America/Atka {"date":"2021-12-13T20:43:31.030-10:00"}
America/Bahia {"date":"2021-12-14T03:43:31.030-03:00"}
America/Bahia_Banderas {"date":"2021-12-14T00:43:31.030-06:00"}
America/Barbados {"date":"2021-12-14T02:43:31.030-04:00"}
America/Belem {"date":"2021-12-14T03:43:31.030-03:00"}
America/Belize {"date":"2021-12-14T00:43:31.030-06:00"}
America/Blanc-Sablon {"date":"2021-12-14T02:43:31.030-04:00"}
America/Boa_Vista {"date":"2021-12-14T02:43:31.030-04:00"}
America/Bogota {"date":"2021-12-14T01:43:31.030-05:00"}
America/Boise {"date":"2021-12-13T23:43:31.030-07:00"}
America/Buenos_Aires {"date":"2021-12-14T03:43:31.030-03:00"}
America/Cambridge_Bay {"date":"2021-12-13T23:43:31.030-07:00"}
America/Campo_Grande {"date":"2021-12-14T02:43:31.030-04:00"}
America/Cancun {"date":"2021-12-14T01:43:31.030-05:00"}
America/Caracas {"date":"2021-12-14T02:43:31.030-04:00"}
America/Catamarca {"date":"2021-12-14T03:43:31.030-03:00"}
America/Cayenne {"date":"2021-12-14T03:43:31.030-03:00"}
America/Cayman {"date":"2021-12-14T01:43:31.030-05:00"}
America/Chicago {"date":"2021-12-14T00:43:31.030-06:00"}
America/Chihuahua {"date":"2021-12-13T23:43:31.030-07:00"}
America/Coral_Harbour {"date":"2021-12-14T01:43:31.031-05:00"}
America/Cordoba {"date":"2021-12-14T03:43:31.031-03:00"}
America/Costa_Rica {"date":"2021-12-14T00:43:31.031-06:00"}
America/Creston {"date":"2021-12-13T23:43:31.031-07:00"}
America/Cuiaba {"date":"2021-12-14T02:43:31.031-04:00"}
America/Curacao {"date":"2021-12-14T02:43:31.031-04:00"}
America/Danmarkshavn {"date":"2021-12-14T06:43:31.031Z"}
America/Dawson {"date":"2021-12-13T23:43:31.031-07:00"}
America/Dawson_Creek {"date":"2021-12-13T23:43:31.031-07:00"}
America/Denver {"date":"2021-12-13T23:43:31.031-07:00"}
America/Detroit {"date":"2021-12-14T01:43:31.031-05:00"}
America/Dominica {"date":"2021-12-14T02:43:31.031-04:00"}
America/Edmonton {"date":"2021-12-13T23:43:31.031-07:00"}
America/Eirunepe {"date":"2021-12-14T01:43:31.031-05:00"}
America/El_Salvador {"date":"2021-12-14T00:43:31.031-06:00"}
America/Ensenada {"date":"2021-12-13T22:43:31.031-08:00"}
America/Fort_Nelson {"date":"2021-12-13T23:43:31.031-07:00"}
America/Fort_Wayne {"date":"2021-12-14T01:43:31.031-05:00"}
America/Fortaleza {"date":"2021-12-14T03:43:31.031-03:00"}
America/Glace_Bay {"date":"2021-12-14T02:43:31.031-04:00"}
America/Godthab {"date":"2021-12-14T03:43:31.031-03:00"}
America/Goose_Bay {"date":"2021-12-14T02:43:31.031-04:00"}
America/Grand_Turk {"date":"2021-12-14T01:43:31.031-05:00"}
America/Grenada {"date":"2021-12-14T02:43:31.031-04:00"}
America/Guadeloupe {"date":"2021-12-14T02:43:31.031-04:00"}
America/Guatemala {"date":"2021-12-14T00:43:31.031-06:00"}
America/Guayaquil {"date":"2021-12-14T01:43:31.031-05:00"}
America/Guyana {"date":"2021-12-14T02:43:31.032-04:00"}
America/Halifax {"date":"2021-12-14T02:43:31.032-04:00"}
America/Havana {"date":"2021-12-14T01:43:31.032-05:00"}
America/Hermosillo {"date":"2021-12-13T23:43:31.032-07:00"}
America/Indiana/Indianapolis {"date":"2021-12-14T01:43:31.032-05:00"}
America/Indiana/Knox {"date":"2021-12-14T00:43:31.032-06:00"}
America/Indiana/Marengo {"date":"2021-12-14T01:43:31.032-05:00"}
America/Indiana/Petersburg {"date":"2021-12-14T01:43:31.032-05:00"}
America/Indiana/Tell_City {"date":"2021-12-14T00:43:31.032-06:00"}
America/Indiana/Vevay {"date":"2021-12-14T01:43:31.032-05:00"}
America/Indiana/Vincennes {"date":"2021-12-14T01:43:31.032-05:00"}
America/Indiana/Winamac {"date":"2021-12-14T01:43:31.032-05:00"}
America/Indianapolis {"date":"2021-12-14T01:43:31.032-05:00"}
America/Inuvik {"date":"2021-12-13T23:43:31.032-07:00"}
America/Iqaluit {"date":"2021-12-14T01:43:31.032-05:00"}
America/Jamaica {"date":"2021-12-14T01:43:31.032-05:00"}
America/Jujuy {"date":"2021-12-14T03:43:31.032-03:00"}
America/Juneau {"date":"2021-12-13T21:43:31.032-09:00"}
America/Kentucky/Louisville {"date":"2021-12-14T01:43:31.032-05:00"}
America/Kentucky/Monticello {"date":"2021-12-14T01:43:31.032-05:00"}
America/Knox_IN {"date":"2021-12-14T00:43:31.032-06:00"}
America/Kralendijk {"date":"2021-12-14T02:43:31.032-04:00"}
America/La_Paz {"date":"2021-12-14T02:43:31.032-04:00"}
America/Lima {"date":"2021-12-14T01:43:31.033-05:00"}
America/Los_Angeles {"date":"2021-12-13T22:43:31.033-08:00"}
America/Louisville {"date":"2021-12-14T01:43:31.033-05:00"}
America/Lower_Princes {"date":"2021-12-14T02:43:31.033-04:00"}
America/Maceio {"date":"2021-12-14T03:43:31.033-03:00"}
America/Managua {"date":"2021-12-14T00:43:31.033-06:00"}
America/Manaus {"date":"2021-12-14T02:43:31.033-04:00"}
America/Marigot {"date":"2021-12-14T02:43:31.033-04:00"}
America/Martinique {"date":"2021-12-14T02:43:31.033-04:00"}
America/Matamoros {"date":"2021-12-14T00:43:31.033-06:00"}
America/Mazatlan {"date":"2021-12-13T23:43:31.033-07:00"}
America/Mendoza {"date":"2021-12-14T03:43:31.033-03:00"}
America/Menominee {"date":"2021-12-14T00:43:31.033-06:00"}
America/Merida {"date":"2021-12-14T00:43:31.033-06:00"}
America/Metlakatla {"date":"2021-12-13T21:43:31.033-09:00"}
America/Mexico_City {"date":"2021-12-14T00:43:31.033-06:00"}
America/Miquelon {"date":"2021-12-14T03:43:31.033-03:00"}
America/Moncton {"date":"2021-12-14T02:43:31.033-04:00"}
America/Monterrey {"date":"2021-12-14T00:43:31.033-06:00"}
America/Montevideo {"date":"2021-12-14T03:43:31.033-03:00"}
America/Montreal {"date":"2021-12-14T01:43:31.033-05:00"}
America/Montserrat {"date":"2021-12-14T02:43:31.033-04:00"}
America/Nassau {"date":"2021-12-14T01:43:31.033-05:00"}
America/New_York {"date":"2021-12-14T01:43:31.033-05:00"}
America/Nipigon {"date":"2021-12-14T01:43:31.033-05:00"}
America/Nome {"date":"2021-12-13T21:43:31.033-09:00"}
America/Noronha {"date":"2021-12-14T04:43:31.034-02:00"}
America/North_Dakota/Beulah {"date":"2021-12-14T00:43:31.034-06:00"}
America/North_Dakota/Center {"date":"2021-12-14T00:43:31.034-06:00"}
America/North_Dakota/New_Salem {"date":"2021-12-14T00:43:31.034-06:00"}
America/Nuuk {"date":"2021-12-14T03:43:31.034-03:00"}
America/Ojinaga {"date":"2021-12-13T23:43:31.034-07:00"}
America/Panama {"date":"2021-12-14T01:43:31.034-05:00"}
America/Pangnirtung {"date":"2021-12-14T01:43:31.034-05:00"}
America/Paramaribo {"date":"2021-12-14T03:43:31.034-03:00"}
America/Phoenix {"date":"2021-12-13T23:43:31.034-07:00"}
America/Port-au-Prince {"date":"2021-12-14T01:43:31.034-05:00"}
America/Port_of_Spain {"date":"2021-12-14T02:43:31.034-04:00"}
America/Porto_Acre {"date":"2021-12-14T01:43:31.034-05:00"}
America/Porto_Velho {"date":"2021-12-14T02:43:31.034-04:00"}
America/Puerto_Rico {"date":"2021-12-14T02:43:31.034-04:00"}
America/Punta_Arenas {"date":"2021-12-14T03:43:31.034-03:00"}
America/Rainy_River {"date":"2021-12-14T00:43:31.034-06:00"}
America/Rankin_Inlet {"date":"2021-12-14T00:43:31.034-06:00"}
America/Recife {"date":"2021-12-14T03:43:31.034-03:00"}
America/Regina {"date":"2021-12-14T00:43:31.034-06:00"}
America/Resolute {"date":"2021-12-14T00:43:31.034-06:00"}
America/Rio_Branco {"date":"2021-12-14T01:43:31.034-05:00"}
America/Rosario {"date":"2021-12-14T03:43:31.035-03:00"}
America/Santa_Isabel {"date":"2021-12-13T22:43:31.035-08:00"}
America/Santarem {"date":"2021-12-14T03:43:31.035-03:00"}
America/Santiago {"date":"2021-12-14T03:43:31.035-03:00"}
America/Santo_Domingo {"date":"2021-12-14T02:43:31.035-04:00"}
America/Sao_Paulo {"date":"2021-12-14T03:43:31.035-03:00"}
America/Scoresbysund {"date":"2021-12-14T05:43:31.035-01:00"}
America/Shiprock {"date":"2021-12-13T23:43:31.035-07:00"}
America/Sitka {"date":"2021-12-13T21:43:31.035-09:00"}
America/St_Barthelemy {"date":"2021-12-14T02:43:31.035-04:00"}
America/St_Johns {"date":"2021-12-14T03:13:31.035-03:30"}
America/St_Kitts {"date":"2021-12-14T02:43:31.035-04:00"}
America/St_Lucia {"date":"2021-12-14T02:43:31.035-04:00"}
America/St_Thomas {"date":"2021-12-14T02:43:31.035-04:00"}
America/St_Vincent {"date":"2021-12-14T02:43:31.035-04:00"}
America/Swift_Current {"date":"2021-12-14T00:43:31.035-06:00"}
America/Tegucigalpa {"date":"2021-12-14T00:43:31.035-06:00"}
America/Thule {"date":"2021-12-14T02:43:31.035-04:00"}
America/Thunder_Bay {"date":"2021-12-14T01:43:31.035-05:00"}
America/Tijuana {"date":"2021-12-13T22:43:31.035-08:00"}
America/Toronto {"date":"2021-12-14T01:43:31.035-05:00"}
America/Tortola {"date":"2021-12-14T02:43:31.035-04:00"}
America/Vancouver {"date":"2021-12-13T22:43:31.035-08:00"}
America/Virgin {"date":"2021-12-14T02:43:31.035-04:00"}
America/Whitehorse {"date":"2021-12-13T23:43:31.035-07:00"}
America/Winnipeg {"date":"2021-12-14T00:43:31.035-06:00"}
America/Yakutat {"date":"2021-12-13T21:43:31.035-09:00"}
America/Yellowknife {"date":"2021-12-13T23:43:31.036-07:00"}
Antarctica/Casey {"date":"2021-12-14T17:43:31.036+11:00"}
Antarctica/Davis {"date":"2021-12-14T13:43:31.036+07:00"}
Antarctica/DumontDUrville {"date":"2021-12-14T16:43:31.036+10:00"}
Antarctica/Macquarie {"date":"2021-12-14T17:43:31.036+11:00"}
Antarctica/Mawson {"date":"2021-12-14T11:43:31.036+05:00"}
Antarctica/McMurdo {"date":"2021-12-14T19:43:31.036+13:00"}
Antarctica/Palmer {"date":"2021-12-14T03:43:31.036-03:00"}
Antarctica/Rothera {"date":"2021-12-14T03:43:31.036-03:00"}
Antarctica/South_Pole {"date":"2021-12-14T19:43:31.036+13:00"}
Antarctica/Syowa {"date":"2021-12-14T09:43:31.036+03:00"}
Antarctica/Troll {"date":"2021-12-14T06:43:31.036Z"}
Antarctica/Vostok {"date":"2021-12-14T12:43:31.036+06:00"}
Arctic/Longyearbyen {"date":"2021-12-14T07:43:31.036+01:00"}
Asia/Aden {"date":"2021-12-14T09:43:31.036+03:00"}
Asia/Almaty {"date":"2021-12-14T12:43:31.036+06:00"}
Asia/Amman {"date":"2021-12-14T08:43:31.036+02:00"}
Asia/Anadyr {"date":"2021-12-14T18:43:31.036+12:00"}
Asia/Aqtau {"date":"2021-12-14T11:43:31.036+05:00"}
Asia/Aqtobe {"date":"2021-12-14T11:43:31.036+05:00"}
Asia/Ashgabat {"date":"2021-12-14T11:43:31.036+05:00"}
Asia/Ashkhabad {"date":"2021-12-14T11:43:31.036+05:00"}
Asia/Atyrau {"date":"2021-12-14T11:43:31.036+05:00"}
Asia/Baghdad {"date":"2021-12-14T09:43:31.036+03:00"}
Asia/Bahrain {"date":"2021-12-14T09:43:31.036+03:00"}
Asia/Baku {"date":"2021-12-14T10:43:31.036+04:00"}
Asia/Bangkok {"date":"2021-12-14T13:43:31.036+07:00"}
Asia/Barnaul {"date":"2021-12-14T13:43:31.036+07:00"}
Asia/Beirut {"date":"2021-12-14T08:43:31.037+02:00"}
Asia/Bishkek {"date":"2021-12-14T12:43:31.037+06:00"}
Asia/Brunei {"date":"2021-12-14T14:43:31.037+08:00"}
Asia/Calcutta {"date":"2021-12-14T12:13:31.037+05:30"}
Asia/Chita {"date":"2021-12-14T15:43:31.037+09:00"}
Asia/Choibalsan {"date":"2021-12-14T14:43:31.037+08:00"}
Asia/Chongqing {"date":"2021-12-14T14:43:31.037+08:00"}
Asia/Chungking {"date":"2021-12-14T14:43:31.037+08:00"}
Asia/Colombo {"date":"2021-12-14T12:13:31.037+05:30"}
Asia/Dacca {"date":"2021-12-14T12:43:31.037+06:00"}
Asia/Damascus {"date":"2021-12-14T08:43:31.037+02:00"}
Asia/Dhaka {"date":"2021-12-14T12:43:31.037+06:00"}
Asia/Dili {"date":"2021-12-14T15:43:31.037+09:00"}
Asia/Dubai {"date":"2021-12-14T10:43:31.037+04:00"}
Asia/Dushanbe {"date":"2021-12-14T11:43:31.037+05:00"}
Asia/Famagusta {"date":"2021-12-14T08:43:31.037+02:00"}
Asia/Gaza {"date":"2021-12-14T08:43:31.037+02:00"}
Asia/Harbin {"date":"2021-12-14T14:43:31.037+08:00"}
Asia/Hebron {"date":"2021-12-14T08:43:31.037+02:00"}
Asia/Ho_Chi_Minh {"date":"2021-12-14T13:43:31.037+07:00"}
Asia/Hong_Kong {"date":"2021-12-14T14:43:31.037+08:00"}
Asia/Hovd {"date":"2021-12-14T13:43:31.037+07:00"}
Asia/Irkutsk {"date":"2021-12-14T14:43:31.037+08:00"}
Asia/Istanbul {"date":"2021-12-14T09:43:31.037+03:00"}
Asia/Jakarta {"date":"2021-12-14T13:43:31.037+07:00"}
Asia/Jayapura {"date":"2021-12-14T15:43:31.037+09:00"}
Asia/Jerusalem {"date":"2021-12-14T08:43:31.037+02:00"}
Asia/Kabul {"date":"2021-12-14T11:13:31.038+04:30"}
Asia/Kamchatka {"date":"2021-12-14T18:43:31.038+12:00"}
Asia/Karachi {"date":"2021-12-14T11:43:31.038+05:00"}
Asia/Kashgar {"date":"2021-12-14T12:43:31.038+06:00"}
Asia/Kathmandu {"date":"2021-12-14T12:28:31.038+05:45"}
Asia/Katmandu {"date":"2021-12-14T12:28:31.038+05:45"}
Asia/Khandyga {"date":"2021-12-14T15:43:31.038+09:00"}
Asia/Kolkata {"date":"2021-12-14T12:13:31.038+05:30"}
Asia/Krasnoyarsk {"date":"2021-12-14T13:43:31.038+07:00"}
Asia/Kuala_Lumpur {"date":"2021-12-14T14:43:31.038+08:00"}
Asia/Kuching {"date":"2021-12-14T14:43:31.038+08:00"}
Asia/Kuwait {"date":"2021-12-14T09:43:31.038+03:00"}
Asia/Macao {"date":"2021-12-14T14:43:31.038+08:00"}
Asia/Macau {"date":"2021-12-14T14:43:31.038+08:00"}
Asia/Magadan {"date":"2021-12-14T17:43:31.038+11:00"}
Asia/Makassar {"date":"2021-12-14T14:43:31.038+08:00"}
Asia/Manila {"date":"2021-12-14T14:43:31.038+08:00"}
Asia/Muscat {"date":"2021-12-14T10:43:31.038+04:00"}
Asia/Nicosia {"date":"2021-12-14T08:43:31.038+02:00"}
Asia/Novokuznetsk {"date":"2021-12-14T13:43:31.038+07:00"}
Asia/Novosibirsk {"date":"2021-12-14T13:43:31.038+07:00"}
Asia/Omsk {"date":"2021-12-14T12:43:31.038+06:00"}
Asia/Oral {"date":"2021-12-14T11:43:31.038+05:00"}
Asia/Phnom_Penh {"date":"2021-12-14T13:43:31.038+07:00"}
Asia/Pontianak {"date":"2021-12-14T13:43:31.038+07:00"}
Asia/Pyongyang {"date":"2021-12-14T15:43:31.038+09:00"}
Asia/Qatar {"date":"2021-12-14T09:43:31.038+03:00"}
Asia/Qostanay {"date":"2021-12-14T12:43:31.038+06:00"}
Asia/Qyzylorda {"date":"2021-12-14T11:43:31.038+05:00"}
Asia/Rangoon {"date":"2021-12-14T13:13:31.038+06:30"}
Asia/Riyadh {"date":"2021-12-14T09:43:31.038+03:00"}
Asia/Saigon {"date":"2021-12-14T13:43:31.038+07:00"}
Asia/Sakhalin {"date":"2021-12-14T17:43:31.038+11:00"}
Asia/Samarkand {"date":"2021-12-14T11:43:31.038+05:00"}
Asia/Seoul {"date":"2021-12-14T15:43:31.039+09:00"}
Asia/Shanghai {"date":"2021-12-14T14:43:31.039+08:00"}
Asia/Singapore {"date":"2021-12-14T14:43:31.039+08:00"}
Asia/Srednekolymsk {"date":"2021-12-14T17:43:31.039+11:00"}
Asia/Taipei {"date":"2021-12-14T14:43:31.039+08:00"}
Asia/Tashkent {"date":"2021-12-14T11:43:31.039+05:00"}
Asia/Tbilisi {"date":"2021-12-14T10:43:31.039+04:00"}
Asia/Tehran {"date":"2021-12-14T10:13:31.039+03:30"}
Asia/Tel_Aviv {"date":"2021-12-14T08:43:31.039+02:00"}
Asia/Thimbu {"date":"2021-12-14T12:43:31.039+06:00"}
Asia/Thimphu {"date":"2021-12-14T12:43:31.039+06:00"}
Asia/Tokyo {"date":"2021-12-14T15:43:31.039+09:00"}
Asia/Tomsk {"date":"2021-12-14T13:43:31.039+07:00"}
Asia/Ujung_Pandang {"date":"2021-12-14T14:43:31.039+08:00"}
Asia/Ulaanbaatar {"date":"2021-12-14T14:43:31.039+08:00"}
Asia/Ulan_Bator {"date":"2021-12-14T14:43:31.039+08:00"}
Asia/Urumqi {"date":"2021-12-14T12:43:31.039+06:00"}
Asia/Ust-Nera {"date":"2021-12-14T16:43:31.039+10:00"}
Asia/Vientiane {"date":"2021-12-14T13:43:31.039+07:00"}
Asia/Vladivostok {"date":"2021-12-14T16:43:31.039+10:00"}
Asia/Yakutsk {"date":"2021-12-14T15:43:31.039+09:00"}
Asia/Yangon {"date":"2021-12-14T13:13:31.039+06:30"}
Asia/Yekaterinburg {"date":"2021-12-14T11:43:31.039+05:00"}
Asia/Yerevan {"date":"2021-12-14T10:43:31.039+04:00"}
Atlantic/Azores {"date":"2021-12-14T05:43:31.039-01:00"}
Atlantic/Bermuda {"date":"2021-12-14T02:43:31.039-04:00"}
Atlantic/Canary {"date":"2021-12-14T06:43:31.039Z"}
Atlantic/Cape_Verde {"date":"2021-12-14T05:43:31.039-01:00"}
Atlantic/Faeroe {"date":"2021-12-14T06:43:31.039Z"}
Atlantic/Faroe {"date":"2021-12-14T06:43:31.039Z"}
Atlantic/Jan_Mayen {"date":"2021-12-14T07:43:31.039+01:00"}
Atlantic/Madeira {"date":"2021-12-14T06:43:31.039Z"}
Atlantic/Reykjavik {"date":"2021-12-14T06:43:31.040Z"}
Atlantic/South_Georgia {"date":"2021-12-14T04:43:31.040-02:00"}
Atlantic/St_Helena {"date":"2021-12-14T06:43:31.040Z"}
Atlantic/Stanley {"date":"2021-12-14T03:43:31.040-03:00"}
Australia/ACT {"date":"2021-12-14T17:43:31.040+11:00"}
Australia/Adelaide {"date":"2021-12-14T17:13:31.040+10:30"}
Australia/Brisbane {"date":"2021-12-14T16:43:31.040+10:00"}
Australia/Broken_Hill {"date":"2021-12-14T17:13:31.040+10:30"}
Australia/Canberra {"date":"2021-12-14T17:43:31.040+11:00"}
Australia/Currie {"date":"2021-12-14T17:43:31.040+11:00"}
Australia/Darwin {"date":"2021-12-14T16:13:31.040+09:30"}
Australia/Eucla {"date":"2021-12-14T15:28:31.040+08:45"}
Australia/Hobart {"date":"2021-12-14T17:43:31.040+11:00"}
Australia/LHI {"date":"2021-12-14T17:43:31.040+11:00"}
Australia/Lindeman {"date":"2021-12-14T16:43:31.040+10:00"}
Australia/Lord_Howe {"date":"2021-12-14T17:43:31.040+11:00"}
Australia/Melbourne {"date":"2021-12-14T17:43:31.040+11:00"}
Australia/NSW {"date":"2021-12-14T17:43:31.040+11:00"}
Australia/North {"date":"2021-12-14T16:13:31.040+09:30"}
Australia/Perth {"date":"2021-12-14T14:43:31.040+08:00"}
Australia/Queensland {"date":"2021-12-14T16:43:31.040+10:00"}
Australia/South {"date":"2021-12-14T17:13:31.040+10:30"}
Australia/Sydney {"date":"2021-12-14T17:43:31.040+11:00"}
Australia/Tasmania {"date":"2021-12-14T17:43:31.040+11:00"}
Australia/Victoria {"date":"2021-12-14T17:43:31.040+11:00"}
Australia/West {"date":"2021-12-14T14:43:31.040+08:00"}
Australia/Yancowinna {"date":"2021-12-14T17:13:31.040+10:30"}
Brazil/Acre {"date":"2021-12-14T01:43:31.040-05:00"}
Brazil/DeNoronha {"date":"2021-12-14T04:43:31.040-02:00"}
Brazil/East {"date":"2021-12-14T03:43:31.041-03:00"}
Brazil/West {"date":"2021-12-14T02:43:31.041-04:00"}
CET {"date":"2021-12-14T07:43:31.041+01:00"}
CST6CDT {"date":"2021-12-14T00:43:31.041-06:00"}
Canada/Atlantic {"date":"2021-12-14T02:43:31.041-04:00"}
Canada/Central {"date":"2021-12-14T00:43:31.041-06:00"}
Canada/Eastern {"date":"2021-12-14T01:43:31.041-05:00"}
Canada/Mountain {"date":"2021-12-13T23:43:31.041-07:00"}
Canada/Newfoundland {"date":"2021-12-14T03:13:31.041-03:30"}
Canada/Pacific {"date":"2021-12-13T22:43:31.041-08:00"}
Canada/Saskatchewan {"date":"2021-12-14T00:43:31.041-06:00"}
Canada/Yukon {"date":"2021-12-13T23:43:31.041-07:00"}
Chile/Continental {"date":"2021-12-14T03:43:31.041-03:00"}
Chile/EasterIsland {"date":"2021-12-14T01:43:31.041-05:00"}
Cuba {"date":"2021-12-14T01:43:31.041-05:00"}
EET {"date":"2021-12-14T08:43:31.041+02:00"}
EST5EDT {"date":"2021-12-14T01:43:31.041-05:00"}
Egypt {"date":"2021-12-14T08:43:31.041+02:00"}
Eire {"date":"2021-12-14T06:43:31.041Z"}
Etc/GMT {"date":"2021-12-14T06:43:31.041Z"}
Etc/GMT+0 {"date":"2021-12-14T06:43:31.041Z"}
Etc/GMT+1 {"date":"2021-12-14T05:43:31.041-01:00"}
Etc/GMT+10 {"date":"2021-12-13T20:43:31.041-10:00"}
Etc/GMT+11 {"date":"2021-12-13T19:43:31.041-11:00"}
Etc/GMT+12 {"date":"2021-12-13T18:43:31.041-12:00"}
Etc/GMT+2 {"date":"2021-12-14T04:43:31.041-02:00"}
Etc/GMT+3 {"date":"2021-12-14T03:43:31.041-03:00"}
Etc/GMT+4 {"date":"2021-12-14T02:43:31.041-04:00"}
Etc/GMT+5 {"date":"2021-12-14T01:43:31.041-05:00"}
Etc/GMT+6 {"date":"2021-12-14T00:43:31.041-06:00"}
Etc/GMT+7 {"date":"2021-12-13T23:43:31.041-07:00"}
Etc/GMT+8 {"date":"2021-12-13T22:43:31.042-08:00"}
Etc/GMT+9 {"date":"2021-12-13T21:43:31.042-09:00"}
Etc/GMT-0 {"date":"2021-12-14T06:43:31.042Z"}
Etc/GMT-1 {"date":"2021-12-14T07:43:31.042+01:00"}
Etc/GMT-10 {"date":"2021-12-14T16:43:31.042+10:00"}
Etc/GMT-11 {"date":"2021-12-14T17:43:31.042+11:00"}
Etc/GMT-12 {"date":"2021-12-14T18:43:31.042+12:00"}
Etc/GMT-13 {"date":"2021-12-14T19:43:31.042+13:00"}
Etc/GMT-14 {"date":"2021-12-14T20:43:31.042+14:00"}
Etc/GMT-2 {"date":"2021-12-14T08:43:31.042+02:00"}
Etc/GMT-3 {"date":"2021-12-14T09:43:31.042+03:00"}
Etc/GMT-4 {"date":"2021-12-14T10:43:31.042+04:00"}
Etc/GMT-5 {"date":"2021-12-14T11:43:31.042+05:00"}
Etc/GMT-6 {"date":"2021-12-14T12:43:31.042+06:00"}
Etc/GMT-7 {"date":"2021-12-14T13:43:31.042+07:00"}
Etc/GMT-8 {"date":"2021-12-14T14:43:31.042+08:00"}
Etc/GMT-9 {"date":"2021-12-14T15:43:31.042+09:00"}
Etc/GMT0 {"date":"2021-12-14T06:43:31.042Z"}
Etc/Greenwich {"date":"2021-12-14T06:43:31.042Z"}
Etc/UCT {"date":"2021-12-14T06:43:31.042Z"}
Etc/UTC {"date":"2021-12-14T06:43:31.042Z"}
Etc/Universal {"date":"2021-12-14T06:43:31.042Z"}
Etc/Zulu {"date":"2021-12-14T06:43:31.042Z"}
Europe/Amsterdam {"date":"2021-12-14T07:43:31.042+01:00"}
Europe/Andorra {"date":"2021-12-14T07:43:31.042+01:00"}
Europe/Astrakhan {"date":"2021-12-14T10:43:31.042+04:00"}
Europe/Athens {"date":"2021-12-14T08:43:31.042+02:00"}
Europe/Belfast {"date":"2021-12-14T06:43:31.042Z"}
Europe/Belgrade {"date":"2021-12-14T07:43:31.042+01:00"}
Europe/Berlin {"date":"2021-12-14T07:43:31.042+01:00"}
Europe/Bratislava {"date":"2021-12-14T07:43:31.042+01:00"}
Europe/Brussels {"date":"2021-12-14T07:43:31.042+01:00"}
Europe/Bucharest {"date":"2021-12-14T08:43:31.042+02:00"}
Europe/Budapest {"date":"2021-12-14T07:43:31.042+01:00"}
Europe/Busingen {"date":"2021-12-14T07:43:31.042+01:00"}
Europe/Chisinau {"date":"2021-12-14T08:43:31.042+02:00"}
Europe/Copenhagen {"date":"2021-12-14T07:43:31.042+01:00"}
Europe/Dublin {"date":"2021-12-14T06:43:31.042Z"}
Europe/Gibraltar {"date":"2021-12-14T07:43:31.043+01:00"}
Europe/Guernsey {"date":"2021-12-14T06:43:31.043Z"}
Europe/Helsinki {"date":"2021-12-14T08:43:31.043+02:00"}
Europe/Isle_of_Man {"date":"2021-12-14T06:43:31.043Z"}
Europe/Istanbul {"date":"2021-12-14T09:43:31.043+03:00"}
Europe/Jersey {"date":"2021-12-14T06:43:31.043Z"}
Europe/Kaliningrad {"date":"2021-12-14T08:43:31.043+02:00"}
Europe/Kiev {"date":"2021-12-14T08:43:31.043+02:00"}
Europe/Kirov {"date":"2021-12-14T09:43:31.043+03:00"}
Europe/Lisbon {"date":"2021-12-14T06:43:31.043Z"}
Europe/Ljubljana {"date":"2021-12-14T07:43:31.043+01:00"}
Europe/London {"date":"2021-12-14T06:43:31.043Z"}
Europe/Luxembourg {"date":"2021-12-14T07:43:31.043+01:00"}
Europe/Madrid {"date":"2021-12-14T07:43:31.043+01:00"}
Europe/Malta {"date":"2021-12-14T07:43:31.043+01:00"}
Europe/Mariehamn {"date":"2021-12-14T08:43:31.043+02:00"}
Europe/Minsk {"date":"2021-12-14T09:43:31.043+03:00"}
Europe/Monaco {"date":"2021-12-14T07:43:31.043+01:00"}
Europe/Moscow {"date":"2021-12-14T09:43:31.043+03:00"}
Europe/Nicosia {"date":"2021-12-14T08:43:31.043+02:00"}
Europe/Oslo {"date":"2021-12-14T07:43:31.043+01:00"}
Europe/Paris {"date":"2021-12-14T07:43:31.043+01:00"}
Europe/Podgorica {"date":"2021-12-14T07:43:31.043+01:00"}
Europe/Prague {"date":"2021-12-14T07:43:31.043+01:00"}
Europe/Riga {"date":"2021-12-14T08:43:31.043+02:00"}
Europe/Rome {"date":"2021-12-14T07:43:31.043+01:00"}
Europe/Samara {"date":"2021-12-14T10:43:31.043+04:00"}
Europe/San_Marino {"date":"2021-12-14T07:43:31.043+01:00"}
Europe/Sarajevo {"date":"2021-12-14T07:43:31.043+01:00"}
Europe/Saratov {"date":"2021-12-14T10:43:31.043+04:00"}
Europe/Simferopol {"date":"2021-12-14T09:43:31.043+03:00"}
Europe/Skopje {"date":"2021-12-14T07:43:31.043+01:00"}
Europe/Sofia {"date":"2021-12-14T08:43:31.043+02:00"}
Europe/Stockholm {"date":"2021-12-14T07:43:31.043+01:00"}
Europe/Tallinn {"date":"2021-12-14T08:43:31.043+02:00"}
Europe/Tirane {"date":"2021-12-14T07:43:31.043+01:00"}
Europe/Tiraspol {"date":"2021-12-14T08:43:31.044+02:00"}
Europe/Ulyanovsk {"date":"2021-12-14T10:43:31.044+04:00"}
Europe/Uzhgorod {"date":"2021-12-14T08:43:31.044+02:00"}
Europe/Vaduz {"date":"2021-12-14T07:43:31.044+01:00"}
Europe/Vatican {"date":"2021-12-14T07:43:31.044+01:00"}
Europe/Vienna {"date":"2021-12-14T07:43:31.044+01:00"}
Europe/Vilnius {"date":"2021-12-14T08:43:31.044+02:00"}
Europe/Volgograd {"date":"2021-12-14T09:43:31.044+03:00"}
Europe/Warsaw {"date":"2021-12-14T07:43:31.044+01:00"}
Europe/Zagreb {"date":"2021-12-14T07:43:31.044+01:00"}
Europe/Zaporozhye {"date":"2021-12-14T08:43:31.044+02:00"}
Europe/Zurich {"date":"2021-12-14T07:43:31.044+01:00"}
GB {"date":"2021-12-14T06:43:31.044Z"}
GB-Eire {"date":"2021-12-14T06:43:31.044Z"}
GMT {"date":"2021-12-14T06:43:31.044Z"}
GMT0 {"date":"2021-12-14T06:43:31.044Z"}
Greenwich {"date":"2021-12-14T06:43:31.044Z"}
Hongkong {"date":"2021-12-14T14:43:31.044+08:00"}
Iceland {"date":"2021-12-14T06:43:31.044Z"}
Indian/Antananarivo {"date":"2021-12-14T09:43:31.044+03:00"}
Indian/Chagos {"date":"2021-12-14T12:43:31.044+06:00"}
Indian/Christmas {"date":"2021-12-14T13:43:31.044+07:00"}
Indian/Cocos {"date":"2021-12-14T13:13:31.044+06:30"}
Indian/Comoro {"date":"2021-12-14T09:43:31.044+03:00"}
Indian/Kerguelen {"date":"2021-12-14T11:43:31.044+05:00"}
Indian/Mahe {"date":"2021-12-14T10:43:31.044+04:00"}
Indian/Maldives {"date":"2021-12-14T11:43:31.045+05:00"}
Indian/Mauritius {"date":"2021-12-14T10:43:31.045+04:00"}
Indian/Mayotte {"date":"2021-12-14T09:43:31.045+03:00"}
Indian/Reunion {"date":"2021-12-14T10:43:31.045+04:00"}
Iran {"date":"2021-12-14T10:13:31.045+03:30"}
Israel {"date":"2021-12-14T08:43:31.045+02:00"}
Jamaica {"date":"2021-12-14T01:43:31.045-05:00"}
Japan {"date":"2021-12-14T15:43:31.045+09:00"}
Kwajalein {"date":"2021-12-14T18:43:31.045+12:00"}
Libya {"date":"2021-12-14T08:43:31.045+02:00"}
MET {"date":"2021-12-14T07:43:31.045+01:00"}
MST7MDT {"date":"2021-12-13T23:43:31.045-07:00"}
Mexico/BajaNorte {"date":"2021-12-13T22:43:31.045-08:00"}
Mexico/BajaSur {"date":"2021-12-13T23:43:31.045-07:00"}
Mexico/General {"date":"2021-12-14T00:43:31.045-06:00"}
NZ {"date":"2021-12-14T19:43:31.045+13:00"}
NZ-CHAT {"date":"2021-12-14T20:28:31.045+13:45"}
Navajo {"date":"2021-12-13T23:43:31.045-07:00"}
PRC {"date":"2021-12-14T14:43:31.045+08:00"}
PST8PDT {"date":"2021-12-13T22:43:31.045-08:00"}
Pacific/Apia {"date":"2021-12-14T20:43:31.045+14:00"}
Pacific/Auckland {"date":"2021-12-14T19:43:31.045+13:00"}
Pacific/Bougainville {"date":"2021-12-14T17:43:31.045+11:00"}
Pacific/Chatham {"date":"2021-12-14T20:28:31.045+13:45"}
Pacific/Chuuk {"date":"2021-12-14T16:43:31.045+10:00"}
Pacific/Easter {"date":"2021-12-14T01:43:31.045-05:00"}
Pacific/Efate {"date":"2021-12-14T17:43:31.045+11:00"}
Pacific/Enderbury {"date":"2021-12-14T19:43:31.045+13:00"}
Pacific/Fakaofo {"date":"2021-12-14T19:43:31.045+13:00"}
Pacific/Fiji {"date":"2021-12-14T19:43:31.045+13:00"}
Pacific/Funafuti {"date":"2021-12-14T18:43:31.045+12:00"}
Pacific/Galapagos {"date":"2021-12-14T00:43:31.045-06:00"}
Pacific/Gambier {"date":"2021-12-13T21:43:31.045-09:00"}
Pacific/Guadalcanal {"date":"2021-12-14T17:43:31.045+11:00"}
Pacific/Guam {"date":"2021-12-14T16:43:31.046+10:00"}
Pacific/Honolulu {"date":"2021-12-13T20:43:31.046-10:00"}
Pacific/Johnston {"date":"2021-12-13T20:43:31.046-10:00"}
Pacific/Kiritimati {"date":"2021-12-14T20:43:31.046+14:00"}
Pacific/Kosrae {"date":"2021-12-14T17:43:31.046+11:00"}
Pacific/Kwajalein {"date":"2021-12-14T18:43:31.046+12:00"}
Pacific/Majuro {"date":"2021-12-14T18:43:31.046+12:00"}
Pacific/Marquesas {"date":"2021-12-13T21:13:31.046-09:30"}
Pacific/Midway {"date":"2021-12-13T19:43:31.046-11:00"}
Pacific/Nauru {"date":"2021-12-14T18:43:31.046+12:00"}
Pacific/Niue {"date":"2021-12-13T19:43:31.046-11:00"}
Pacific/Norfolk {"date":"2021-12-14T18:43:31.046+12:00"}
Pacific/Noumea {"date":"2021-12-14T17:43:31.046+11:00"}
Pacific/Pago_Pago {"date":"2021-12-13T19:43:31.046-11:00"}
Pacific/Palau {"date":"2021-12-14T15:43:31.046+09:00"}
Pacific/Pitcairn {"date":"2021-12-13T22:43:31.046-08:00"}
Pacific/Pohnpei {"date":"2021-12-14T17:43:31.046+11:00"}
Pacific/Ponape {"date":"2021-12-14T17:43:31.046+11:00"}
Pacific/Port_Moresby {"date":"2021-12-14T16:43:31.046+10:00"}
Pacific/Rarotonga {"date":"2021-12-13T20:43:31.046-10:00"}
Pacific/Saipan {"date":"2021-12-14T16:43:31.046+10:00"}
Pacific/Samoa {"date":"2021-12-13T19:43:31.046-11:00"}
Pacific/Tahiti {"date":"2021-12-13T20:43:31.046-10:00"}
Pacific/Tarawa {"date":"2021-12-14T18:43:31.046+12:00"}
Pacific/Tongatapu {"date":"2021-12-14T19:43:31.046+13:00"}
Pacific/Truk {"date":"2021-12-14T16:43:31.046+10:00"}
Pacific/Wake {"date":"2021-12-14T18:43:31.046+12:00"}
Pacific/Wallis {"date":"2021-12-14T18:43:31.046+12:00"}
Pacific/Yap {"date":"2021-12-14T16:43:31.046+10:00"}
Poland {"date":"2021-12-14T07:43:31.046+01:00"}
Portugal {"date":"2021-12-14T06:43:31.046Z"}
ROK {"date":"2021-12-14T15:43:31.046+09:00"}
Singapore {"date":"2021-12-14T14:43:31.046+08:00"}
SystemV/AST4 {"date":"2021-12-14T02:43:31.046-04:00"}
SystemV/AST4ADT {"date":"2021-12-14T02:43:31.046-04:00"}
SystemV/CST6 {"date":"2021-12-14T00:43:31.046-06:00"}
SystemV/CST6CDT {"date":"2021-12-14T00:43:31.046-06:00"}
SystemV/EST5 {"date":"2021-12-14T01:43:31.046-05:00"}
SystemV/EST5EDT {"date":"2021-12-14T01:43:31.046-05:00"}
SystemV/HST10 {"date":"2021-12-13T20:43:31.046-10:00"}
SystemV/MST7 {"date":"2021-12-13T23:43:31.046-07:00"}
SystemV/MST7MDT {"date":"2021-12-13T23:43:31.046-07:00"}
SystemV/PST8 {"date":"2021-12-13T22:43:31.047-08:00"}
SystemV/PST8PDT {"date":"2021-12-13T22:43:31.047-08:00"}
SystemV/YST9 {"date":"2021-12-13T21:43:31.047-09:00"}
SystemV/YST9YDT {"date":"2021-12-13T21:43:31.047-09:00"}
Turkey {"date":"2021-12-14T09:43:31.047+03:00"}
UCT {"date":"2021-12-14T06:43:31.047Z"}
US/Alaska {"date":"2021-12-13T21:43:31.047-09:00"}
US/Aleutian {"date":"2021-12-13T20:43:31.047-10:00"}
US/Arizona {"date":"2021-12-13T23:43:31.047-07:00"}
US/Central {"date":"2021-12-14T00:43:31.047-06:00"}
US/East-Indiana {"date":"2021-12-14T01:43:31.047-05:00"}
US/Eastern {"date":"2021-12-14T01:43:31.047-05:00"}
US/Hawaii {"date":"2021-12-13T20:43:31.047-10:00"}
US/Indiana-Starke {"date":"2021-12-14T00:43:31.047-06:00"}
US/Michigan {"date":"2021-12-14T01:43:31.047-05:00"}
US/Mountain {"date":"2021-12-13T23:43:31.047-07:00"}
US/Pacific {"date":"2021-12-13T22:43:31.047-08:00"}
US/Samoa {"date":"2021-12-13T19:43:31.047-11:00"}
UTC {"date":"2021-12-14T06:43:31.047Z"}
Universal {"date":"2021-12-14T06:43:31.047Z"}
W-SU {"date":"2021-12-14T09:43:31.047+03:00"}
WET {"date":"2021-12-14T06:43:31.047Z"}
Zulu {"date":"2021-12-14T06:43:31.047Z"}
EST {"date":"2021-12-14T01:43:31.047-05:00"}
HST {"date":"2021-12-13T20:43:31.047-10:00"}
MST {"date":"2021-12-13T23:43:31.047-07:00"}
ACT {"date":"2021-12-14T16:13:31.047+09:30"}
AET {"date":"2021-12-14T17:43:31.047+11:00"}
AGT {"date":"2021-12-14T03:43:31.047-03:00"}
ART {"date":"2021-12-14T08:43:31.047+02:00"}
AST {"date":"2021-12-13T21:43:31.047-09:00"}
BET {"date":"2021-12-14T03:43:31.047-03:00"}
BST {"date":"2021-12-14T12:43:31.047+06:00"}
CAT {"date":"2021-12-14T08:43:31.047+02:00"}
CNT {"date":"2021-12-14T03:13:31.047-03:30"}
CST {"date":"2021-12-14T00:43:31.047-06:00"}
CTT {"date":"2021-12-14T14:43:31.047+08:00"}
EAT {"date":"2021-12-14T09:43:31.047+03:00"}
ECT {"date":"2021-12-14T07:43:31.047+01:00"}
IET {"date":"2021-12-14T01:43:31.047-05:00"}
IST {"date":"2021-12-14T12:13:31.047+05:30"}
JST {"date":"2021-12-14T15:43:31.047+09:00"}
MIT {"date":"2021-12-14T20:43:31.047+14:00"}
NET {"date":"2021-12-14T10:43:31.047+04:00"}
NST {"date":"2021-12-14T19:43:31.047+13:00"}
PLT {"date":"2021-12-14T11:43:31.047+05:00"}
PNT {"date":"2021-12-13T23:43:31.047-07:00"}
PRT {"date":"2021-12-14T02:43:31.047-04:00"}
PST {"date":"2021-12-13T22:43:31.047-08:00"}
SST {"date":"2021-12-14T17:43:31.047+11:00"}
VST {"date":"2021-12-14T13:43:31.047+07:00"}
]]></system-out>
  </testcase>
</testsuite>